<?xml version="1.0" encoding="UTF-8"?>
<!-- Generated by org.testng.reporters.JUnitXMLReporter -->
<testsuite hostname="Kaneshô1924" name="Surefire test" tests="252" failures="0" timestamp="22 Apr 2024 09:34:11 GMT" time="5.811" errors="0">
  <testcase name="testChangePause" time="0.011" classname="com.github.vitalibo.brickgame.core.ControllerTest"/>
  <testcase name="testChangeSound" time="0.0" classname="com.github.vitalibo.brickgame.core.ControllerTest"/>
  <testcase name="testDelegateKeyPressed" time="0.001" classname="com.github.vitalibo.brickgame.core.ControllerTest"/>
  <testcase name="testDelegateKeyPressed" time="0.0" classname="com.github.vitalibo.brickgame.core.ControllerTest"/>
  <testcase name="testDelegateKeyPressed" time="0.0" classname="com.github.vitalibo.brickgame.core.ControllerTest"/>
  <testcase name="testDelegateKeyPressed" time="0.002" classname="com.github.vitalibo.brickgame.core.ControllerTest"/>
  <testcase name="testDelegateKeyPressed" time="0.001" classname="com.github.vitalibo.brickgame.core.ControllerTest"/>
  <testcase name="testNotDelegateKeyPressed" time="0.0" classname="com.github.vitalibo.brickgame.core.ControllerTest"/>
  <testcase name="testNotDelegateKeyPressed" time="0.001" classname="com.github.vitalibo.brickgame.core.ControllerTest"/>
  <testcase name="testNotDelegateKeyPressed" time="0.0" classname="com.github.vitalibo.brickgame.core.ControllerTest"/>
  <testcase name="testNotDelegateKeyPressed" time="0.001" classname="com.github.vitalibo.brickgame.core.ControllerTest"/>
  <testcase name="testNotDelegateKeyPressed" time="0.001" classname="com.github.vitalibo.brickgame.core.ControllerTest"/>
  <testcase name="testReset" time="0.026" classname="com.github.vitalibo.brickgame.core.ControllerTest"/>
  <testcase name="testCountdown" time="1.006" classname="com.github.vitalibo.brickgame.core.CountdownJobTest"/>
  <testcase name="testKill" time="0.062" classname="com.github.vitalibo.brickgame.core.JobTest"/>
  <testcase name="testPause" time="0.126" classname="com.github.vitalibo.brickgame.core.JobTest"/>
  <testcase name="testJob" time="0.118" classname="com.github.vitalibo.brickgame.core.KernelTest"/>
  <testcase name="testDec" time="0.004" classname="com.github.vitalibo.brickgame.core.NumberTest"/>
  <testcase name="testDec" time="0.0" classname="com.github.vitalibo.brickgame.core.NumberTest"/>
  <testcase name="testDec" time="0.0" classname="com.github.vitalibo.brickgame.core.NumberTest"/>
  <testcase name="testDecStep" time="0.001" classname="com.github.vitalibo.brickgame.core.NumberTest"/>
  <testcase name="testDecStep" time="0.001" classname="com.github.vitalibo.brickgame.core.NumberTest"/>
  <testcase name="testDecStep" time="0.0" classname="com.github.vitalibo.brickgame.core.NumberTest"/>
  <testcase name="testDecStep" time="0.001" classname="com.github.vitalibo.brickgame.core.NumberTest"/>
  <testcase name="testInc" time="0.002" classname="com.github.vitalibo.brickgame.core.NumberTest"/>
  <testcase name="testInc" time="0.0" classname="com.github.vitalibo.brickgame.core.NumberTest"/>
  <testcase name="testInc" time="0.0" classname="com.github.vitalibo.brickgame.core.NumberTest"/>
  <testcase name="testIncStep" time="0.0" classname="com.github.vitalibo.brickgame.core.NumberTest"/>
  <testcase name="testIncStep" time="0.001" classname="com.github.vitalibo.brickgame.core.NumberTest"/>
  <testcase name="testIncStep" time="0.0" classname="com.github.vitalibo.brickgame.core.NumberTest"/>
  <testcase name="testIncStep" time="0.0" classname="com.github.vitalibo.brickgame.core.NumberTest"/>
  <testcase name="testChangeState" time="0.002" classname="com.github.vitalibo.brickgame.core.StateTest"/>
  <testcase name="testChangeState" time="0.0" classname="com.github.vitalibo.brickgame.core.StateTest"/>
  <testcase name="testBrickSize" time="0.007" classname="com.github.vitalibo.brickgame.core.ui.BrickPanelTest"/>
  <testcase name="testDraw" time="0.019" classname="com.github.vitalibo.brickgame.core.ui.BrickPanelTest"/>
  <testcase name="testDraw" time="0.001" classname="com.github.vitalibo.brickgame.core.ui.BrickPanelTest"/>
  <testcase name="testDraw" time="0.001" classname="com.github.vitalibo.brickgame.core.ui.BrickPanelTest"/>
  <testcase name="testDraw" time="0.0" classname="com.github.vitalibo.brickgame.core.ui.BrickPanelTest"/>
  <testcase name="testDraw" time="0.001" classname="com.github.vitalibo.brickgame.core.ui.BrickPanelTest"/>
  <testcase name="testDraw" time="0.001" classname="com.github.vitalibo.brickgame.core.ui.BrickPanelTest"/>
  <testcase name="testDraw" time="0.002" classname="com.github.vitalibo.brickgame.core.ui.BrickPanelTest"/>
  <testcase name="testDraw" time="0.001" classname="com.github.vitalibo.brickgame.core.ui.BrickPanelTest"/>
  <testcase name="testDraw" time="0.001" classname="com.github.vitalibo.brickgame.core.ui.BrickPanelTest"/>
  <testcase name="testDraw" time="0.001" classname="com.github.vitalibo.brickgame.core.ui.BrickPanelTest"/>
  <testcase name="testDraw" time="0.001" classname="com.github.vitalibo.brickgame.core.ui.BrickPanelTest"/>
  <testcase name="testDraw" time="0.001" classname="com.github.vitalibo.brickgame.core.ui.BrickPanelTest"/>
  <testcase name="testDraw" time="0.0" classname="com.github.vitalibo.brickgame.core.ui.BrickPanelTest"/>
  <testcase name="testDraw" time="0.0" classname="com.github.vitalibo.brickgame.core.ui.BrickPanelTest"/>
  <testcase name="testDraw" time="0.0" classname="com.github.vitalibo.brickgame.core.ui.BrickPanelTest"/>
  <testcase name="testDraw" time="0.001" classname="com.github.vitalibo.brickgame.core.ui.BrickPanelTest"/>
  <testcase name="testDraw" time="0.002" classname="com.github.vitalibo.brickgame.core.ui.BrickPanelTest"/>
  <testcase name="testDraw" time="0.001" classname="com.github.vitalibo.brickgame.core.ui.BrickPanelTest"/>
  <testcase name="testDraw" time="0.0" classname="com.github.vitalibo.brickgame.core.ui.BrickPanelTest"/>
  <testcase name="testDraw" time="0.001" classname="com.github.vitalibo.brickgame.core.ui.BrickPanelTest"/>
  <testcase name="testDraw" time="0.003" classname="com.github.vitalibo.brickgame.core.ui.BrickPanelTest"/>
  <testcase name="testDraw" time="0.0" classname="com.github.vitalibo.brickgame.core.ui.BrickPanelTest"/>
  <testcase name="testDraw" time="0.0" classname="com.github.vitalibo.brickgame.core.ui.BrickPanelTest"/>
  <testcase name="testDraw" time="0.001" classname="com.github.vitalibo.brickgame.core.ui.BrickPanelTest"/>
  <testcase name="testDraw" time="0.001" classname="com.github.vitalibo.brickgame.core.ui.BrickPanelTest"/>
  <testcase name="testDraw" time="0.001" classname="com.github.vitalibo.brickgame.core.ui.BrickPanelTest"/>
  <testcase name="testDraw" time="0.0" classname="com.github.vitalibo.brickgame.core.ui.BrickPanelTest"/>
  <testcase name="testDraw" time="0.0" classname="com.github.vitalibo.brickgame.core.ui.BrickPanelTest"/>
  <testcase name="testDraw" time="0.0" classname="com.github.vitalibo.brickgame.core.ui.BrickPanelTest"/>
  <testcase name="testDraw" time="0.002" classname="com.github.vitalibo.brickgame.core.ui.BrickPanelTest"/>
  <testcase name="testDraw" time="0.001" classname="com.github.vitalibo.brickgame.core.ui.BrickPanelTest"/>
  <testcase name="testDraw" time="0.0" classname="com.github.vitalibo.brickgame.core.ui.BrickPanelTest"/>
  <testcase name="testDraw" time="0.0" classname="com.github.vitalibo.brickgame.core.ui.BrickPanelTest"/>
  <testcase name="testDraw" time="0.001" classname="com.github.vitalibo.brickgame.core.ui.BrickPanelTest"/>
  <testcase name="testDraw" time="0.001" classname="com.github.vitalibo.brickgame.core.ui.BrickPanelTest"/>
  <testcase name="testDraw" time="0.0" classname="com.github.vitalibo.brickgame.core.ui.BrickPanelTest"/>
  <testcase name="testDraw" time="0.002" classname="com.github.vitalibo.brickgame.core.ui.BrickPanelTest"/>
  <testcase name="testDraw" time="0.001" classname="com.github.vitalibo.brickgame.core.ui.BrickPanelTest"/>
  <testcase name="testDraw" time="0.001" classname="com.github.vitalibo.brickgame.core.ui.BrickPanelTest"/>
  <testcase name="testDraw" time="0.0" classname="com.github.vitalibo.brickgame.core.ui.BrickPanelTest"/>
  <testcase name="testDraw" time="0.002" classname="com.github.vitalibo.brickgame.core.ui.BrickPanelTest"/>
  <testcase name="testDraw" time="0.0" classname="com.github.vitalibo.brickgame.core.ui.BrickPanelTest"/>
  <testcase name="testDraw" time="0.001" classname="com.github.vitalibo.brickgame.core.ui.BrickPanelTest"/>
  <testcase name="testDraw" time="0.0" classname="com.github.vitalibo.brickgame.core.ui.BrickPanelTest"/>
  <testcase name="testDraw" time="0.001" classname="com.github.vitalibo.brickgame.core.ui.BrickPanelTest"/>
  <testcase name="testDraw" time="0.001" classname="com.github.vitalibo.brickgame.core.ui.BrickPanelTest"/>
  <testcase name="testDraw" time="0.0" classname="com.github.vitalibo.brickgame.core.ui.BrickPanelTest"/>
  <testcase name="testDraw" time="0.0" classname="com.github.vitalibo.brickgame.core.ui.BrickPanelTest"/>
  <testcase name="testDraw" time="0.0" classname="com.github.vitalibo.brickgame.core.ui.BrickPanelTest"/>
  <testcase name="testDraw" time="0.001" classname="com.github.vitalibo.brickgame.core.ui.BrickPanelTest"/>
  <testcase name="testNotRepaint" time="0.0" classname="com.github.vitalibo.brickgame.core.ui.BrickTest"/>
  <testcase name="testPaintState" time="0.051" classname="com.github.vitalibo.brickgame.core.ui.BrickTest"/>
  <testcase name="testPaintState" time="0.0" classname="com.github.vitalibo.brickgame.core.ui.BrickTest"/>
  <testcase name="testRepaint" time="0.0" classname="com.github.vitalibo.brickgame.core.ui.BrickTest"/>
  <testcase name="testNotRepaint" time="0.0" classname="com.github.vitalibo.brickgame.core.ui.DigitTest"/>
  <testcase name="testPaintDigit" time="0.045" classname="com.github.vitalibo.brickgame.core.ui.DigitTest"/>
  <testcase name="testPaintDigit" time="0.0" classname="com.github.vitalibo.brickgame.core.ui.DigitTest"/>
  <testcase name="testPaintDigit" time="0.001" classname="com.github.vitalibo.brickgame.core.ui.DigitTest"/>
  <testcase name="testPaintDigit" time="0.0" classname="com.github.vitalibo.brickgame.core.ui.DigitTest"/>
  <testcase name="testPaintDigit" time="0.0" classname="com.github.vitalibo.brickgame.core.ui.DigitTest"/>
  <testcase name="testPaintDigit" time="0.001" classname="com.github.vitalibo.brickgame.core.ui.DigitTest"/>
  <testcase name="testPaintDigit" time="0.0" classname="com.github.vitalibo.brickgame.core.ui.DigitTest"/>
  <testcase name="testPaintDigit" time="0.0" classname="com.github.vitalibo.brickgame.core.ui.DigitTest"/>
  <testcase name="testPaintDigit" time="0.001" classname="com.github.vitalibo.brickgame.core.ui.DigitTest"/>
  <testcase name="testPaintDigit" time="0.0" classname="com.github.vitalibo.brickgame.core.ui.DigitTest"/>
  <testcase name="testRepaint" time="0.001" classname="com.github.vitalibo.brickgame.core.ui.DigitTest"/>
  <testcase name="testRepaint" time="0.0" classname="com.github.vitalibo.brickgame.core.ui.DigitTest"/>
  <testcase name="testRepaint" time="0.0" classname="com.github.vitalibo.brickgame.core.ui.DigitTest"/>
  <testcase name="testRepaint" time="0.001" classname="com.github.vitalibo.brickgame.core.ui.DigitTest"/>
  <testcase name="testRepaint" time="0.001" classname="com.github.vitalibo.brickgame.core.ui.DigitTest"/>
  <testcase name="testRepaint" time="0.0" classname="com.github.vitalibo.brickgame.core.ui.DigitTest"/>
  <testcase name="testRepaint" time="0.0" classname="com.github.vitalibo.brickgame.core.ui.DigitTest"/>
  <testcase name="testRepaint" time="0.0" classname="com.github.vitalibo.brickgame.core.ui.DigitTest"/>
  <testcase name="testRepaint" time="0.0" classname="com.github.vitalibo.brickgame.core.ui.DigitTest"/>
  <testcase name="testRepaint" time="0.001" classname="com.github.vitalibo.brickgame.core.ui.DigitTest"/>
  <testcase name="testSetIllegalValue" time="0.0" classname="com.github.vitalibo.brickgame.core.ui.DigitTest"/>
  <testcase name="testSetIllegalValue" time="0.0" classname="com.github.vitalibo.brickgame.core.ui.DigitTest"/>
  <testcase name="testNotRepaint" time="0.0" classname="com.github.vitalibo.brickgame.core.ui.IconPanelTest"/>
  <testcase name="testNotRepaint" time="0.001" classname="com.github.vitalibo.brickgame.core.ui.IconPanelTest"/>
  <testcase name="testRepaint" time="0.0" classname="com.github.vitalibo.brickgame.core.ui.IconPanelTest"/>
  <testcase name="testRepaint" time="0.0" classname="com.github.vitalibo.brickgame.core.ui.IconPanelTest"/>
  <testcase name="testDigitSequence" time="0.004" classname="com.github.vitalibo.brickgame.core.ui.NumberPanelTest"/>
  <testcase name="testDigitSequence" time="0.0" classname="com.github.vitalibo.brickgame.core.ui.NumberPanelTest"/>
  <testcase name="testDigitSequence" time="0.0" classname="com.github.vitalibo.brickgame.core.ui.NumberPanelTest"/>
  <testcase name="testOverflowValue" time="0.0" classname="com.github.vitalibo.brickgame.core.ui.NumberPanelTest"/>
  <testcase name="testOverflowValue" time="0.001" classname="com.github.vitalibo.brickgame.core.ui.NumberPanelTest"/>
  <testcase name="testOverflowValue" time="0.0" classname="com.github.vitalibo.brickgame.core.ui.NumberPanelTest"/>
  <testcase name="testOverflowValue" time="0.0" classname="com.github.vitalibo.brickgame.core.ui.NumberPanelTest"/>
  <testcase name="testSetIllegalValue" time="0.0" classname="com.github.vitalibo.brickgame.core.ui.NumberPanelTest"/>
  <testcase name="cleanUp" time="0.001" classname="com.github.vitalibo.brickgame.game.LifeTest"/>
  <testcase name="testNotRepaint" time="0.0" classname="com.github.vitalibo.brickgame.game.LifeTest"/>
  <testcase name="testRepaint" time="0.0" classname="com.github.vitalibo.brickgame.game.LifeTest"/>
  <testcase name="testRepaint" time="0.001" classname="com.github.vitalibo.brickgame.game.LifeTest"/>
  <testcase name="testRepaint" time="0.0" classname="com.github.vitalibo.brickgame.game.LifeTest"/>
  <testcase name="testRepaint" time="0.0" classname="com.github.vitalibo.brickgame.game.LifeTest"/>
  <testcase name="testRepaint" time="0.001" classname="com.github.vitalibo.brickgame.game.LifeTest"/>
  <testcase name="testMoveDown" time="0.0" classname="com.github.vitalibo.brickgame.game.PointTest"/>
  <testcase name="testMoveDown" time="0.0" classname="com.github.vitalibo.brickgame.game.PointTest"/>
  <testcase name="testMoveLeft" time="0.0" classname="com.github.vitalibo.brickgame.game.PointTest"/>
  <testcase name="testMoveLeft" time="0.0" classname="com.github.vitalibo.brickgame.game.PointTest"/>
  <testcase name="testMoveRight" time="0.0" classname="com.github.vitalibo.brickgame.game.PointTest"/>
  <testcase name="testMoveRight" time="0.0" classname="com.github.vitalibo.brickgame.game.PointTest"/>
  <testcase name="testMoveUp" time="0.001" classname="com.github.vitalibo.brickgame.game.PointTest"/>
  <testcase name="testMoveUp" time="0.0" classname="com.github.vitalibo.brickgame.game.PointTest"/>
  <testcase name="testVerifyFailed" time="0.0" classname="com.github.vitalibo.brickgame.game.PointTest"/>
  <testcase name="testVerifyFailed" time="0.0" classname="com.github.vitalibo.brickgame.game.PointTest"/>
  <testcase name="testVerifyFailed" time="0.0" classname="com.github.vitalibo.brickgame.game.PointTest"/>
  <testcase name="testVerifyFailed" time="0.0" classname="com.github.vitalibo.brickgame.game.PointTest"/>
  <testcase name="testVerifyPassed" time="0.0" classname="com.github.vitalibo.brickgame.game.PointTest"/>
  <testcase name="testVerifyPassed" time="0.0" classname="com.github.vitalibo.brickgame.game.PointTest"/>
  <testcase name="testCarCrashed" time="0.001" classname="com.github.vitalibo.brickgame.game.race.CarTest"/>
  <testcase name="testDown" time="0.002" classname="com.github.vitalibo.brickgame.game.race.CarTest"/>
  <testcase name="testLeft" time="0.0" classname="com.github.vitalibo.brickgame.game.race.CarTest"/>
  <testcase name="testRight" time="0.0" classname="com.github.vitalibo.brickgame.game.race.CarTest"/>
  <testcase name="testVerifyPassed" time="0.001" classname="com.github.vitalibo.brickgame.game.race.CarTest"/>
  <testcase name="testDown" time="0.0" classname="com.github.vitalibo.brickgame.game.race.RoadTest"/>
  <testcase name="testShapeEquals" time="0.0" classname="com.github.vitalibo.brickgame.game.ShapeTest"/>
  <testcase name="testShapeEquals" time="0.0" classname="com.github.vitalibo.brickgame.game.ShapeTest"/>
  <testcase name="testHasNotWin" time="0.001" classname="com.github.vitalibo.brickgame.game.shoot.ArmyTest"/>
  <testcase name="testHasWin" time="0.001" classname="com.github.vitalibo.brickgame.game.shoot.ArmyTest"/>
  <testcase name="testKillEnemy" time="0.0" classname="com.github.vitalibo.brickgame.game.shoot.ArmyTest"/>
  <testcase name="testMakeAttack" time="0.001" classname="com.github.vitalibo.brickgame.game.shoot.ArmyTest"/>
  <testcase name="testReverse" time="0.001" classname="com.github.vitalibo.brickgame.game.snake.DirectionTest"/>
  <testcase name="testReverse" time="0.0" classname="com.github.vitalibo.brickgame.game.snake.DirectionTest"/>
  <testcase name="testReverse" time="0.0" classname="com.github.vitalibo.brickgame.game.snake.DirectionTest"/>
  <testcase name="testReverse" time="0.0" classname="com.github.vitalibo.brickgame.game.snake.DirectionTest"/>
  <testcase name="testReverse" time="0.0" classname="com.github.vitalibo.brickgame.game.snake.DirectionTest"/>
  <testcase name="testCrashOnBorder" time="0.001" classname="com.github.vitalibo.brickgame.game.snake.MapTest"/>
  <testcase name="testCrashOnBorder" time="0.0" classname="com.github.vitalibo.brickgame.game.snake.MapTest"/>
  <testcase name="testCrashOnBorder" time="0.0" classname="com.github.vitalibo.brickgame.game.snake.MapTest"/>
  <testcase name="testCrashOnBorder" time="0.0" classname="com.github.vitalibo.brickgame.game.snake.MapTest"/>
  <testcase name="testLoadingMap" time="0.0" classname="com.github.vitalibo.brickgame.game.snake.MapTest"/>
  <testcase name="testLoadingMap" time="0.001" classname="com.github.vitalibo.brickgame.game.snake.MapTest"/>
  <testcase name="testLoadingMap" time="0.001" classname="com.github.vitalibo.brickgame.game.snake.MapTest"/>
  <testcase name="testLoadingMap" time="0.0" classname="com.github.vitalibo.brickgame.game.snake.MapTest"/>
  <testcase name="testLoadingMap" time="0.001" classname="com.github.vitalibo.brickgame.game.snake.MapTest"/>
  <testcase name="testLoadingMap" time="0.001" classname="com.github.vitalibo.brickgame.game.snake.MapTest"/>
  <testcase name="testLoadingMap" time="0.001" classname="com.github.vitalibo.brickgame.game.snake.MapTest"/>
  <testcase name="testLoadingMap" time="0.0" classname="com.github.vitalibo.brickgame.game.snake.MapTest"/>
  <testcase name="testLoadingMap" time="0.0" classname="com.github.vitalibo.brickgame.game.snake.MapTest"/>
  <testcase name="testLoadingMap" time="0.002" classname="com.github.vitalibo.brickgame.game.snake.MapTest"/>
  <testcase name="testLoadingMap" time="0.0" classname="com.github.vitalibo.brickgame.game.snake.MapTest"/>
  <testcase name="testLoadingMap" time="0.001" classname="com.github.vitalibo.brickgame.game.snake.MapTest"/>
  <testcase name="testLoadingMap" time="0.0" classname="com.github.vitalibo.brickgame.game.snake.MapTest"/>
  <testcase name="testLoadingMap" time="0.001" classname="com.github.vitalibo.brickgame.game.snake.MapTest"/>
  <testcase name="testLoadingMap" time="0.001" classname="com.github.vitalibo.brickgame.game.snake.MapTest"/>
  <testcase name="testLoadingMap" time="0.002" classname="com.github.vitalibo.brickgame.game.snake.MapTest"/>
  <testcase name="testUnmodifiableList" time="0.0" classname="com.github.vitalibo.brickgame.game.snake.MapTest"/>
  <testcase name="testVerifyPassed" time="0.0" classname="com.github.vitalibo.brickgame.game.snake.MapTest"/>
  <testcase name="testVerifyPassed" time="0.0" classname="com.github.vitalibo.brickgame.game.snake.MapTest"/>
  <testcase name="testVerifyPassed" time="0.0" classname="com.github.vitalibo.brickgame.game.snake.MapTest"/>
  <testcase name="testVerifyPassed" time="0.001" classname="com.github.vitalibo.brickgame.game.snake.MapTest"/>
  <testcase name="testEatMouse" time="0.0" classname="com.github.vitalibo.brickgame.game.snake.MouseTest"/>
  <testcase name="testNextPoint" time="0.001" classname="com.github.vitalibo.brickgame.game.snake.MouseTest"/>
  <testcase name="testNextPoint" time="0.003" classname="com.github.vitalibo.brickgame.game.snake.MouseTest"/>
  <testcase name="testNextPoint" time="0.0" classname="com.github.vitalibo.brickgame.game.snake.MouseTest"/>
  <testcase name="testNextPoint" time="0.0" classname="com.github.vitalibo.brickgame.game.snake.MouseTest"/>
  <testcase name="testNextPoint" time="0.001" classname="com.github.vitalibo.brickgame.game.snake.MouseTest"/>
  <testcase name="testNextPoint" time="0.0" classname="com.github.vitalibo.brickgame.game.snake.MouseTest"/>
  <testcase name="testNextPoint" time="0.001" classname="com.github.vitalibo.brickgame.game.snake.MouseTest"/>
  <testcase name="testNextPoint" time="0.0" classname="com.github.vitalibo.brickgame.game.snake.MouseTest"/>
  <testcase name="testNextPoint" time="0.002" classname="com.github.vitalibo.brickgame.game.snake.MouseTest"/>
  <testcase name="testNextPoint" time="0.0" classname="com.github.vitalibo.brickgame.game.snake.MouseTest"/>
  <testcase name="testNextPoint" time="0.0" classname="com.github.vitalibo.brickgame.game.snake.MouseTest"/>
  <testcase name="testNextPoint" time="0.001" classname="com.github.vitalibo.brickgame.game.snake.MouseTest"/>
  <testcase name="testNextPoint" time="0.0" classname="com.github.vitalibo.brickgame.game.snake.MouseTest"/>
  <testcase name="testNextPoint" time="0.001" classname="com.github.vitalibo.brickgame.game.snake.MouseTest"/>
  <testcase name="testNextPoint" time="0.001" classname="com.github.vitalibo.brickgame.game.snake.MouseTest"/>
  <testcase name="testNextPoint" time="0.0" classname="com.github.vitalibo.brickgame.game.snake.MouseTest"/>
  <testcase name="testNextPoint" time="0.0" classname="com.github.vitalibo.brickgame.game.snake.MouseTest"/>
  <testcase name="testNextPoint" time="0.0" classname="com.github.vitalibo.brickgame.game.snake.MouseTest"/>
  <testcase name="testNextPoint" time="0.0" classname="com.github.vitalibo.brickgame.game.snake.MouseTest"/>
  <testcase name="testNextPoint" time="0.0" classname="com.github.vitalibo.brickgame.game.snake.MouseTest"/>
  <testcase name="testStream" time="0.0" classname="com.github.vitalibo.brickgame.game.snake.MouseTest"/>
  <testcase name="testEatSelf" time="0.002" classname="com.github.vitalibo.brickgame.game.snake.SnakeTest"/>
  <testcase name="testEatSelf" time="0.0" classname="com.github.vitalibo.brickgame.game.snake.SnakeTest"/>
  <testcase name="testHead" time="0.001" classname="com.github.vitalibo.brickgame.game.snake.SnakeTest"/>
  <testcase name="testInit" time="0.0" classname="com.github.vitalibo.brickgame.game.snake.SnakeTest"/>
  <testcase name="testVerifyPassed" time="0.0" classname="com.github.vitalibo.brickgame.game.snake.SnakeTest"/>
  <testcase name="testVerifyPassed" time="0.0" classname="com.github.vitalibo.brickgame.game.snake.SnakeTest"/>
  <testcase name="testCanDoDown" time="0.005" classname="com.github.vitalibo.brickgame.game.tanks.BattlefieldTest"/>
  <testcase name="testCanDoLeft" time="0.0" classname="com.github.vitalibo.brickgame.game.tanks.BattlefieldTest"/>
  <testcase name="testCanDoRight" time="0.001" classname="com.github.vitalibo.brickgame.game.tanks.BattlefieldTest"/>
  <testcase name="testCanDoUp" time="0.0" classname="com.github.vitalibo.brickgame.game.tanks.BattlefieldTest"/>
  <testcase name="testDown" time="0.0" classname="com.github.vitalibo.brickgame.game.tanks.DirectionTest"/>
  <testcase name="testLeft" time="0.0" classname="com.github.vitalibo.brickgame.game.tanks.DirectionTest"/>
  <testcase name="testRight" time="0.0" classname="com.github.vitalibo.brickgame.game.tanks.DirectionTest"/>
  <testcase name="testUp" time="0.0" classname="com.github.vitalibo.brickgame.game.tanks.DirectionTest"/>
  <testcase name="testAdd" time="0.006" classname="com.github.vitalibo.brickgame.game.tetris.BoardTest"/>
  <testcase name="testCleanUp" time="0.003" classname="com.github.vitalibo.brickgame.game.tetris.BoardTest"/>
  <testcase name="testInit" time="0.001" classname="com.github.vitalibo.brickgame.game.tetris.BoardTest"/>
  <testcase name="testInit" time="0.002" classname="com.github.vitalibo.brickgame.game.tetris.BoardTest"/>
  <testcase name="testInit" time="0.0" classname="com.github.vitalibo.brickgame.game.tetris.BoardTest"/>
  <testcase name="testInit" time="0.0" classname="com.github.vitalibo.brickgame.game.tetris.BoardTest"/>
  <testcase name="testIsFull" time="0.0" classname="com.github.vitalibo.brickgame.game.tetris.BoardTest"/>
  <testcase name="testVerify" time="0.001" classname="com.github.vitalibo.brickgame.game.tetris.BoardTest"/>
  <testcase name="testCreate" time="0.0" classname="com.github.vitalibo.brickgame.game.tetris.tetromino.FactoryTest"/>
  <testcase name="testCreate" time="0.0" classname="com.github.vitalibo.brickgame.game.tetris.tetromino.FactoryTest"/>
  <testcase name="testCreate" time="0.0" classname="com.github.vitalibo.brickgame.game.tetris.tetromino.FactoryTest"/>
  <testcase name="testCreate" time="0.001" classname="com.github.vitalibo.brickgame.game.tetris.tetromino.FactoryTest"/>
  <testcase name="testCreate" time="0.0" classname="com.github.vitalibo.brickgame.game.tetris.tetromino.FactoryTest"/>
  <testcase name="testCreate" time="0.0" classname="com.github.vitalibo.brickgame.game.tetris.tetromino.FactoryTest"/>
  <testcase name="testCreate" time="0.0" classname="com.github.vitalibo.brickgame.game.tetris.tetromino.FactoryTest"/>
  <testcase name="testGenerate" time="0.0" classname="com.github.vitalibo.brickgame.game.tetris.tetromino.FactoryTest"/>
  <testcase name="testGenerate" time="0.0" classname="com.github.vitalibo.brickgame.game.tetris.tetromino.FactoryTest"/>
  <testcase name="testGenerate" time="0.0" classname="com.github.vitalibo.brickgame.game.tetris.tetromino.FactoryTest"/>
  <testcase name="testGenerate" time="0.0" classname="com.github.vitalibo.brickgame.game.tetris.tetromino.FactoryTest"/>
  <testcase name="testGenerate" time="0.0" classname="com.github.vitalibo.brickgame.game.tetris.tetromino.FactoryTest"/>
  <testcase name="testGenerate" time="0.0" classname="com.github.vitalibo.brickgame.game.tetris.tetromino.FactoryTest"/>
  <testcase name="testGenerate" time="0.0" classname="com.github.vitalibo.brickgame.game.tetris.tetromino.FactoryTest"/>
  <testcase name="testToArray" time="0.0" classname="com.github.vitalibo.brickgame.util.BooleanCollectorTest"/>
  <testcase name="testToTwoDimensionalArray" time="0.001" classname="com.github.vitalibo.brickgame.util.BooleanCollectorTest"/>
  <testcase name="testMap" time="0.001" classname="com.github.vitalibo.brickgame.util.BuilderTest"/>
  <testcase name="testWith" time="0.0" classname="com.github.vitalibo.brickgame.util.BuilderTest"/>
  <testcase name="testFrom" time="0.001" classname="com.github.vitalibo.brickgame.util.CanvasTranslatorTest"/>
  <testcase name="testFromStream" time="0.002" classname="com.github.vitalibo.brickgame.util.CanvasTranslatorTest"/>
  <testcase name="testFromStream" time="0.0" classname="com.github.vitalibo.brickgame.util.CanvasTranslatorTest"/>
  <testcase name="testFromStream" time="0.0" classname="com.github.vitalibo.brickgame.util.CanvasTranslatorTest"/>
</testsuite> <!-- Surefire test -->
