<?xml version="1.0" encoding="UTF-8"?>
<testsuite xmlns:xsi="http://www.w3.org/2001/XMLSchema-instance" xsi:noNamespaceSchemaLocation="https://maven.apache.org/surefire/maven-surefire-plugin/xsd/surefire-test-report-3.0.xsd" version="3.0" name="TestSuite" time="8.599" tests="252" errors="0" skipped="0" failures="0">
  <properties>
[...]
</properties>
  <testcase name="testChangePause" classname="com.github.vitalibo.brickgame.core.ControllerTest" time="0.012"/>
  <testcase name="testChangeSound" classname="com.github.vitalibo.brickgame.core.ControllerTest" time="0.0"/>
  <testcase name="testDelegateKeyPressed[38, com.github.vitalibo.brickgame.core.ControllerTest$$Lambda$12/2651029@1980a3f](1)" classname="com.github.vitalibo.brickgame.core.ControllerTest" time="0.002"/>
  <testcase name="testDelegateKeyPressed[40, com.github.vitalibo.brickgame.core.ControllerTest$$Lambda$13/22696332@138856f](2)" classname="com.github.vitalibo.brickgame.core.ControllerTest" time="0.001"/>
  <testcase name="testDelegateKeyPressed[37, com.github.vitalibo.brickgame.core.ControllerTest$$Lambda$14/16351670@1fae028](3)" classname="com.github.vitalibo.brickgame.core.ControllerTest" time="0.0"/>
  <testcase name="testDelegateKeyPressed[39, com.github.vitalibo.brickgame.core.ControllerTest$$Lambda$15/4894200@d52be7](4)" classname="com.github.vitalibo.brickgame.core.ControllerTest" time="0.002"/>
  <testcase name="testDelegateKeyPressed[32, com.github.vitalibo.brickgame.core.ControllerTest$$Lambda$16/29345279@aeaf29](5)" classname="com.github.vitalibo.brickgame.core.ControllerTest" time="0.001"/>
  <testcase name="testNotDelegateKeyPressed[38, com.github.vitalibo.brickgame.core.ControllerTest$$Lambda$12/2651029@1980a3f](1)" classname="com.github.vitalibo.brickgame.core.ControllerTest" time="0.0"/>
  <testcase name="testNotDelegateKeyPressed[40, com.github.vitalibo.brickgame.core.ControllerTest$$Lambda$13/22696332@138856f](2)" classname="com.github.vitalibo.brickgame.core.ControllerTest" time="0.001"/>
  <testcase name="testNotDelegateKeyPressed[37, com.github.vitalibo.brickgame.core.ControllerTest$$Lambda$14/16351670@1fae028](3)" classname="com.github.vitalibo.brickgame.core.ControllerTest" time="0.0"/>
  <testcase name="testNotDelegateKeyPressed[39, com.github.vitalibo.brickgame.core.ControllerTest$$Lambda$15/4894200@d52be7](4)" classname="com.github.vitalibo.brickgame.core.ControllerTest" time="0.001"/>
  <testcase name="testNotDelegateKeyPressed[32, com.github.vitalibo.brickgame.core.ControllerTest$$Lambda$16/29345279@aeaf29](5)" classname="com.github.vitalibo.brickgame.core.ControllerTest" time="0.0"/>
  <testcase name="testReset" classname="com.github.vitalibo.brickgame.core.ControllerTest" time="0.026"/>
  <testcase name="testCountdown" classname="com.github.vitalibo.brickgame.core.CountdownJobTest" time="1.011"/>
  <testcase name="testKill" classname="com.github.vitalibo.brickgame.core.JobTest" time="0.061"/>
  <testcase name="testPause" classname="com.github.vitalibo.brickgame.core.JobTest" time="0.126"/>
  <testcase name="testJob" classname="com.github.vitalibo.brickgame.core.KernelTest" time="0.12"/>
  <testcase name="testDec[0, 1](1)" classname="com.github.vitalibo.brickgame.core.NumberTest" time="0.001"/>
  <testcase name="testDec[100, 101](2)" classname="com.github.vitalibo.brickgame.core.NumberTest" time="0.0"/>
  <testcase name="testDec[12345, 12346](3)" classname="com.github.vitalibo.brickgame.core.NumberTest" time="0.0"/>
  <testcase name="testDecStep[5, 1, 6](1)" classname="com.github.vitalibo.brickgame.core.NumberTest" time="0.001"/>
  <testcase name="testDecStep[100, 12345, 12445](2)" classname="com.github.vitalibo.brickgame.core.NumberTest" time="0.0"/>
  <testcase name="testDecStep[12345, 12345, 24690](3)" classname="com.github.vitalibo.brickgame.core.NumberTest" time="0.002"/>
  <testcase name="testDecStep[54321, 12345, 66666](4)" classname="com.github.vitalibo.brickgame.core.NumberTest" time="0.0"/>
  <testcase name="testInc[0, 1](1)" classname="com.github.vitalibo.brickgame.core.NumberTest" time="0.002"/>
  <testcase name="testInc[100, 101](2)" classname="com.github.vitalibo.brickgame.core.NumberTest" time="0.0"/>
  <testcase name="testInc[12345, 12346](3)" classname="com.github.vitalibo.brickgame.core.NumberTest" time="0.0"/>
  <testcase name="testIncStep[5, 1, 6](1)" classname="com.github.vitalibo.brickgame.core.NumberTest" time="0.0"/>
  <testcase name="testIncStep[100, 12345, 12445](2)" classname="com.github.vitalibo.brickgame.core.NumberTest" time="0.0"/>
  <testcase name="testIncStep[12345, 12345, 24690](3)" classname="com.github.vitalibo.brickgame.core.NumberTest" time="0.0"/>
  <testcase name="testIncStep[54321, 12345, 66666](4)" classname="com.github.vitalibo.brickgame.core.NumberTest" time="0.0"/>
  <testcase name="testChangeState[true](1)" classname="com.github.vitalibo.brickgame.core.StateTest" time="0.002"/>
  <testcase name="testChangeState[false](2)" classname="com.github.vitalibo.brickgame.core.StateTest" time="0.0"/>
  <testcase name="testBrickSize" classname="com.github.vitalibo.brickgame.core.ui.BrickPanelTest" time="0.007"/>
  <testcase name="testDraw[0, 0](1)" classname="com.github.vitalibo.brickgame.core.ui.BrickPanelTest" time="0.018"/>
  <testcase name="testDraw[0, 1](2)" classname="com.github.vitalibo.brickgame.core.ui.BrickPanelTest" time="0.001"/>
  <testcase name="testDraw[0, 2](3)" classname="com.github.vitalibo.brickgame.core.ui.BrickPanelTest" time="0.0"/>
  <testcase name="testDraw[0, 3](4)" classname="com.github.vitalibo.brickgame.core.ui.BrickPanelTest" time="0.0"/>
  <testcase name="testDraw[0, 4](5)" classname="com.github.vitalibo.brickgame.core.ui.BrickPanelTest" time="0.001"/>
  <testcase name="testDraw[1, 0](6)" classname="com.github.vitalibo.brickgame.core.ui.BrickPanelTest" time="0.0"/>
  <testcase name="testDraw[1, 1](7)" classname="com.github.vitalibo.brickgame.core.ui.BrickPanelTest" time="0.002"/>
  <testcase name="testDraw[1, 2](8)" classname="com.github.vitalibo.brickgame.core.ui.BrickPanelTest" time="0.0"/>
  <testcase name="testDraw[1, 3](9)" classname="com.github.vitalibo.brickgame.core.ui.BrickPanelTest" time="0.0"/>
  <testcase name="testDraw[1, 4](10)" classname="com.github.vitalibo.brickgame.core.ui.BrickPanelTest" time="0.0"/>
  <testcase name="testDraw[2, 0](11)" classname="com.github.vitalibo.brickgame.core.ui.BrickPanelTest" time="0.0"/>
  <testcase name="testDraw[2, 1](12)" classname="com.github.vitalibo.brickgame.core.ui.BrickPanelTest" time="0.0"/>
  <testcase name="testDraw[2, 2](13)" classname="com.github.vitalibo.brickgame.core.ui.BrickPanelTest" time="0.0"/>
  <testcase name="testDraw[2, 3](14)" classname="com.github.vitalibo.brickgame.core.ui.BrickPanelTest" time="0.0"/>
  <testcase name="testDraw[2, 4](15)" classname="com.github.vitalibo.brickgame.core.ui.BrickPanelTest" time="0.0"/>
  <testcase name="testDraw[3, 0](16)" classname="com.github.vitalibo.brickgame.core.ui.BrickPanelTest" time="0.0"/>
  <testcase name="testDraw[3, 1](17)" classname="com.github.vitalibo.brickgame.core.ui.BrickPanelTest" time="0.001"/>
  <testcase name="testDraw[3, 2](18)" classname="com.github.vitalibo.brickgame.core.ui.BrickPanelTest" time="0.001"/>
  <testcase name="testDraw[3, 3](19)" classname="com.github.vitalibo.brickgame.core.ui.BrickPanelTest" time="0.001"/>
  <testcase name="testDraw[3, 4](20)" classname="com.github.vitalibo.brickgame.core.ui.BrickPanelTest" time="0.001"/>
  <testcase name="testDraw[4, 0](21)" classname="com.github.vitalibo.brickgame.core.ui.BrickPanelTest" time="0.0"/>
  <testcase name="testDraw[4, 1](22)" classname="com.github.vitalibo.brickgame.core.ui.BrickPanelTest" time="0.0"/>
  <testcase name="testDraw[4, 2](23)" classname="com.github.vitalibo.brickgame.core.ui.BrickPanelTest" time="0.0"/>
  <testcase name="testDraw[4, 3](24)" classname="com.github.vitalibo.brickgame.core.ui.BrickPanelTest" time="0.0"/>
  <testcase name="testDraw[4, 4](25)" classname="com.github.vitalibo.brickgame.core.ui.BrickPanelTest" time="0.0"/>
  <testcase name="testDraw[5, 0](26)" classname="com.github.vitalibo.brickgame.core.ui.BrickPanelTest" time="0.001"/>
  <testcase name="testDraw[5, 1](27)" classname="com.github.vitalibo.brickgame.core.ui.BrickPanelTest" time="0.0"/>
  <testcase name="testDraw[5, 2](28)" classname="com.github.vitalibo.brickgame.core.ui.BrickPanelTest" time="0.0"/>
  <testcase name="testDraw[5, 3](29)" classname="com.github.vitalibo.brickgame.core.ui.BrickPanelTest" time="0.0"/>
  <testcase name="testDraw[5, 4](30)" classname="com.github.vitalibo.brickgame.core.ui.BrickPanelTest" time="0.0"/>
  <testcase name="testDraw[6, 0](31)" classname="com.github.vitalibo.brickgame.core.ui.BrickPanelTest" time="0.0"/>
  <testcase name="testDraw[6, 1](32)" classname="com.github.vitalibo.brickgame.core.ui.BrickPanelTest" time="0.0"/>
  <testcase name="testDraw[6, 2](33)" classname="com.github.vitalibo.brickgame.core.ui.BrickPanelTest" time="0.0"/>
  <testcase name="testDraw[6, 3](34)" classname="com.github.vitalibo.brickgame.core.ui.BrickPanelTest" time="0.0"/>
  <testcase name="testDraw[6, 4](35)" classname="com.github.vitalibo.brickgame.core.ui.BrickPanelTest" time="0.0"/>
  <testcase name="testDraw[7, 0](36)" classname="com.github.vitalibo.brickgame.core.ui.BrickPanelTest" time="0.0"/>
  <testcase name="testDraw[7, 1](37)" classname="com.github.vitalibo.brickgame.core.ui.BrickPanelTest" time="0.0"/>
  <testcase name="testDraw[7, 2](38)" classname="com.github.vitalibo.brickgame.core.ui.BrickPanelTest" time="0.0"/>
  <testcase name="testDraw[7, 3](39)" classname="com.github.vitalibo.brickgame.core.ui.BrickPanelTest" time="0.0"/>
  <testcase name="testDraw[7, 4](40)" classname="com.github.vitalibo.brickgame.core.ui.BrickPanelTest" time="0.0"/>
  <testcase name="testDraw[8, 0](41)" classname="com.github.vitalibo.brickgame.core.ui.BrickPanelTest" time="0.0"/>
  <testcase name="testDraw[8, 1](42)" classname="com.github.vitalibo.brickgame.core.ui.BrickPanelTest" time="0.0"/>
  <testcase name="testDraw[8, 2](43)" classname="com.github.vitalibo.brickgame.core.ui.BrickPanelTest" time="0.0"/>
  <testcase name="testDraw[8, 3](44)" classname="com.github.vitalibo.brickgame.core.ui.BrickPanelTest" time="0.001"/>
  <testcase name="testDraw[8, 4](45)" classname="com.github.vitalibo.brickgame.core.ui.BrickPanelTest" time="0.0"/>
  <testcase name="testDraw[9, 0](46)" classname="com.github.vitalibo.brickgame.core.ui.BrickPanelTest" time="0.0"/>
  <testcase name="testDraw[9, 1](47)" classname="com.github.vitalibo.brickgame.core.ui.BrickPanelTest" time="0.0"/>
  <testcase name="testDraw[9, 2](48)" classname="com.github.vitalibo.brickgame.core.ui.BrickPanelTest" time="0.0"/>
  <testcase name="testDraw[9, 3](49)" classname="com.github.vitalibo.brickgame.core.ui.BrickPanelTest" time="0.0"/>
  <testcase name="testDraw[9, 4](50)" classname="com.github.vitalibo.brickgame.core.ui.BrickPanelTest" time="0.0"/>
  <testcase name="testNotRepaint" classname="com.github.vitalibo.brickgame.core.ui.BrickTest" time="0.0"/>
  <testcase name="testPaintState[false, java.awt.Color[r=97,g=112,b=91]](1)" classname="com.github.vitalibo.brickgame.core.ui.BrickTest" time="0.052"/>
  <testcase name="testPaintState[true, java.awt.Color[r=0,g=0,b=0]](2)" classname="com.github.vitalibo.brickgame.core.ui.BrickTest" time="0.001"/>
  <testcase name="testRepaint" classname="com.github.vitalibo.brickgame.core.ui.BrickTest" time="0.0"/>
  <testcase name="testNotRepaint" classname="com.github.vitalibo.brickgame.core.ui.DigitTest" time="0.0"/>
  <testcase name="testPaintDigit[0](1)" classname="com.github.vitalibo.brickgame.core.ui.DigitTest" time="0.045"/>
  <testcase name="testPaintDigit[1](2)" classname="com.github.vitalibo.brickgame.core.ui.DigitTest" time="0.0"/>
  <testcase name="testPaintDigit[2](3)" classname="com.github.vitalibo.brickgame.core.ui.DigitTest" time="0.001"/>
  <testcase name="testPaintDigit[3](4)" classname="com.github.vitalibo.brickgame.core.ui.DigitTest" time="0.0"/>
  <testcase name="testPaintDigit[4](5)" classname="com.github.vitalibo.brickgame.core.ui.DigitTest" time="0.0"/>
  <testcase name="testPaintDigit[5](6)" classname="com.github.vitalibo.brickgame.core.ui.DigitTest" time="0.001"/>
  <testcase name="testPaintDigit[6](7)" classname="com.github.vitalibo.brickgame.core.ui.DigitTest" time="0.0"/>
  <testcase name="testPaintDigit[7](8)" classname="com.github.vitalibo.brickgame.core.ui.DigitTest" time="0.0"/>
  <testcase name="testPaintDigit[8](9)" classname="com.github.vitalibo.brickgame.core.ui.DigitTest" time="0.001"/>
  <testcase name="testPaintDigit[9](10)" classname="com.github.vitalibo.brickgame.core.ui.DigitTest" time="0.0"/>
  <testcase name="testRepaint[0](1)" classname="com.github.vitalibo.brickgame.core.ui.DigitTest" time="0.001"/>
  <testcase name="testRepaint[1](2)" classname="com.github.vitalibo.brickgame.core.ui.DigitTest" time="0.0"/>
  <testcase name="testRepaint[2](3)" classname="com.github.vitalibo.brickgame.core.ui.DigitTest" time="0.0"/>
  <testcase name="testRepaint[3](4)" classname="com.github.vitalibo.brickgame.core.ui.DigitTest" time="0.001"/>
  <testcase name="testRepaint[4](5)" classname="com.github.vitalibo.brickgame.core.ui.DigitTest" time="0.001"/>
  <testcase name="testRepaint[5](6)" classname="com.github.vitalibo.brickgame.core.ui.DigitTest" time="0.0"/>
  <testcase name="testRepaint[6](7)" classname="com.github.vitalibo.brickgame.core.ui.DigitTest" time="0.001"/>
  <testcase name="testRepaint[7](8)" classname="com.github.vitalibo.brickgame.core.ui.DigitTest" time="0.0"/>
  <testcase name="testRepaint[8](9)" classname="com.github.vitalibo.brickgame.core.ui.DigitTest" time="0.0"/>
  <testcase name="testRepaint[9](10)" classname="com.github.vitalibo.brickgame.core.ui.DigitTest" time="0.0"/>
  <testcase name="testSetIllegalValue[-1](1)" classname="com.github.vitalibo.brickgame.core.ui.DigitTest" time="0.001"/>
  <testcase name="testSetIllegalValue[10](2)" classname="com.github.vitalibo.brickgame.core.ui.DigitTest" time="0.0"/>
  <testcase name="testNotRepaint[true](1)" classname="com.github.vitalibo.brickgame.core.ui.IconPanelTest" time="0.0"/>
  <testcase name="testNotRepaint[false](2)" classname="com.github.vitalibo.brickgame.core.ui.IconPanelTest" time="0.001"/>
  <testcase name="testRepaint[true](1)" classname="com.github.vitalibo.brickgame.core.ui.IconPanelTest" time="0.0"/>
  <testcase name="testRepaint[false](2)" classname="com.github.vitalibo.brickgame.core.ui.IconPanelTest" time="0.0"/>
  <testcase name="testDigitSequence[10, 0, [0, 0, 0, 0, 0, 0, 0, 0, 0, 0]](1)" classname="com.github.vitalibo.brickgame.core.ui.NumberPanelTest" time="0.004"/>
  <testcase name="testDigitSequence[10, 1, [0, 0, 0, 0, 0, 0, 0, 0, 0, 1]](2)" classname="com.github.vitalibo.brickgame.core.ui.NumberPanelTest" time="0.0"/>
  <testcase name="testDigitSequence[10, 1234567890, [1, 2, 3, 4, 5, 6, 7, 8, 9, 0]](3)" classname="com.github.vitalibo.brickgame.core.ui.NumberPanelTest" time="0.0"/>
  <testcase name="testOverflowValue[10](1)" classname="com.github.vitalibo.brickgame.core.ui.NumberPanelTest" time="0.0"/>
  <testcase name="testOverflowValue[99](2)" classname="com.github.vitalibo.brickgame.core.ui.NumberPanelTest" time="0.001"/>
  <testcase name="testOverflowValue[100](3)" classname="com.github.vitalibo.brickgame.core.ui.NumberPanelTest" time="0.0"/>
  <testcase name="testOverflowValue[999](4)" classname="com.github.vitalibo.brickgame.core.ui.NumberPanelTest" time="0.0"/>
  <testcase name="testSetIllegalValue" classname="com.github.vitalibo.brickgame.core.ui.NumberPanelTest" time="0.0"/>
  <testcase name="cleanUp" classname="com.github.vitalibo.brickgame.game.LifeTest" time="0.001"/>
  <testcase name="testNotRepaint" classname="com.github.vitalibo.brickgame.game.LifeTest" time="0.0"/>
  <testcase name="testRepaint[0, [[Z@1c7e828](1)" classname="com.github.vitalibo.brickgame.game.LifeTest" time="0.0"/>
  <testcase name="testRepaint[1, [[Z@1f8036d](2)" classname="com.github.vitalibo.brickgame.game.LifeTest" time="0.0"/>
  <testcase name="testRepaint[3, [[Z@1144d0e](3)" classname="com.github.vitalibo.brickgame.game.LifeTest" time="0.001"/>
  <testcase name="testRepaint[7, [[Z@9f8160](4)" classname="com.github.vitalibo.brickgame.game.LifeTest" time="0.0"/>
  <testcase name="testRepaint[16, [[Z@2f6681](5)" classname="com.github.vitalibo.brickgame.game.LifeTest" time="0.0"/>
  <testcase name="testMoveDown[1, 0](1)" classname="com.github.vitalibo.brickgame.game.PointTest" time="0.0"/>
  <testcase name="testMoveDown[19, 18](2)" classname="com.github.vitalibo.brickgame.game.PointTest" time="0.0"/>
  <testcase name="testMoveLeft[1, 0](1)" classname="com.github.vitalibo.brickgame.game.PointTest" time="0.0"/>
  <testcase name="testMoveLeft[9, 8](2)" classname="com.github.vitalibo.brickgame.game.PointTest" time="0.0"/>
  <testcase name="testMoveRight[1, 0](1)" classname="com.github.vitalibo.brickgame.game.PointTest" time="0.0"/>
  <testcase name="testMoveRight[9, 8](2)" classname="com.github.vitalibo.brickgame.game.PointTest" time="0.0"/>
  <testcase name="testMoveUp[1, 0](1)" classname="com.github.vitalibo.brickgame.game.PointTest" time="0.0"/>
  <testcase name="testMoveUp[19, 18](2)" classname="com.github.vitalibo.brickgame.game.PointTest" time="0.0"/>
  <testcase name="testVerifyFailed[-1, 0](1)" classname="com.github.vitalibo.brickgame.game.PointTest" time="0.0"/>
  <testcase name="testVerifyFailed[0, -1](2)" classname="com.github.vitalibo.brickgame.game.PointTest" time="0.0"/>
  <testcase name="testVerifyFailed[20, 0](3)" classname="com.github.vitalibo.brickgame.game.PointTest" time="0.0"/>
  <testcase name="testVerifyFailed[0, 10](4)" classname="com.github.vitalibo.brickgame.game.PointTest" time="0.0"/>
  <testcase name="testVerifyPassed[0, 0](1)" classname="com.github.vitalibo.brickgame.game.PointTest" time="0.0"/>
  <testcase name="testVerifyPassed[19, 9](2)" classname="com.github.vitalibo.brickgame.game.PointTest" time="0.0"/>
  <testcase name="testCarCrashed" classname="com.github.vitalibo.brickgame.game.race.CarTest" time="0.001"/>
  <testcase name="testDown" classname="com.github.vitalibo.brickgame.game.race.CarTest" time="0.002"/>
  <testcase name="testLeft" classname="com.github.vitalibo.brickgame.game.race.CarTest" time="0.0"/>
  <testcase name="testRight" classname="com.github.vitalibo.brickgame.game.race.CarTest" time="0.0"/>
  <testcase name="testVerifyPassed" classname="com.github.vitalibo.brickgame.game.race.CarTest" time="0.001"/>
  <testcase name="testDown" classname="com.github.vitalibo.brickgame.game.race.RoadTest" time="0.0"/>
  <testcase name="testShapeEquals[com.github.vitalibo.brickgame.game.Shape@1ec5e2a, com.github.vitalibo.brickgame.game.Shape@290e63](1)" classname="com.github.vitalibo.brickgame.game.ShapeTest" time="0.0"/>
  <testcase name="testShapeEquals[com.github.vitalibo.brickgame.game.Shape@1d979c4, com.github.vitalibo.brickgame.game.Shape@b173db](2)" classname="com.github.vitalibo.brickgame.game.ShapeTest" time="0.0"/>
  <testcase name="testHasNotWin" classname="com.github.vitalibo.brickgame.game.shoot.ArmyTest" time="0.002"/>
  <testcase name="testHasWin" classname="com.github.vitalibo.brickgame.game.shoot.ArmyTest" time="0.0"/>
  <testcase name="testKillEnemy" classname="com.github.vitalibo.brickgame.game.shoot.ArmyTest" time="0.0"/>
  <testcase name="testMakeAttack" classname="com.github.vitalibo.brickgame.game.shoot.ArmyTest" time="0.006">
    <system-out><![CDATA[army size before 0
army size after 6
]]></system-out>
  </testcase>
  <testcase name="testReverse[DOWN, UP](1)" classname="com.github.vitalibo.brickgame.game.snake.DirectionTest" time="0.0"/>
  <testcase name="testReverse[UP, DOWN](2)" classname="com.github.vitalibo.brickgame.game.snake.DirectionTest" time="0.0"/>
  <testcase name="testReverse[LEFT, RIGHT](3)" classname="com.github.vitalibo.brickgame.game.snake.DirectionTest" time="0.0"/>
  <testcase name="testReverse[RIGHT, LEFT](4)" classname="com.github.vitalibo.brickgame.game.snake.DirectionTest" time="0.0"/>
  <testcase name="testReverse[NOT_DEFINED, NOT_DEFINED](5)" classname="com.github.vitalibo.brickgame.game.snake.DirectionTest" time="0.0"/>
  <testcase name="testCrashOnBorder[0, 0](1)" classname="com.github.vitalibo.brickgame.game.snake.MapTest" time="0.001"/>
  <testcase name="testCrashOnBorder[1, 1](2)" classname="com.github.vitalibo.brickgame.game.snake.MapTest" time="0.0"/>
  <testcase name="testCrashOnBorder[0, 2](3)" classname="com.github.vitalibo.brickgame.game.snake.MapTest" time="0.0"/>
  <testcase name="testCrashOnBorder[2, 0](4)" classname="com.github.vitalibo.brickgame.game.snake.MapTest" time="0.0"/>
  <testcase name="testLoadingMap[0](1)" classname="com.github.vitalibo.brickgame.game.snake.MapTest" time="0.0"/>
  <testcase name="testLoadingMap[1](2)" classname="com.github.vitalibo.brickgame.game.snake.MapTest" time="0.001"/>
  <testcase name="testLoadingMap[2](3)" classname="com.github.vitalibo.brickgame.game.snake.MapTest" time="0.001"/>
  <testcase name="testLoadingMap[3](4)" classname="com.github.vitalibo.brickgame.game.snake.MapTest" time="0.0"/>
  <testcase name="testLoadingMap[4](5)" classname="com.github.vitalibo.brickgame.game.snake.MapTest" time="0.001"/>
  <testcase name="testLoadingMap[5](6)" classname="com.github.vitalibo.brickgame.game.snake.MapTest" time="0.001"/>
  <testcase name="testLoadingMap[6](7)" classname="com.github.vitalibo.brickgame.game.snake.MapTest" time="0.001"/>
  <testcase name="testLoadingMap[7](8)" classname="com.github.vitalibo.brickgame.game.snake.MapTest" time="0.0"/>
  <testcase name="testLoadingMap[8](9)" classname="com.github.vitalibo.brickgame.game.snake.MapTest" time="0.001"/>
  <testcase name="testLoadingMap[9](10)" classname="com.github.vitalibo.brickgame.game.snake.MapTest" time="0.002"/>
  <testcase name="testLoadingMap[10](11)" classname="com.github.vitalibo.brickgame.game.snake.MapTest" time="0.001"/>
  <testcase name="testLoadingMap[11](12)" classname="com.github.vitalibo.brickgame.game.snake.MapTest" time="0.001"/>
  <testcase name="testLoadingMap[12](13)" classname="com.github.vitalibo.brickgame.game.snake.MapTest" time="0.0"/>
  <testcase name="testLoadingMap[13](14)" classname="com.github.vitalibo.brickgame.game.snake.MapTest" time="0.001"/>
  <testcase name="testLoadingMap[14](15)" classname="com.github.vitalibo.brickgame.game.snake.MapTest" time="0.0"/>
  <testcase name="testLoadingMap[15](16)" classname="com.github.vitalibo.brickgame.game.snake.MapTest" time="0.002"/>
  <testcase name="testUnmodifiableList" classname="com.github.vitalibo.brickgame.game.snake.MapTest" time="0.001"/>
  <testcase name="testVerifyPassed[0, 1](1)" classname="com.github.vitalibo.brickgame.game.snake.MapTest" time="0.0"/>
  <testcase name="testVerifyPassed[1, 0](2)" classname="com.github.vitalibo.brickgame.game.snake.MapTest" time="0.001"/>
  <testcase name="testVerifyPassed[1, 2](3)" classname="com.github.vitalibo.brickgame.game.snake.MapTest" time="0.0"/>
  <testcase name="testVerifyPassed[2, 1](4)" classname="com.github.vitalibo.brickgame.game.snake.MapTest" time="0.0"/>
  <testcase name="testEatMouse" classname="com.github.vitalibo.brickgame.game.snake.MouseTest" time="0.0"/>
  <testcase name="testNextPoint[[Point(y=0, x=0), Point(y=0, x=1), Point(y=0, x=2), Point(y=0, x=3), Point(y=0, x=4), Point(y=0, x=5), Point(y=0, x=6), Point(y=0, x=7), Point(y=0, x=8), Point(y=0, x=9), Point(y=1, x=0), Point(y=1, x=1), Point(y=1, x=2), Point(y=1, x=3), Point(y=1, x=4), Point(y=1, x=5), Point(y=1, x=6), Point(y=1, x=7), Point(y=1, x=8), Point(y=1, x=9), Point(y=2, x=0), Point(y=2, x=1), Point(y=2, x=2), Point(y=2, x=3), Point(y=2, x=4), Point(y=2, x=5), Point(y=2, x=6), Point(y=2, x=7), Point(y=2, x=8), Point(y=2, x=9), Point(y=3, x=0), Point(y=3, x=1), Point(y=3, x=2), Point(y=3, x=3), Point(y=3, x=4), Point(y=3, x=5), Point(y=3, x=6), Point(y=3, x=7), Point(y=3, x=8), Point(y=3, x=9), Point(y=4, x=0), Point(y=4, x=1), Point(y=4, x=2), Point(y=4, x=3), Point(y=4, x=4), Point(y=4, x=5), Point(y=4, x=6), Point(y=4, x=7), Point(y=4, x=8), Point(y=4, x=9), Point(y=5, x=0), Point(y=5, x=1), Point(y=5, x=2), Point(y=5, x=3), Point(y=5, x=4), Point(y=5, x=5), Point(y=5, x=6), Point(y=5, x=7), Point(y=5, x=8), Point(y=5, x=9), Point(y=6, x=0), Point(y=6, x=1), Point(y=6, x=2), Point(y=6, x=3), Point(y=6, x=4), Point(y=6, x=5), Point(y=6, x=6), Point(y=6, x=7), Point(y=6, x=8), Point(y=6, x=9), Point(y=7, x=0), Point(y=7, x=1), Point(y=7, x=2), Point(y=7, x=3), Point(y=7, x=4), Point(y=7, x=5), Point(y=7, x=6), Point(y=7, x=7), Point(y=7, x=8), Point(y=7, x=9), Point(y=8, x=0), Point(y=8, x=1), Point(y=8, x=2), Point(y=8, x=3), Point(y=8, x=4), Point(y=8, x=5), Point(y=8, x=6), Point(y=8, x=7), Point(y=8, x=8), Point(y=8, x=9), Point(y=9, x=0), Point(y=9, x=1), Point(y=9, x=2), Point(y=9, x=3), Point(y=9, x=4), Point(y=9, x=5), Point(y=9, x=6), Point(y=9, x=7), Point(y=9, x=8), Point(y=9, x=9), Point(y=10, x=0), Point(y=10, x=1), Point(y=10, x=2), Point(y=10, x=3), Point(y=10, x=4), Point(y=10, x=5), Point(y=10, x=6), Point(y=10, x=7), Point(y=10, x=8), Point(y=10, x=9), Point(y=11, x=1), Point(y=11, x=2), Point(y=11, x=3), Point(y=11, x=4), Point(y=11, x=5), Point(y=11, x=6), Point(y=11, x=7), Point(y=11, x=8), Point(y=11, x=9), Point(y=12, x=0), Point(y=12, x=1), Point(y=12, x=2), Point(y=12, x=3), Point(y=12, x=4), Point(y=12, x=5), Point(y=12, x=6), Point(y=12, x=7), Point(y=12, x=8), Point(y=12, x=9), Point(y=13, x=0), Point(y=13, x=1), Point(y=13, x=2), Point(y=13, x=3), Point(y=13, x=4), Point(y=13, x=5), Point(y=13, x=6), Point(y=13, x=7), Point(y=13, x=8), Point(y=13, x=9), Point(y=14, x=0), Point(y=14, x=1), Point(y=14, x=2), Point(y=14, x=3), Point(y=14, x=4), Point(y=14, x=5), Point(y=14, x=6), Point(y=14, x=7), Point(y=14, x=8), Point(y=14, x=9), Point(y=15, x=0), Point(y=15, x=1), Point(y=15, x=2), Point(y=15, x=3), Point(y=15, x=4), Point(y=15, x=5), Point(y=15, x=6), Point(y=15, x=7), Point(y=15, x=8), Point(y=15, x=9), Point(y=16, x=0), Point(y=16, x=1), Point(y=16, x=2), Point(y=16, x=3), Point(y=16, x=4), Point(y=16, x=5), Point(y=16, x=6), Point(y=16, x=7), Point(y=16, x=8), Point(y=16, x=9), Point(y=17, x=0), Point(y=17, x=1), Point(y=17, x=2), Point(y=17, x=3), Point(y=17, x=4), Point(y=17, x=5), Point(y=17, x=6), Point(y=17, x=7), Point(y=17, x=8), Point(y=17, x=9), Point(y=18, x=0), Point(y=18, x=1), Point(y=18, x=2), Point(y=18, x=3), Point(y=18, x=4), Point(y=18, x=5), Point(y=18, x=6), Point(y=18, x=7), Point(y=18, x=8), Point(y=18, x=9), Point(y=19, x=0), Point(y=19, x=1), Point(y=19, x=2), Point(y=19, x=3), Point(y=19, x=4), Point(y=19, x=5), Point(y=19, x=6), Point(y=19, x=7), Point(y=19, x=8), Point(y=19, x=9)], Point(y=11, x=0)](1)" classname="com.github.vitalibo.brickgame.game.snake.MouseTest" time="0.0"/>
  <testcase name="testNextPoint[[Point(y=0, x=0), Point(y=0, x=1), Point(y=0, x=2), Point(y=0, x=3), Point(y=0, x=4), Point(y=0, x=5), Point(y=0, x=6), Point(y=0, x=7), Point(y=0, x=8), Point(y=0, x=9), Point(y=1, x=0), Point(y=1, x=1), Point(y=1, x=2), Point(y=1, x=3), Point(y=1, x=4), Point(y=1, x=5), Point(y=1, x=6), Point(y=1, x=7), Point(y=1, x=8), Point(y=1, x=9), Point(y=2, x=0), Point(y=2, x=1), Point(y=2, x=2), Point(y=2, x=3), Point(y=2, x=4), Point(y=2, x=5), Point(y=2, x=6), Point(y=2, x=7), Point(y=2, x=8), Point(y=2, x=9), Point(y=3, x=0), Point(y=3, x=1), Point(y=3, x=2), Point(y=3, x=3), Point(y=3, x=4), Point(y=3, x=5), Point(y=3, x=6), Point(y=3, x=7), Point(y=3, x=8), Point(y=3, x=9), Point(y=4, x=0), Point(y=4, x=1), Point(y=4, x=2), Point(y=4, x=3), Point(y=4, x=4), Point(y=4, x=5), Point(y=4, x=6), Point(y=4, x=7), Point(y=4, x=8), Point(y=4, x=9), Point(y=5, x=0), Point(y=5, x=1), Point(y=5, x=2), Point(y=5, x=3), Point(y=5, x=4), Point(y=5, x=6), Point(y=5, x=7), Point(y=5, x=8), Point(y=5, x=9), Point(y=6, x=0), Point(y=6, x=1), Point(y=6, x=2), Point(y=6, x=3), Point(y=6, x=4), Point(y=6, x=5), Point(y=6, x=6), Point(y=6, x=7), Point(y=6, x=8), Point(y=6, x=9), Point(y=7, x=0), Point(y=7, x=1), Point(y=7, x=2), Point(y=7, x=3), Point(y=7, x=4), Point(y=7, x=5), Point(y=7, x=6), Point(y=7, x=7), Point(y=7, x=8), Point(y=7, x=9), Point(y=8, x=0), Point(y=8, x=1), Point(y=8, x=2), Point(y=8, x=3), Point(y=8, x=4), Point(y=8, x=5), Point(y=8, x=6), Point(y=8, x=7), Point(y=8, x=8), Point(y=8, x=9), Point(y=9, x=0), Point(y=9, x=1), Point(y=9, x=2), Point(y=9, x=3), Point(y=9, x=4), Point(y=9, x=5), Point(y=9, x=6), Point(y=9, x=7), Point(y=9, x=8), Point(y=9, x=9), Point(y=10, x=0), Point(y=10, x=1), Point(y=10, x=2), Point(y=10, x=3), Point(y=10, x=4), Point(y=10, x=5), Point(y=10, x=6), Point(y=10, x=7), Point(y=10, x=8), Point(y=10, x=9), Point(y=11, x=0), Point(y=11, x=1), Point(y=11, x=2), Point(y=11, x=3), Point(y=11, x=4), Point(y=11, x=5), Point(y=11, x=6), Point(y=11, x=7), Point(y=11, x=8), Point(y=11, x=9), Point(y=12, x=0), Point(y=12, x=1), Point(y=12, x=2), Point(y=12, x=3), Point(y=12, x=4), Point(y=12, x=5), Point(y=12, x=6), Point(y=12, x=7), Point(y=12, x=8), Point(y=12, x=9), Point(y=13, x=0), Point(y=13, x=1), Point(y=13, x=2), Point(y=13, x=3), Point(y=13, x=4), Point(y=13, x=5), Point(y=13, x=6), Point(y=13, x=7), Point(y=13, x=8), Point(y=13, x=9), Point(y=14, x=0), Point(y=14, x=1), Point(y=14, x=2), Point(y=14, x=3), Point(y=14, x=4), Point(y=14, x=5), Point(y=14, x=6), Point(y=14, x=7), Point(y=14, x=8), Point(y=14, x=9), Point(y=15, x=0), Point(y=15, x=1), Point(y=15, x=2), Point(y=15, x=3), Point(y=15, x=4), Point(y=15, x=5), Point(y=15, x=6), Point(y=15, x=7), Point(y=15, x=8), Point(y=15, x=9), Point(y=16, x=0), Point(y=16, x=1), Point(y=16, x=2), Point(y=16, x=3), Point(y=16, x=4), Point(y=16, x=5), Point(y=16, x=6), Point(y=16, x=7), Point(y=16, x=8), Point(y=16, x=9), Point(y=17, x=0), Point(y=17, x=1), Point(y=17, x=2), Point(y=17, x=3), Point(y=17, x=4), Point(y=17, x=5), Point(y=17, x=6), Point(y=17, x=7), Point(y=17, x=8), Point(y=17, x=9), Point(y=18, x=0), Point(y=18, x=1), Point(y=18, x=2), Point(y=18, x=3), Point(y=18, x=4), Point(y=18, x=5), Point(y=18, x=6), Point(y=18, x=7), Point(y=18, x=8), Point(y=18, x=9), Point(y=19, x=0), Point(y=19, x=1), Point(y=19, x=2), Point(y=19, x=3), Point(y=19, x=4), Point(y=19, x=5), Point(y=19, x=6), Point(y=19, x=7), Point(y=19, x=8), Point(y=19, x=9)], Point(y=5, x=5)](2)" classname="com.github.vitalibo.brickgame.game.snake.MouseTest" time="0.001"/>
  <testcase name="testNextPoint[[Point(y=0, x=0), Point(y=0, x=1), Point(y=0, x=2), Point(y=0, x=3), Point(y=0, x=4), Point(y=0, x=5), Point(y=0, x=6), Point(y=0, x=7), Point(y=0, x=8), Point(y=0, x=9), Point(y=1, x=0), Point(y=1, x=1), Point(y=1, x=2), Point(y=1, x=3), Point(y=1, x=4), Point(y=1, x=5), Point(y=1, x=6), Point(y=1, x=7), Point(y=1, x=8), Point(y=1, x=9), Point(y=2, x=0), Point(y=2, x=1), Point(y=2, x=2), Point(y=2, x=3), Point(y=2, x=4), Point(y=2, x=5), Point(y=2, x=6), Point(y=2, x=7), Point(y=2, x=8), Point(y=2, x=9), Point(y=3, x=0), Point(y=3, x=1), Point(y=3, x=2), Point(y=3, x=3), Point(y=3, x=4), Point(y=3, x=5), Point(y=3, x=6), Point(y=3, x=7), Point(y=3, x=8), Point(y=3, x=9), Point(y=4, x=0), Point(y=4, x=1), Point(y=4, x=2), Point(y=4, x=3), Point(y=4, x=4), Point(y=4, x=5), Point(y=4, x=6), Point(y=4, x=7), Point(y=4, x=8), Point(y=4, x=9), Point(y=5, x=0), Point(y=5, x=1), Point(y=5, x=2), Point(y=5, x=3), Point(y=5, x=4), Point(y=5, x=5), Point(y=5, x=6), Point(y=5, x=7), Point(y=5, x=8), Point(y=5, x=9), Point(y=6, x=0), Point(y=6, x=1), Point(y=6, x=2), Point(y=6, x=3), Point(y=6, x=4), Point(y=6, x=5), Point(y=6, x=6), Point(y=6, x=7), Point(y=6, x=8), Point(y=6, x=9), Point(y=7, x=0), Point(y=7, x=1), Point(y=7, x=2), Point(y=7, x=3), Point(y=7, x=4), Point(y=7, x=5), Point(y=7, x=6), Point(y=7, x=7), Point(y=7, x=8), Point(y=7, x=9), Point(y=8, x=0), Point(y=8, x=1), Point(y=8, x=2), Point(y=8, x=3), Point(y=8, x=4), Point(y=8, x=5), Point(y=8, x=6), Point(y=8, x=7), Point(y=8, x=8), Point(y=8, x=9), Point(y=9, x=0), Point(y=9, x=1), Point(y=9, x=2), Point(y=9, x=3), Point(y=9, x=4), Point(y=9, x=5), Point(y=9, x=6), Point(y=9, x=7), Point(y=9, x=8), Point(y=9, x=9), Point(y=10, x=0), Point(y=10, x=1), Point(y=10, x=2), Point(y=10, x=3), Point(y=10, x=4), Point(y=10, x=5), Point(y=10, x=6), Point(y=10, x=7), Point(y=10, x=8), Point(y=10, x=9), Point(y=11, x=0), Point(y=11, x=1), Point(y=11, x=2), Point(y=11, x=3), Point(y=11, x=4), Point(y=11, x=5), Point(y=11, x=6), Point(y=11, x=7), Point(y=11, x=8), Point(y=11, x=9), Point(y=12, x=1), Point(y=12, x=2), Point(y=12, x=3), Point(y=12, x=4), Point(y=12, x=5), Point(y=12, x=6), Point(y=12, x=7), Point(y=12, x=8), Point(y=12, x=9), Point(y=13, x=0), Point(y=13, x=1), Point(y=13, x=2), Point(y=13, x=3), Point(y=13, x=4), Point(y=13, x=5), Point(y=13, x=6), Point(y=13, x=7), Point(y=13, x=8), Point(y=13, x=9), Point(y=14, x=0), Point(y=14, x=1), Point(y=14, x=2), Point(y=14, x=3), Point(y=14, x=4), Point(y=14, x=5), Point(y=14, x=6), Point(y=14, x=7), Point(y=14, x=8), Point(y=14, x=9), Point(y=15, x=0), Point(y=15, x=1), Point(y=15, x=2), Point(y=15, x=3), Point(y=15, x=4), Point(y=15, x=5), Point(y=15, x=6), Point(y=15, x=7), Point(y=15, x=8), Point(y=15, x=9), Point(y=16, x=0), Point(y=16, x=1), Point(y=16, x=2), Point(y=16, x=3), Point(y=16, x=4), Point(y=16, x=5), Point(y=16, x=6), Point(y=16, x=7), Point(y=16, x=8), Point(y=16, x=9), Point(y=17, x=0), Point(y=17, x=1), Point(y=17, x=2), Point(y=17, x=3), Point(y=17, x=4), Point(y=17, x=5), Point(y=17, x=6), Point(y=17, x=7), Point(y=17, x=8), Point(y=17, x=9), Point(y=18, x=0), Point(y=18, x=1), Point(y=18, x=2), Point(y=18, x=3), Point(y=18, x=4), Point(y=18, x=5), Point(y=18, x=6), Point(y=18, x=7), Point(y=18, x=8), Point(y=18, x=9), Point(y=19, x=0), Point(y=19, x=1), Point(y=19, x=2), Point(y=19, x=3), Point(y=19, x=4), Point(y=19, x=5), Point(y=19, x=6), Point(y=19, x=7), Point(y=19, x=8), Point(y=19, x=9)], Point(y=12, x=0)](3)" classname="com.github.vitalibo.brickgame.game.snake.MouseTest" time="0.001"/>
  <testcase name="testNextPoint[[Point(y=0, x=0), Point(y=0, x=1), Point(y=0, x=2), Point(y=0, x=3), Point(y=0, x=4), Point(y=0, x=5), Point(y=0, x=6), Point(y=0, x=7), Point(y=0, x=8), Point(y=0, x=9), Point(y=1, x=0), Point(y=1, x=1), Point(y=1, x=2), Point(y=1, x=3), Point(y=1, x=4), Point(y=1, x=5), Point(y=1, x=6), Point(y=1, x=7), Point(y=1, x=8), Point(y=1, x=9), Point(y=2, x=0), Point(y=2, x=1), Point(y=2, x=2), Point(y=2, x=3), Point(y=2, x=4), Point(y=2, x=5), Point(y=2, x=6), Point(y=2, x=7), Point(y=2, x=8), Point(y=2, x=9), Point(y=3, x=0), Point(y=3, x=1), Point(y=3, x=2), Point(y=3, x=3), Point(y=3, x=4), Point(y=3, x=5), Point(y=3, x=6), Point(y=3, x=7), Point(y=3, x=8), Point(y=3, x=9), Point(y=4, x=0), Point(y=4, x=1), Point(y=4, x=2), Point(y=4, x=3), Point(y=4, x=4), Point(y=4, x=5), Point(y=4, x=6), Point(y=4, x=7), Point(y=4, x=8), Point(y=4, x=9), Point(y=5, x=0), Point(y=5, x=1), Point(y=5, x=2), Point(y=5, x=3), Point(y=5, x=4), Point(y=5, x=5), Point(y=5, x=6), Point(y=5, x=7), Point(y=5, x=8), Point(y=5, x=9), Point(y=6, x=0), Point(y=6, x=1), Point(y=6, x=2), Point(y=6, x=3), Point(y=6, x=4), Point(y=6, x=5), Point(y=6, x=6), Point(y=6, x=7), Point(y=6, x=8), Point(y=6, x=9), Point(y=7, x=0), Point(y=7, x=1), Point(y=7, x=2), Point(y=7, x=3), Point(y=7, x=4), Point(y=7, x=5), Point(y=7, x=6), Point(y=7, x=7), Point(y=7, x=8), Point(y=7, x=9), Point(y=8, x=0), Point(y=8, x=1), Point(y=8, x=2), Point(y=8, x=3), Point(y=8, x=4), Point(y=8, x=5), Point(y=8, x=6), Point(y=8, x=7), Point(y=8, x=8), Point(y=8, x=9), Point(y=9, x=0), Point(y=9, x=1), Point(y=9, x=2), Point(y=9, x=3), Point(y=9, x=4), Point(y=9, x=5), Point(y=9, x=6), Point(y=9, x=7), Point(y=9, x=8), Point(y=9, x=9), Point(y=10, x=0), Point(y=10, x=1), Point(y=10, x=2), Point(y=10, x=3), Point(y=10, x=4), Point(y=10, x=5), Point(y=10, x=6), Point(y=10, x=7), Point(y=10, x=8), Point(y=10, x=9), Point(y=11, x=0), Point(y=11, x=1), Point(y=11, x=2), Point(y=11, x=3), Point(y=11, x=4), Point(y=11, x=5), Point(y=11, x=6), Point(y=11, x=7), Point(y=11, x=8), Point(y=11, x=9), Point(y=12, x=0), Point(y=12, x=1), Point(y=12, x=2), Point(y=12, x=3), Point(y=12, x=4), Point(y=12, x=5), Point(y=12, x=6), Point(y=12, x=7), Point(y=12, x=8), Point(y=12, x=9), Point(y=13, x=0), Point(y=13, x=1), Point(y=13, x=2), Point(y=13, x=3), Point(y=13, x=4), Point(y=13, x=5), Point(y=13, x=6), Point(y=13, x=8), Point(y=13, x=9), Point(y=14, x=0), Point(y=14, x=1), Point(y=14, x=2), Point(y=14, x=3), Point(y=14, x=4), Point(y=14, x=5), Point(y=14, x=6), Point(y=14, x=7), Point(y=14, x=8), Point(y=14, x=9), Point(y=15, x=0), Point(y=15, x=1), Point(y=15, x=2), Point(y=15, x=3), Point(y=15, x=4), Point(y=15, x=5), Point(y=15, x=6), Point(y=15, x=7), Point(y=15, x=8), Point(y=15, x=9), Point(y=16, x=0), Point(y=16, x=1), Point(y=16, x=2), Point(y=16, x=3), Point(y=16, x=4), Point(y=16, x=5), Point(y=16, x=6), Point(y=16, x=7), Point(y=16, x=8), Point(y=16, x=9), Point(y=17, x=0), Point(y=17, x=1), Point(y=17, x=2), Point(y=17, x=3), Point(y=17, x=4), Point(y=17, x=5), Point(y=17, x=6), Point(y=17, x=7), Point(y=17, x=8), Point(y=17, x=9), Point(y=18, x=0), Point(y=18, x=1), Point(y=18, x=2), Point(y=18, x=3), Point(y=18, x=4), Point(y=18, x=5), Point(y=18, x=6), Point(y=18, x=7), Point(y=18, x=8), Point(y=18, x=9), Point(y=19, x=0), Point(y=19, x=1), Point(y=19, x=2), Point(y=19, x=3), Point(y=19, x=4), Point(y=19, x=5), Point(y=19, x=6), Point(y=19, x=7), Point(y=19, x=8), Point(y=19, x=9)], Point(y=13, x=7)](4)" classname="com.github.vitalibo.brickgame.game.snake.MouseTest" time="0.0"/>
  <testcase name="testNextPoint[[Point(y=0, x=0), Point(y=0, x=1), Point(y=0, x=2), Point(y=0, x=3), Point(y=0, x=4), Point(y=0, x=5), Point(y=0, x=6), Point(y=0, x=7), Point(y=0, x=8), Point(y=0, x=9), Point(y=1, x=0), Point(y=1, x=1), Point(y=1, x=2), Point(y=1, x=3), Point(y=1, x=4), Point(y=1, x=5), Point(y=1, x=6), Point(y=1, x=7), Point(y=1, x=8), Point(y=1, x=9), Point(y=2, x=0), Point(y=2, x=1), Point(y=2, x=2), Point(y=2, x=3), Point(y=2, x=4), Point(y=2, x=5), Point(y=2, x=6), Point(y=2, x=7), Point(y=2, x=8), Point(y=2, x=9), Point(y=3, x=0), Point(y=3, x=1), Point(y=3, x=2), Point(y=3, x=3), Point(y=3, x=4), Point(y=3, x=5), Point(y=3, x=6), Point(y=3, x=7), Point(y=3, x=8), Point(y=3, x=9), Point(y=4, x=0), Point(y=4, x=1), Point(y=4, x=2), Point(y=4, x=3), Point(y=4, x=4), Point(y=4, x=5), Point(y=4, x=6), Point(y=4, x=7), Point(y=4, x=8), Point(y=4, x=9), Point(y=5, x=0), Point(y=5, x=1), Point(y=5, x=2), Point(y=5, x=3), Point(y=5, x=4), Point(y=5, x=5), Point(y=5, x=6), Point(y=5, x=7), Point(y=5, x=8), Point(y=5, x=9), Point(y=6, x=0), Point(y=6, x=1), Point(y=6, x=2), Point(y=6, x=3), Point(y=6, x=4), Point(y=6, x=5), Point(y=6, x=6), Point(y=6, x=7), Point(y=6, x=8), Point(y=6, x=9), Point(y=7, x=0), Point(y=7, x=1), Point(y=7, x=2), Point(y=7, x=3), Point(y=7, x=4), Point(y=7, x=5), Point(y=7, x=6), Point(y=7, x=7), Point(y=7, x=8), Point(y=7, x=9), Point(y=8, x=0), Point(y=8, x=1), Point(y=8, x=2), Point(y=8, x=3), Point(y=8, x=4), Point(y=8, x=5), Point(y=8, x=6), Point(y=8, x=7), Point(y=8, x=8), Point(y=8, x=9), Point(y=9, x=0), Point(y=9, x=1), Point(y=9, x=2), Point(y=9, x=3), Point(y=9, x=4), Point(y=9, x=5), Point(y=9, x=6), Point(y=9, x=7), Point(y=9, x=8), Point(y=9, x=9), Point(y=10, x=0), Point(y=10, x=1), Point(y=10, x=2), Point(y=10, x=3), Point(y=10, x=4), Point(y=10, x=5), Point(y=10, x=6), Point(y=10, x=7), Point(y=10, x=8), Point(y=10, x=9), Point(y=11, x=0), Point(y=11, x=1), Point(y=11, x=2), Point(y=11, x=3), Point(y=11, x=4), Point(y=11, x=5), Point(y=11, x=6), Point(y=11, x=7), Point(y=11, x=8), Point(y=11, x=9), Point(y=12, x=0), Point(y=12, x=1), Point(y=12, x=2), Point(y=12, x=3), Point(y=12, x=4), Point(y=12, x=5), Point(y=12, x=6), Point(y=12, x=7), Point(y=12, x=8), Point(y=12, x=9), Point(y=13, x=0), Point(y=13, x=1), Point(y=13, x=2), Point(y=13, x=3), Point(y=13, x=4), Point(y=13, x=5), Point(y=13, x=6), Point(y=13, x=7), Point(y=13, x=8), Point(y=13, x=9), Point(y=14, x=0), Point(y=14, x=1), Point(y=14, x=2), Point(y=14, x=3), Point(y=14, x=4), Point(y=14, x=5), Point(y=14, x=6), Point(y=14, x=7), Point(y=14, x=8), Point(y=14, x=9), Point(y=15, x=0), Point(y=15, x=1), Point(y=15, x=2), Point(y=15, x=3), Point(y=15, x=4), Point(y=15, x=5), Point(y=15, x=6), Point(y=15, x=7), Point(y=15, x=8), Point(y=15, x=9), Point(y=16, x=0), Point(y=16, x=1), Point(y=16, x=2), Point(y=16, x=3), Point(y=16, x=4), Point(y=16, x=5), Point(y=16, x=6), Point(y=16, x=7), Point(y=16, x=8), Point(y=16, x=9), Point(y=17, x=0), Point(y=17, x=1), Point(y=17, x=2), Point(y=17, x=3), Point(y=17, x=4), Point(y=17, x=5), Point(y=17, x=6), Point(y=17, x=7), Point(y=17, x=8), Point(y=17, x=9), Point(y=18, x=0), Point(y=18, x=1), Point(y=18, x=2), Point(y=18, x=3), Point(y=18, x=4), Point(y=18, x=5), Point(y=18, x=6), Point(y=18, x=7), Point(y=18, x=8), Point(y=18, x=9), Point(y=19, x=0), Point(y=19, x=1), Point(y=19, x=2), Point(y=19, x=3), Point(y=19, x=5), Point(y=19, x=6), Point(y=19, x=7), Point(y=19, x=8), Point(y=19, x=9)], Point(y=19, x=4)](5)" classname="com.github.vitalibo.brickgame.game.snake.MouseTest" time="0.001"/>
  <testcase name="testNextPoint[[Point(y=0, x=0), Point(y=0, x=1), Point(y=0, x=2), Point(y=0, x=3), Point(y=0, x=4), Point(y=0, x=5), Point(y=0, x=6), Point(y=0, x=7), Point(y=0, x=8), Point(y=0, x=9), Point(y=1, x=0), Point(y=1, x=1), Point(y=1, x=2), Point(y=1, x=3), Point(y=1, x=4), Point(y=1, x=5), Point(y=1, x=6), Point(y=1, x=7), Point(y=1, x=8), Point(y=1, x=9), Point(y=2, x=0), Point(y=2, x=1), Point(y=2, x=2), Point(y=2, x=3), Point(y=2, x=4), Point(y=2, x=5), Point(y=2, x=6), Point(y=2, x=7), Point(y=2, x=8), Point(y=2, x=9), Point(y=3, x=0), Point(y=3, x=1), Point(y=3, x=2), Point(y=3, x=3), Point(y=3, x=4), Point(y=3, x=5), Point(y=3, x=6), Point(y=3, x=7), Point(y=3, x=8), Point(y=3, x=9), Point(y=4, x=0), Point(y=4, x=1), Point(y=4, x=2), Point(y=4, x=3), Point(y=4, x=4), Point(y=4, x=5), Point(y=4, x=6), Point(y=4, x=7), Point(y=4, x=8), Point(y=4, x=9), Point(y=5, x=0), Point(y=5, x=1), Point(y=5, x=2), Point(y=5, x=3), Point(y=5, x=4), Point(y=5, x=5), Point(y=5, x=6), Point(y=5, x=7), Point(y=5, x=8), Point(y=5, x=9), Point(y=6, x=0), Point(y=6, x=1), Point(y=6, x=2), Point(y=6, x=3), Point(y=6, x=4), Point(y=6, x=5), Point(y=6, x=6), Point(y=6, x=7), Point(y=6, x=8), Point(y=6, x=9), Point(y=7, x=0), Point(y=7, x=1), Point(y=7, x=2), Point(y=7, x=3), Point(y=7, x=4), Point(y=7, x=5), Point(y=7, x=6), Point(y=7, x=7), Point(y=7, x=8), Point(y=7, x=9), Point(y=8, x=0), Point(y=8, x=1), Point(y=8, x=2), Point(y=8, x=3), Point(y=8, x=4), Point(y=8, x=5), Point(y=8, x=6), Point(y=8, x=7), Point(y=8, x=8), Point(y=8, x=9), Point(y=9, x=0), Point(y=9, x=1), Point(y=9, x=2), Point(y=9, x=3), Point(y=9, x=4), Point(y=9, x=5), Point(y=9, x=6), Point(y=9, x=7), Point(y=9, x=8), Point(y=9, x=9), Point(y=10, x=0), Point(y=10, x=2), Point(y=10, x=3), Point(y=10, x=4), Point(y=10, x=5), Point(y=10, x=6), Point(y=10, x=7), Point(y=10, x=8), Point(y=10, x=9), Point(y=11, x=0), Point(y=11, x=1), Point(y=11, x=2), Point(y=11, x=3), Point(y=11, x=4), Point(y=11, x=5), Point(y=11, x=6), Point(y=11, x=7), Point(y=11, x=8), Point(y=11, x=9), Point(y=12, x=0), Point(y=12, x=1), Point(y=12, x=2), Point(y=12, x=3), Point(y=12, x=4), Point(y=12, x=5), Point(y=12, x=6), Point(y=12, x=7), Point(y=12, x=8), Point(y=12, x=9), Point(y=13, x=0), Point(y=13, x=1), Point(y=13, x=2), Point(y=13, x=3), Point(y=13, x=4), Point(y=13, x=5), Point(y=13, x=6), Point(y=13, x=7), Point(y=13, x=8), Point(y=13, x=9), Point(y=14, x=0), Point(y=14, x=1), Point(y=14, x=2), Point(y=14, x=3), Point(y=14, x=4), Point(y=14, x=5), Point(y=14, x=6), Point(y=14, x=7), Point(y=14, x=8), Point(y=14, x=9), Point(y=15, x=0), Point(y=15, x=1), Point(y=15, x=2), Point(y=15, x=3), Point(y=15, x=4), Point(y=15, x=5), Point(y=15, x=6), Point(y=15, x=7), Point(y=15, x=8), Point(y=15, x=9), Point(y=16, x=0), Point(y=16, x=1), Point(y=16, x=2), Point(y=16, x=3), Point(y=16, x=4), Point(y=16, x=5), Point(y=16, x=6), Point(y=16, x=7), Point(y=16, x=8), Point(y=16, x=9), Point(y=17, x=0), Point(y=17, x=1), Point(y=17, x=2), Point(y=17, x=3), Point(y=17, x=4), Point(y=17, x=5), Point(y=17, x=6), Point(y=17, x=7), Point(y=17, x=8), Point(y=17, x=9), Point(y=18, x=0), Point(y=18, x=1), Point(y=18, x=2), Point(y=18, x=3), Point(y=18, x=4), Point(y=18, x=5), Point(y=18, x=6), Point(y=18, x=7), Point(y=18, x=8), Point(y=18, x=9), Point(y=19, x=0), Point(y=19, x=1), Point(y=19, x=2), Point(y=19, x=3), Point(y=19, x=4), Point(y=19, x=5), Point(y=19, x=6), Point(y=19, x=7), Point(y=19, x=8), Point(y=19, x=9)], Point(y=10, x=1)](6)" classname="com.github.vitalibo.brickgame.game.snake.MouseTest" time="0.0"/>
  <testcase name="testNextPoint[[Point(y=0, x=0), Point(y=0, x=1), Point(y=0, x=2), Point(y=0, x=3), Point(y=0, x=4), Point(y=0, x=5), Point(y=0, x=6), Point(y=0, x=7), Point(y=0, x=8), Point(y=0, x=9), Point(y=1, x=0), Point(y=1, x=1), Point(y=1, x=2), Point(y=1, x=3), Point(y=1, x=4), Point(y=1, x=5), Point(y=1, x=6), Point(y=1, x=7), Point(y=1, x=8), Point(y=1, x=9), Point(y=2, x=0), Point(y=2, x=1), Point(y=2, x=2), Point(y=2, x=3), Point(y=2, x=4), Point(y=2, x=5), Point(y=2, x=6), Point(y=2, x=7), Point(y=2, x=8), Point(y=2, x=9), Point(y=3, x=0), Point(y=3, x=1), Point(y=3, x=2), Point(y=3, x=3), Point(y=3, x=4), Point(y=3, x=5), Point(y=3, x=6), Point(y=3, x=7), Point(y=3, x=8), Point(y=3, x=9), Point(y=4, x=0), Point(y=4, x=1), Point(y=4, x=2), Point(y=4, x=3), Point(y=4, x=4), Point(y=4, x=5), Point(y=4, x=6), Point(y=4, x=7), Point(y=4, x=8), Point(y=4, x=9), Point(y=5, x=0), Point(y=5, x=1), Point(y=5, x=2), Point(y=5, x=3), Point(y=5, x=4), Point(y=5, x=5), Point(y=5, x=6), Point(y=5, x=7), Point(y=5, x=8), Point(y=5, x=9), Point(y=6, x=0), Point(y=6, x=1), Point(y=6, x=2), Point(y=6, x=3), Point(y=6, x=4), Point(y=6, x=5), Point(y=6, x=6), Point(y=6, x=7), Point(y=6, x=8), Point(y=6, x=9), Point(y=7, x=0), Point(y=7, x=1), Point(y=7, x=2), Point(y=7, x=3), Point(y=7, x=4), Point(y=7, x=5), Point(y=7, x=6), Point(y=7, x=7), Point(y=7, x=8), Point(y=7, x=9), Point(y=8, x=0), Point(y=8, x=1), Point(y=8, x=2), Point(y=8, x=3), Point(y=8, x=4), Point(y=8, x=5), Point(y=8, x=6), Point(y=8, x=7), Point(y=8, x=8), Point(y=8, x=9), Point(y=9, x=0), Point(y=9, x=1), Point(y=9, x=2), Point(y=9, x=3), Point(y=9, x=4), Point(y=9, x=5), Point(y=9, x=6), Point(y=9, x=7), Point(y=9, x=8), Point(y=9, x=9), Point(y=10, x=0), Point(y=10, x=1), Point(y=10, x=2), Point(y=10, x=3), Point(y=10, x=4), Point(y=10, x=5), Point(y=10, x=6), Point(y=10, x=7), Point(y=10, x=8), Point(y=10, x=9), Point(y=11, x=0), Point(y=11, x=1), Point(y=11, x=2), Point(y=11, x=3), Point(y=11, x=4), Point(y=11, x=5), Point(y=11, x=6), Point(y=11, x=7), Point(y=11, x=8), Point(y=11, x=9), Point(y=12, x=0), Point(y=12, x=1), Point(y=12, x=2), Point(y=12, x=3), Point(y=12, x=4), Point(y=12, x=5), Point(y=12, x=6), Point(y=12, x=7), Point(y=12, x=8), Point(y=12, x=9), Point(y=13, x=0), Point(y=13, x=1), Point(y=13, x=2), Point(y=13, x=3), Point(y=13, x=4), Point(y=13, x=5), Point(y=13, x=6), Point(y=13, x=7), Point(y=13, x=8), Point(y=13, x=9), Point(y=14, x=0), Point(y=14, x=1), Point(y=14, x=2), Point(y=14, x=3), Point(y=14, x=4), Point(y=14, x=5), Point(y=14, x=6), Point(y=14, x=7), Point(y=14, x=8), Point(y=14, x=9), Point(y=15, x=0), Point(y=15, x=1), Point(y=15, x=2), Point(y=15, x=3), Point(y=15, x=4), Point(y=15, x=5), Point(y=15, x=6), Point(y=15, x=7), Point(y=15, x=8), Point(y=15, x=9), Point(y=16, x=0), Point(y=16, x=1), Point(y=16, x=2), Point(y=16, x=3), Point(y=16, x=4), Point(y=16, x=5), Point(y=16, x=6), Point(y=16, x=7), Point(y=16, x=8), Point(y=16, x=9), Point(y=17, x=0), Point(y=17, x=1), Point(y=17, x=3), Point(y=17, x=4), Point(y=17, x=5), Point(y=17, x=6), Point(y=17, x=7), Point(y=17, x=8), Point(y=17, x=9), Point(y=18, x=0), Point(y=18, x=1), Point(y=18, x=2), Point(y=18, x=3), Point(y=18, x=4), Point(y=18, x=5), Point(y=18, x=6), Point(y=18, x=7), Point(y=18, x=8), Point(y=18, x=9), Point(y=19, x=0), Point(y=19, x=1), Point(y=19, x=2), Point(y=19, x=3), Point(y=19, x=4), Point(y=19, x=5), Point(y=19, x=6), Point(y=19, x=7), Point(y=19, x=8), Point(y=19, x=9)], Point(y=17, x=2)](7)" classname="com.github.vitalibo.brickgame.game.snake.MouseTest" time="0.001"/>
  <testcase name="testNextPoint[[Point(y=0, x=0), Point(y=0, x=1), Point(y=0, x=2), Point(y=0, x=3), Point(y=0, x=4), Point(y=0, x=5), Point(y=0, x=6), Point(y=0, x=7), Point(y=0, x=8), Point(y=0, x=9), Point(y=1, x=0), Point(y=1, x=1), Point(y=1, x=2), Point(y=1, x=3), Point(y=1, x=4), Point(y=1, x=5), Point(y=1, x=6), Point(y=1, x=7), Point(y=1, x=8), Point(y=1, x=9), Point(y=2, x=0), Point(y=2, x=1), Point(y=2, x=2), Point(y=2, x=3), Point(y=2, x=4), Point(y=2, x=5), Point(y=2, x=6), Point(y=2, x=7), Point(y=2, x=8), Point(y=2, x=9), Point(y=3, x=0), Point(y=3, x=2), Point(y=3, x=3), Point(y=3, x=4), Point(y=3, x=5), Point(y=3, x=6), Point(y=3, x=7), Point(y=3, x=8), Point(y=3, x=9), Point(y=4, x=0), Point(y=4, x=1), Point(y=4, x=2), Point(y=4, x=3), Point(y=4, x=4), Point(y=4, x=5), Point(y=4, x=6), Point(y=4, x=7), Point(y=4, x=8), Point(y=4, x=9), Point(y=5, x=0), Point(y=5, x=1), Point(y=5, x=2), Point(y=5, x=3), Point(y=5, x=4), Point(y=5, x=5), Point(y=5, x=6), Point(y=5, x=7), Point(y=5, x=8), Point(y=5, x=9), Point(y=6, x=0), Point(y=6, x=1), Point(y=6, x=2), Point(y=6, x=3), Point(y=6, x=4), Point(y=6, x=5), Point(y=6, x=6), Point(y=6, x=7), Point(y=6, x=8), Point(y=6, x=9), Point(y=7, x=0), Point(y=7, x=1), Point(y=7, x=2), Point(y=7, x=3), Point(y=7, x=4), Point(y=7, x=5), Point(y=7, x=6), Point(y=7, x=7), Point(y=7, x=8), Point(y=7, x=9), Point(y=8, x=0), Point(y=8, x=1), Point(y=8, x=2), Point(y=8, x=3), Point(y=8, x=4), Point(y=8, x=5), Point(y=8, x=6), Point(y=8, x=7), Point(y=8, x=8), Point(y=8, x=9), Point(y=9, x=0), Point(y=9, x=1), Point(y=9, x=2), Point(y=9, x=3), Point(y=9, x=4), Point(y=9, x=5), Point(y=9, x=6), Point(y=9, x=7), Point(y=9, x=8), Point(y=9, x=9), Point(y=10, x=0), Point(y=10, x=1), Point(y=10, x=2), Point(y=10, x=3), Point(y=10, x=4), Point(y=10, x=5), Point(y=10, x=6), Point(y=10, x=7), Point(y=10, x=8), Point(y=10, x=9), Point(y=11, x=0), Point(y=11, x=1), Point(y=11, x=2), Point(y=11, x=3), Point(y=11, x=4), Point(y=11, x=5), Point(y=11, x=6), Point(y=11, x=7), Point(y=11, x=8), Point(y=11, x=9), Point(y=12, x=0), Point(y=12, x=1), Point(y=12, x=2), Point(y=12, x=3), Point(y=12, x=4), Point(y=12, x=5), Point(y=12, x=6), Point(y=12, x=7), Point(y=12, x=8), Point(y=12, x=9), Point(y=13, x=0), Point(y=13, x=1), Point(y=13, x=2), Point(y=13, x=3), Point(y=13, x=4), Point(y=13, x=5), Point(y=13, x=6), Point(y=13, x=7), Point(y=13, x=8), Point(y=13, x=9), Point(y=14, x=0), Point(y=14, x=1), Point(y=14, x=2), Point(y=14, x=3), Point(y=14, x=4), Point(y=14, x=5), Point(y=14, x=6), Point(y=14, x=7), Point(y=14, x=8), Point(y=14, x=9), Point(y=15, x=0), Point(y=15, x=1), Point(y=15, x=2), Point(y=15, x=3), Point(y=15, x=4), Point(y=15, x=5), Point(y=15, x=6), Point(y=15, x=7), Point(y=15, x=8), Point(y=15, x=9), Point(y=16, x=0), Point(y=16, x=1), Point(y=16, x=2), Point(y=16, x=3), Point(y=16, x=4), Point(y=16, x=5), Point(y=16, x=6), Point(y=16, x=7), Point(y=16, x=8), Point(y=16, x=9), Point(y=17, x=0), Point(y=17, x=1), Point(y=17, x=2), Point(y=17, x=3), Point(y=17, x=4), Point(y=17, x=5), Point(y=17, x=6), Point(y=17, x=7), Point(y=17, x=8), Point(y=17, x=9), Point(y=18, x=0), Point(y=18, x=1), Point(y=18, x=2), Point(y=18, x=3), Point(y=18, x=4), Point(y=18, x=5), Point(y=18, x=6), Point(y=18, x=7), Point(y=18, x=8), Point(y=18, x=9), Point(y=19, x=0), Point(y=19, x=1), Point(y=19, x=2), Point(y=19, x=3), Point(y=19, x=4), Point(y=19, x=5), Point(y=19, x=6), Point(y=19, x=7), Point(y=19, x=8), Point(y=19, x=9)], Point(y=3, x=1)](8)" classname="com.github.vitalibo.brickgame.game.snake.MouseTest" time="0.0"/>
  <testcase name="testNextPoint[[Point(y=0, x=0), Point(y=0, x=1), Point(y=0, x=2), Point(y=0, x=3), Point(y=0, x=4), Point(y=0, x=5), Point(y=0, x=6), Point(y=0, x=7), Point(y=0, x=8), Point(y=0, x=9), Point(y=1, x=0), Point(y=1, x=1), Point(y=1, x=2), Point(y=1, x=3), Point(y=1, x=4), Point(y=1, x=5), Point(y=1, x=6), Point(y=1, x=7), Point(y=1, x=8), Point(y=1, x=9), Point(y=2, x=0), Point(y=2, x=1), Point(y=2, x=2), Point(y=2, x=3), Point(y=2, x=4), Point(y=2, x=5), Point(y=2, x=6), Point(y=2, x=7), Point(y=2, x=8), Point(y=2, x=9), Point(y=3, x=0), Point(y=3, x=1), Point(y=3, x=2), Point(y=3, x=3), Point(y=3, x=4), Point(y=3, x=5), Point(y=3, x=6), Point(y=3, x=7), Point(y=3, x=8), Point(y=3, x=9), Point(y=4, x=0), Point(y=4, x=1), Point(y=4, x=2), Point(y=4, x=3), Point(y=4, x=4), Point(y=4, x=5), Point(y=4, x=6), Point(y=4, x=7), Point(y=4, x=8), Point(y=4, x=9), Point(y=5, x=0), Point(y=5, x=1), Point(y=5, x=2), Point(y=5, x=3), Point(y=5, x=4), Point(y=5, x=5), Point(y=5, x=6), Point(y=5, x=7), Point(y=5, x=8), Point(y=5, x=9), Point(y=6, x=0), Point(y=6, x=1), Point(y=6, x=2), Point(y=6, x=3), Point(y=6, x=4), Point(y=6, x=5), Point(y=6, x=6), Point(y=6, x=7), Point(y=6, x=8), Point(y=6, x=9), Point(y=7, x=0), Point(y=7, x=1), Point(y=7, x=2), Point(y=7, x=3), Point(y=7, x=4), Point(y=7, x=5), Point(y=7, x=6), Point(y=7, x=7), Point(y=7, x=8), Point(y=7, x=9), Point(y=8, x=0), Point(y=8, x=1), Point(y=8, x=2), Point(y=8, x=3), Point(y=8, x=4), Point(y=8, x=5), Point(y=8, x=6), Point(y=8, x=7), Point(y=8, x=8), Point(y=8, x=9), Point(y=9, x=0), Point(y=9, x=1), Point(y=9, x=2), Point(y=9, x=3), Point(y=9, x=4), Point(y=9, x=5), Point(y=9, x=6), Point(y=9, x=7), Point(y=9, x=8), Point(y=9, x=9), Point(y=10, x=0), Point(y=10, x=1), Point(y=10, x=2), Point(y=10, x=3), Point(y=10, x=4), Point(y=10, x=5), Point(y=10, x=6), Point(y=10, x=7), Point(y=10, x=8), Point(y=10, x=9), Point(y=11, x=0), Point(y=11, x=1), Point(y=11, x=2), Point(y=11, x=4), Point(y=11, x=5), Point(y=11, x=6), Point(y=11, x=7), Point(y=11, x=8), Point(y=11, x=9), Point(y=12, x=0), Point(y=12, x=1), Point(y=12, x=2), Point(y=12, x=3), Point(y=12, x=4), Point(y=12, x=5), Point(y=12, x=6), Point(y=12, x=7), Point(y=12, x=8), Point(y=12, x=9), Point(y=13, x=0), Point(y=13, x=1), Point(y=13, x=2), Point(y=13, x=3), Point(y=13, x=4), Point(y=13, x=5), Point(y=13, x=6), Point(y=13, x=7), Point(y=13, x=8), Point(y=13, x=9), Point(y=14, x=0), Point(y=14, x=1), Point(y=14, x=2), Point(y=14, x=3), Point(y=14, x=4), Point(y=14, x=5), Point(y=14, x=6), Point(y=14, x=7), Point(y=14, x=8), Point(y=14, x=9), Point(y=15, x=0), Point(y=15, x=1), Point(y=15, x=2), Point(y=15, x=3), Point(y=15, x=4), Point(y=15, x=5), Point(y=15, x=6), Point(y=15, x=7), Point(y=15, x=8), Point(y=15, x=9), Point(y=16, x=0), Point(y=16, x=1), Point(y=16, x=2), Point(y=16, x=3), Point(y=16, x=4), Point(y=16, x=5), Point(y=16, x=6), Point(y=16, x=7), Point(y=16, x=8), Point(y=16, x=9), Point(y=17, x=0), Point(y=17, x=1), Point(y=17, x=2), Point(y=17, x=3), Point(y=17, x=4), Point(y=17, x=5), Point(y=17, x=6), Point(y=17, x=7), Point(y=17, x=8), Point(y=17, x=9), Point(y=18, x=0), Point(y=18, x=1), Point(y=18, x=2), Point(y=18, x=3), Point(y=18, x=4), Point(y=18, x=5), Point(y=18, x=6), Point(y=18, x=7), Point(y=18, x=8), Point(y=18, x=9), Point(y=19, x=0), Point(y=19, x=1), Point(y=19, x=2), Point(y=19, x=3), Point(y=19, x=4), Point(y=19, x=5), Point(y=19, x=6), Point(y=19, x=7), Point(y=19, x=8), Point(y=19, x=9)], Point(y=11, x=3)](9)" classname="com.github.vitalibo.brickgame.game.snake.MouseTest" time="0.0"/>
  <testcase name="testNextPoint[[Point(y=0, x=0), Point(y=0, x=1), Point(y=0, x=2), Point(y=0, x=3), Point(y=0, x=4), Point(y=0, x=5), Point(y=0, x=6), Point(y=0, x=7), Point(y=0, x=8), Point(y=0, x=9), Point(y=1, x=0), Point(y=1, x=1), Point(y=1, x=2), Point(y=1, x=3), Point(y=1, x=4), Point(y=1, x=5), Point(y=1, x=6), Point(y=1, x=7), Point(y=1, x=8), Point(y=1, x=9), Point(y=2, x=0), Point(y=2, x=1), Point(y=2, x=2), Point(y=2, x=3), Point(y=2, x=4), Point(y=2, x=5), Point(y=2, x=6), Point(y=2, x=7), Point(y=2, x=8), Point(y=2, x=9), Point(y=3, x=0), Point(y=3, x=1), Point(y=3, x=2), Point(y=3, x=3), Point(y=3, x=4), Point(y=3, x=5), Point(y=3, x=6), Point(y=3, x=7), Point(y=3, x=8), Point(y=3, x=9), Point(y=4, x=0), Point(y=4, x=1), Point(y=4, x=2), Point(y=4, x=3), Point(y=4, x=4), Point(y=4, x=5), Point(y=4, x=6), Point(y=4, x=7), Point(y=4, x=8), Point(y=4, x=9), Point(y=5, x=0), Point(y=5, x=1), Point(y=5, x=2), Point(y=5, x=3), Point(y=5, x=4), Point(y=5, x=5), Point(y=5, x=6), Point(y=5, x=7), Point(y=5, x=8), Point(y=5, x=9), Point(y=6, x=0), Point(y=6, x=1), Point(y=6, x=2), Point(y=6, x=3), Point(y=6, x=4), Point(y=6, x=5), Point(y=6, x=6), Point(y=6, x=7), Point(y=6, x=8), Point(y=6, x=9), Point(y=7, x=0), Point(y=7, x=1), Point(y=7, x=2), Point(y=7, x=3), Point(y=7, x=4), Point(y=7, x=5), Point(y=7, x=6), Point(y=7, x=7), Point(y=7, x=8), Point(y=7, x=9), Point(y=8, x=0), Point(y=8, x=1), Point(y=8, x=2), Point(y=8, x=3), Point(y=8, x=4), Point(y=8, x=5), Point(y=8, x=6), Point(y=8, x=7), Point(y=8, x=8), Point(y=8, x=9), Point(y=9, x=0), Point(y=9, x=1), Point(y=9, x=2), Point(y=9, x=3), Point(y=9, x=4), Point(y=9, x=5), Point(y=9, x=6), Point(y=9, x=7), Point(y=9, x=8), Point(y=9, x=9), Point(y=10, x=0), Point(y=10, x=1), Point(y=10, x=2), Point(y=10, x=3), Point(y=10, x=4), Point(y=10, x=5), Point(y=10, x=6), Point(y=10, x=7), Point(y=10, x=8), Point(y=10, x=9), Point(y=11, x=0), Point(y=11, x=1), Point(y=11, x=2), Point(y=11, x=3), Point(y=11, x=4), Point(y=11, x=5), Point(y=11, x=6), Point(y=11, x=7), Point(y=11, x=8), Point(y=11, x=9), Point(y=12, x=0), Point(y=12, x=1), Point(y=12, x=2), Point(y=12, x=3), Point(y=12, x=4), Point(y=12, x=5), Point(y=12, x=6), Point(y=12, x=7), Point(y=12, x=8), Point(y=12, x=9), Point(y=13, x=0), Point(y=13, x=1), Point(y=13, x=2), Point(y=13, x=3), Point(y=13, x=4), Point(y=13, x=5), Point(y=13, x=6), Point(y=13, x=7), Point(y=13, x=8), Point(y=13, x=9), Point(y=14, x=0), Point(y=14, x=1), Point(y=14, x=2), Point(y=14, x=3), Point(y=14, x=4), Point(y=14, x=5), Point(y=14, x=6), Point(y=14, x=7), Point(y=14, x=8), Point(y=14, x=9), Point(y=15, x=0), Point(y=15, x=1), Point(y=15, x=2), Point(y=15, x=3), Point(y=15, x=4), Point(y=15, x=5), Point(y=15, x=6), Point(y=15, x=7), Point(y=15, x=8), Point(y=15, x=9), Point(y=16, x=0), Point(y=16, x=1), Point(y=16, x=2), Point(y=16, x=3), Point(y=16, x=4), Point(y=16, x=5), Point(y=16, x=6), Point(y=16, x=7), Point(y=16, x=8), Point(y=16, x=9), Point(y=17, x=0), Point(y=17, x=1), Point(y=17, x=2), Point(y=17, x=3), Point(y=17, x=4), Point(y=17, x=5), Point(y=17, x=6), Point(y=17, x=7), Point(y=17, x=8), Point(y=17, x=9), Point(y=18, x=0), Point(y=18, x=1), Point(y=18, x=2), Point(y=18, x=3), Point(y=18, x=4), Point(y=18, x=5), Point(y=18, x=6), Point(y=18, x=7), Point(y=18, x=8), Point(y=18, x=9), Point(y=19, x=0), Point(y=19, x=1), Point(y=19, x=2), Point(y=19, x=4), Point(y=19, x=5), Point(y=19, x=6), Point(y=19, x=7), Point(y=19, x=8), Point(y=19, x=9)], Point(y=19, x=3)](10)" classname="com.github.vitalibo.brickgame.game.snake.MouseTest" time="0.001"/>
  <testcase name="testNextPoint[[Point(y=0, x=0), Point(y=0, x=1), Point(y=0, x=2), Point(y=0, x=3), Point(y=0, x=4), Point(y=0, x=5), Point(y=0, x=6), Point(y=0, x=7), Point(y=0, x=8), Point(y=0, x=9), Point(y=1, x=0), Point(y=1, x=1), Point(y=1, x=3), Point(y=1, x=4), Point(y=1, x=5), Point(y=1, x=6), Point(y=1, x=7), Point(y=1, x=8), Point(y=1, x=9), Point(y=2, x=0), Point(y=2, x=1), Point(y=2, x=2), Point(y=2, x=3), Point(y=2, x=4), Point(y=2, x=5), Point(y=2, x=6), Point(y=2, x=7), Point(y=2, x=8), Point(y=2, x=9), Point(y=3, x=0), Point(y=3, x=1), Point(y=3, x=2), Point(y=3, x=3), Point(y=3, x=4), Point(y=3, x=5), Point(y=3, x=6), Point(y=3, x=7), Point(y=3, x=8), Point(y=3, x=9), Point(y=4, x=0), Point(y=4, x=1), Point(y=4, x=2), Point(y=4, x=3), Point(y=4, x=4), Point(y=4, x=5), Point(y=4, x=6), Point(y=4, x=7), Point(y=4, x=8), Point(y=4, x=9), Point(y=5, x=0), Point(y=5, x=1), Point(y=5, x=2), Point(y=5, x=3), Point(y=5, x=4), Point(y=5, x=5), Point(y=5, x=6), Point(y=5, x=7), Point(y=5, x=8), Point(y=5, x=9), Point(y=6, x=0), Point(y=6, x=1), Point(y=6, x=2), Point(y=6, x=3), Point(y=6, x=4), Point(y=6, x=5), Point(y=6, x=6), Point(y=6, x=7), Point(y=6, x=8), Point(y=6, x=9), Point(y=7, x=0), Point(y=7, x=1), Point(y=7, x=2), Point(y=7, x=3), Point(y=7, x=4), Point(y=7, x=5), Point(y=7, x=6), Point(y=7, x=7), Point(y=7, x=8), Point(y=7, x=9), Point(y=8, x=0), Point(y=8, x=1), Point(y=8, x=2), Point(y=8, x=3), Point(y=8, x=4), Point(y=8, x=5), Point(y=8, x=6), Point(y=8, x=7), Point(y=8, x=8), Point(y=8, x=9), Point(y=9, x=0), Point(y=9, x=1), Point(y=9, x=2), Point(y=9, x=3), Point(y=9, x=4), Point(y=9, x=5), Point(y=9, x=6), Point(y=9, x=7), Point(y=9, x=8), Point(y=9, x=9), Point(y=10, x=0), Point(y=10, x=1), Point(y=10, x=2), Point(y=10, x=3), Point(y=10, x=4), Point(y=10, x=5), Point(y=10, x=6), Point(y=10, x=7), Point(y=10, x=8), Point(y=10, x=9), Point(y=11, x=0), Point(y=11, x=1), Point(y=11, x=2), Point(y=11, x=3), Point(y=11, x=4), Point(y=11, x=5), Point(y=11, x=6), Point(y=11, x=7), Point(y=11, x=8), Point(y=11, x=9), Point(y=12, x=0), Point(y=12, x=1), Point(y=12, x=2), Point(y=12, x=3), Point(y=12, x=4), Point(y=12, x=5), Point(y=12, x=6), Point(y=12, x=7), Point(y=12, x=8), Point(y=12, x=9), Point(y=13, x=0), Point(y=13, x=1), Point(y=13, x=2), Point(y=13, x=3), Point(y=13, x=4), Point(y=13, x=5), Point(y=13, x=6), Point(y=13, x=7), Point(y=13, x=8), Point(y=13, x=9), Point(y=14, x=0), Point(y=14, x=1), Point(y=14, x=2), Point(y=14, x=3), Point(y=14, x=4), Point(y=14, x=5), Point(y=14, x=6), Point(y=14, x=7), Point(y=14, x=8), Point(y=14, x=9), Point(y=15, x=0), Point(y=15, x=1), Point(y=15, x=2), Point(y=15, x=3), Point(y=15, x=4), Point(y=15, x=5), Point(y=15, x=6), Point(y=15, x=7), Point(y=15, x=8), Point(y=15, x=9), Point(y=16, x=0), Point(y=16, x=1), Point(y=16, x=2), Point(y=16, x=3), Point(y=16, x=4), Point(y=16, x=5), Point(y=16, x=6), Point(y=16, x=7), Point(y=16, x=8), Point(y=16, x=9), Point(y=17, x=0), Point(y=17, x=1), Point(y=17, x=2), Point(y=17, x=3), Point(y=17, x=4), Point(y=17, x=5), Point(y=17, x=6), Point(y=17, x=7), Point(y=17, x=8), Point(y=17, x=9), Point(y=18, x=0), Point(y=18, x=1), Point(y=18, x=2), Point(y=18, x=3), Point(y=18, x=4), Point(y=18, x=5), Point(y=18, x=6), Point(y=18, x=7), Point(y=18, x=8), Point(y=18, x=9), Point(y=19, x=0), Point(y=19, x=1), Point(y=19, x=2), Point(y=19, x=3), Point(y=19, x=4), Point(y=19, x=5), Point(y=19, x=6), Point(y=19, x=7), Point(y=19, x=8), Point(y=19, x=9)], Point(y=1, x=2)](11)" classname="com.github.vitalibo.brickgame.game.snake.MouseTest" time="0.0"/>
  <testcase name="testNextPoint[[Point(y=0, x=0), Point(y=0, x=1), Point(y=0, x=2), Point(y=0, x=3), Point(y=0, x=4), Point(y=0, x=5), Point(y=0, x=6), Point(y=0, x=7), Point(y=0, x=8), Point(y=0, x=9), Point(y=1, x=0), Point(y=1, x=1), Point(y=1, x=2), Point(y=1, x=3), Point(y=1, x=4), Point(y=1, x=5), Point(y=1, x=6), Point(y=1, x=7), Point(y=1, x=8), Point(y=1, x=9), Point(y=2, x=0), Point(y=2, x=2), Point(y=2, x=3), Point(y=2, x=4), Point(y=2, x=5), Point(y=2, x=6), Point(y=2, x=7), Point(y=2, x=8), Point(y=2, x=9), Point(y=3, x=0), Point(y=3, x=1), Point(y=3, x=2), Point(y=3, x=3), Point(y=3, x=4), Point(y=3, x=5), Point(y=3, x=6), Point(y=3, x=7), Point(y=3, x=8), Point(y=3, x=9), Point(y=4, x=0), Point(y=4, x=1), Point(y=4, x=2), Point(y=4, x=3), Point(y=4, x=4), Point(y=4, x=5), Point(y=4, x=6), Point(y=4, x=7), Point(y=4, x=8), Point(y=4, x=9), Point(y=5, x=0), Point(y=5, x=1), Point(y=5, x=2), Point(y=5, x=3), Point(y=5, x=4), Point(y=5, x=5), Point(y=5, x=6), Point(y=5, x=7), Point(y=5, x=8), Point(y=5, x=9), Point(y=6, x=0), Point(y=6, x=1), Point(y=6, x=2), Point(y=6, x=3), Point(y=6, x=4), Point(y=6, x=5), Point(y=6, x=6), Point(y=6, x=7), Point(y=6, x=8), Point(y=6, x=9), Point(y=7, x=0), Point(y=7, x=1), Point(y=7, x=2), Point(y=7, x=3), Point(y=7, x=4), Point(y=7, x=5), Point(y=7, x=6), Point(y=7, x=7), Point(y=7, x=8), Point(y=7, x=9), Point(y=8, x=0), Point(y=8, x=1), Point(y=8, x=2), Point(y=8, x=3), Point(y=8, x=4), Point(y=8, x=5), Point(y=8, x=6), Point(y=8, x=7), Point(y=8, x=8), Point(y=8, x=9), Point(y=9, x=0), Point(y=9, x=1), Point(y=9, x=2), Point(y=9, x=3), Point(y=9, x=4), Point(y=9, x=5), Point(y=9, x=6), Point(y=9, x=7), Point(y=9, x=8), Point(y=9, x=9), Point(y=10, x=0), Point(y=10, x=1), Point(y=10, x=2), Point(y=10, x=3), Point(y=10, x=4), Point(y=10, x=5), Point(y=10, x=6), Point(y=10, x=7), Point(y=10, x=8), Point(y=10, x=9), Point(y=11, x=0), Point(y=11, x=1), Point(y=11, x=2), Point(y=11, x=3), Point(y=11, x=4), Point(y=11, x=5), Point(y=11, x=6), Point(y=11, x=7), Point(y=11, x=8), Point(y=11, x=9), Point(y=12, x=0), Point(y=12, x=1), Point(y=12, x=2), Point(y=12, x=3), Point(y=12, x=4), Point(y=12, x=5), Point(y=12, x=6), Point(y=12, x=7), Point(y=12, x=8), Point(y=12, x=9), Point(y=13, x=0), Point(y=13, x=1), Point(y=13, x=2), Point(y=13, x=3), Point(y=13, x=4), Point(y=13, x=5), Point(y=13, x=6), Point(y=13, x=7), Point(y=13, x=8), Point(y=13, x=9), Point(y=14, x=0), Point(y=14, x=1), Point(y=14, x=2), Point(y=14, x=3), Point(y=14, x=4), Point(y=14, x=5), Point(y=14, x=6), Point(y=14, x=7), Point(y=14, x=8), Point(y=14, x=9), Point(y=15, x=0), Point(y=15, x=1), Point(y=15, x=2), Point(y=15, x=3), Point(y=15, x=4), Point(y=15, x=5), Point(y=15, x=6), Point(y=15, x=7), Point(y=15, x=8), Point(y=15, x=9), Point(y=16, x=0), Point(y=16, x=1), Point(y=16, x=2), Point(y=16, x=3), Point(y=16, x=4), Point(y=16, x=5), Point(y=16, x=6), Point(y=16, x=7), Point(y=16, x=8), Point(y=16, x=9), Point(y=17, x=0), Point(y=17, x=1), Point(y=17, x=2), Point(y=17, x=3), Point(y=17, x=4), Point(y=17, x=5), Point(y=17, x=6), Point(y=17, x=7), Point(y=17, x=8), Point(y=17, x=9), Point(y=18, x=0), Point(y=18, x=1), Point(y=18, x=2), Point(y=18, x=3), Point(y=18, x=4), Point(y=18, x=5), Point(y=18, x=6), Point(y=18, x=7), Point(y=18, x=8), Point(y=18, x=9), Point(y=19, x=0), Point(y=19, x=1), Point(y=19, x=2), Point(y=19, x=3), Point(y=19, x=4), Point(y=19, x=5), Point(y=19, x=6), Point(y=19, x=7), Point(y=19, x=8), Point(y=19, x=9)], Point(y=2, x=1)](12)" classname="com.github.vitalibo.brickgame.game.snake.MouseTest" time="0.001"/>
  <testcase name="testNextPoint[[Point(y=0, x=0), Point(y=0, x=1), Point(y=0, x=2), Point(y=0, x=3), Point(y=0, x=4), Point(y=0, x=5), Point(y=0, x=6), Point(y=0, x=7), Point(y=0, x=8), Point(y=0, x=9), Point(y=1, x=0), Point(y=1, x=1), Point(y=1, x=2), Point(y=1, x=3), Point(y=1, x=4), Point(y=1, x=5), Point(y=1, x=6), Point(y=1, x=7), Point(y=1, x=8), Point(y=1, x=9), Point(y=2, x=0), Point(y=2, x=1), Point(y=2, x=2), Point(y=2, x=3), Point(y=2, x=4), Point(y=2, x=5), Point(y=2, x=6), Point(y=2, x=7), Point(y=2, x=8), Point(y=2, x=9), Point(y=3, x=0), Point(y=3, x=1), Point(y=3, x=2), Point(y=3, x=3), Point(y=3, x=4), Point(y=3, x=5), Point(y=3, x=6), Point(y=3, x=7), Point(y=3, x=8), Point(y=3, x=9), Point(y=4, x=0), Point(y=4, x=1), Point(y=4, x=2), Point(y=4, x=3), Point(y=4, x=4), Point(y=4, x=5), Point(y=4, x=6), Point(y=4, x=7), Point(y=4, x=8), Point(y=4, x=9), Point(y=5, x=0), Point(y=5, x=1), Point(y=5, x=2), Point(y=5, x=3), Point(y=5, x=4), Point(y=5, x=5), Point(y=5, x=6), Point(y=5, x=7), Point(y=5, x=8), Point(y=5, x=9), Point(y=6, x=0), Point(y=6, x=1), Point(y=6, x=2), Point(y=6, x=3), Point(y=6, x=4), Point(y=6, x=5), Point(y=6, x=6), Point(y=6, x=7), Point(y=6, x=8), Point(y=6, x=9), Point(y=7, x=0), Point(y=7, x=1), Point(y=7, x=2), Point(y=7, x=3), Point(y=7, x=4), Point(y=7, x=5), Point(y=7, x=6), Point(y=7, x=7), Point(y=7, x=8), Point(y=7, x=9), Point(y=8, x=0), Point(y=8, x=1), Point(y=8, x=2), Point(y=8, x=3), Point(y=8, x=4), Point(y=8, x=5), Point(y=8, x=6), Point(y=8, x=7), Point(y=8, x=8), Point(y=8, x=9), Point(y=9, x=0), Point(y=9, x=1), Point(y=9, x=2), Point(y=9, x=3), Point(y=9, x=4), Point(y=9, x=5), Point(y=9, x=6), Point(y=9, x=7), Point(y=9, x=9), Point(y=10, x=0), Point(y=10, x=1), Point(y=10, x=2), Point(y=10, x=3), Point(y=10, x=4), Point(y=10, x=5), Point(y=10, x=6), Point(y=10, x=7), Point(y=10, x=8), Point(y=10, x=9), Point(y=11, x=0), Point(y=11, x=1), Point(y=11, x=2), Point(y=11, x=3), Point(y=11, x=4), Point(y=11, x=5), Point(y=11, x=6), Point(y=11, x=7), Point(y=11, x=8), Point(y=11, x=9), Point(y=12, x=0), Point(y=12, x=1), Point(y=12, x=2), Point(y=12, x=3), Point(y=12, x=4), Point(y=12, x=5), Point(y=12, x=6), Point(y=12, x=7), Point(y=12, x=8), Point(y=12, x=9), Point(y=13, x=0), Point(y=13, x=1), Point(y=13, x=2), Point(y=13, x=3), Point(y=13, x=4), Point(y=13, x=5), Point(y=13, x=6), Point(y=13, x=7), Point(y=13, x=8), Point(y=13, x=9), Point(y=14, x=0), Point(y=14, x=1), Point(y=14, x=2), Point(y=14, x=3), Point(y=14, x=4), Point(y=14, x=5), Point(y=14, x=6), Point(y=14, x=7), Point(y=14, x=8), Point(y=14, x=9), Point(y=15, x=0), Point(y=15, x=1), Point(y=15, x=2), Point(y=15, x=3), Point(y=15, x=4), Point(y=15, x=5), Point(y=15, x=6), Point(y=15, x=7), Point(y=15, x=8), Point(y=15, x=9), Point(y=16, x=0), Point(y=16, x=1), Point(y=16, x=2), Point(y=16, x=3), Point(y=16, x=4), Point(y=16, x=5), Point(y=16, x=6), Point(y=16, x=7), Point(y=16, x=8), Point(y=16, x=9), Point(y=17, x=0), Point(y=17, x=1), Point(y=17, x=2), Point(y=17, x=3), Point(y=17, x=4), Point(y=17, x=5), Point(y=17, x=6), Point(y=17, x=7), Point(y=17, x=8), Point(y=17, x=9), Point(y=18, x=0), Point(y=18, x=1), Point(y=18, x=2), Point(y=18, x=3), Point(y=18, x=4), Point(y=18, x=5), Point(y=18, x=6), Point(y=18, x=7), Point(y=18, x=8), Point(y=18, x=9), Point(y=19, x=0), Point(y=19, x=1), Point(y=19, x=2), Point(y=19, x=3), Point(y=19, x=4), Point(y=19, x=5), Point(y=19, x=6), Point(y=19, x=7), Point(y=19, x=8), Point(y=19, x=9)], Point(y=9, x=8)](13)" classname="com.github.vitalibo.brickgame.game.snake.MouseTest" time="0.0"/>
  <testcase name="testNextPoint[[Point(y=0, x=0), Point(y=0, x=1), Point(y=0, x=2), Point(y=0, x=3), Point(y=0, x=4), Point(y=0, x=5), Point(y=0, x=6), Point(y=0, x=7), Point(y=0, x=8), Point(y=0, x=9), Point(y=1, x=0), Point(y=1, x=1), Point(y=1, x=2), Point(y=1, x=3), Point(y=1, x=4), Point(y=1, x=5), Point(y=1, x=6), Point(y=1, x=7), Point(y=1, x=8), Point(y=1, x=9), Point(y=2, x=0), Point(y=2, x=1), Point(y=2, x=2), Point(y=2, x=3), Point(y=2, x=4), Point(y=2, x=5), Point(y=2, x=6), Point(y=2, x=7), Point(y=2, x=8), Point(y=2, x=9), Point(y=3, x=0), Point(y=3, x=1), Point(y=3, x=2), Point(y=3, x=3), Point(y=3, x=4), Point(y=3, x=5), Point(y=3, x=6), Point(y=3, x=7), Point(y=3, x=8), Point(y=3, x=9), Point(y=4, x=0), Point(y=4, x=1), Point(y=4, x=2), Point(y=4, x=3), Point(y=4, x=4), Point(y=4, x=5), Point(y=4, x=6), Point(y=4, x=7), Point(y=4, x=8), Point(y=4, x=9), Point(y=5, x=0), Point(y=5, x=1), Point(y=5, x=2), Point(y=5, x=3), Point(y=5, x=4), Point(y=5, x=5), Point(y=5, x=6), Point(y=5, x=7), Point(y=5, x=8), Point(y=5, x=9), Point(y=6, x=0), Point(y=6, x=1), Point(y=6, x=2), Point(y=6, x=3), Point(y=6, x=4), Point(y=6, x=5), Point(y=6, x=6), Point(y=6, x=7), Point(y=6, x=8), Point(y=6, x=9), Point(y=7, x=0), Point(y=7, x=1), Point(y=7, x=2), Point(y=7, x=3), Point(y=7, x=4), Point(y=7, x=5), Point(y=7, x=6), Point(y=7, x=7), Point(y=7, x=8), Point(y=7, x=9), Point(y=8, x=0), Point(y=8, x=1), Point(y=8, x=2), Point(y=8, x=3), Point(y=8, x=4), Point(y=8, x=5), Point(y=8, x=6), Point(y=8, x=7), Point(y=8, x=8), Point(y=8, x=9), Point(y=9, x=0), Point(y=9, x=1), Point(y=9, x=2), Point(y=9, x=3), Point(y=9, x=4), Point(y=9, x=5), Point(y=9, x=6), Point(y=9, x=7), Point(y=9, x=8), Point(y=9, x=9), Point(y=10, x=0), Point(y=10, x=1), Point(y=10, x=2), Point(y=10, x=3), Point(y=10, x=4), Point(y=10, x=5), Point(y=10, x=6), Point(y=10, x=7), Point(y=10, x=8), Point(y=10, x=9), Point(y=11, x=0), Point(y=11, x=1), Point(y=11, x=2), Point(y=11, x=3), Point(y=11, x=4), Point(y=11, x=5), Point(y=11, x=6), Point(y=11, x=7), Point(y=11, x=8), Point(y=11, x=9), Point(y=12, x=0), Point(y=12, x=1), Point(y=12, x=2), Point(y=12, x=3), Point(y=12, x=5), Point(y=12, x=6), Point(y=12, x=7), Point(y=12, x=8), Point(y=12, x=9), Point(y=13, x=0), Point(y=13, x=1), Point(y=13, x=2), Point(y=13, x=3), Point(y=13, x=4), Point(y=13, x=5), Point(y=13, x=6), Point(y=13, x=7), Point(y=13, x=8), Point(y=13, x=9), Point(y=14, x=0), Point(y=14, x=1), Point(y=14, x=2), Point(y=14, x=3), Point(y=14, x=4), Point(y=14, x=5), Point(y=14, x=6), Point(y=14, x=7), Point(y=14, x=8), Point(y=14, x=9), Point(y=15, x=0), Point(y=15, x=1), Point(y=15, x=2), Point(y=15, x=3), Point(y=15, x=4), Point(y=15, x=5), Point(y=15, x=6), Point(y=15, x=7), Point(y=15, x=8), Point(y=15, x=9), Point(y=16, x=0), Point(y=16, x=1), Point(y=16, x=2), Point(y=16, x=3), Point(y=16, x=4), Point(y=16, x=5), Point(y=16, x=6), Point(y=16, x=7), Point(y=16, x=8), Point(y=16, x=9), Point(y=17, x=0), Point(y=17, x=1), Point(y=17, x=2), Point(y=17, x=3), Point(y=17, x=4), Point(y=17, x=5), Point(y=17, x=6), Point(y=17, x=7), Point(y=17, x=8), Point(y=17, x=9), Point(y=18, x=0), Point(y=18, x=1), Point(y=18, x=2), Point(y=18, x=3), Point(y=18, x=4), Point(y=18, x=5), Point(y=18, x=6), Point(y=18, x=7), Point(y=18, x=8), Point(y=18, x=9), Point(y=19, x=0), Point(y=19, x=1), Point(y=19, x=2), Point(y=19, x=3), Point(y=19, x=4), Point(y=19, x=5), Point(y=19, x=6), Point(y=19, x=7), Point(y=19, x=8), Point(y=19, x=9)], Point(y=12, x=4)](14)" classname="com.github.vitalibo.brickgame.game.snake.MouseTest" time="0.0"/>
  <testcase name="testNextPoint[[Point(y=0, x=0), Point(y=0, x=1), Point(y=0, x=2), Point(y=0, x=3), Point(y=0, x=4), Point(y=0, x=5), Point(y=0, x=6), Point(y=0, x=7), Point(y=0, x=8), Point(y=0, x=9), Point(y=1, x=0), Point(y=1, x=1), Point(y=1, x=2), Point(y=1, x=3), Point(y=1, x=4), Point(y=1, x=5), Point(y=1, x=6), Point(y=1, x=8), Point(y=1, x=9), Point(y=2, x=0), Point(y=2, x=1), Point(y=2, x=2), Point(y=2, x=3), Point(y=2, x=4), Point(y=2, x=5), Point(y=2, x=6), Point(y=2, x=7), Point(y=2, x=8), Point(y=2, x=9), Point(y=3, x=0), Point(y=3, x=1), Point(y=3, x=2), Point(y=3, x=3), Point(y=3, x=4), Point(y=3, x=5), Point(y=3, x=6), Point(y=3, x=7), Point(y=3, x=8), Point(y=3, x=9), Point(y=4, x=0), Point(y=4, x=1), Point(y=4, x=2), Point(y=4, x=3), Point(y=4, x=4), Point(y=4, x=5), Point(y=4, x=6), Point(y=4, x=7), Point(y=4, x=8), Point(y=4, x=9), Point(y=5, x=0), Point(y=5, x=1), Point(y=5, x=2), Point(y=5, x=3), Point(y=5, x=4), Point(y=5, x=5), Point(y=5, x=6), Point(y=5, x=7), Point(y=5, x=8), Point(y=5, x=9), Point(y=6, x=0), Point(y=6, x=1), Point(y=6, x=2), Point(y=6, x=3), Point(y=6, x=4), Point(y=6, x=5), Point(y=6, x=6), Point(y=6, x=7), Point(y=6, x=8), Point(y=6, x=9), Point(y=7, x=0), Point(y=7, x=1), Point(y=7, x=2), Point(y=7, x=3), Point(y=7, x=4), Point(y=7, x=5), Point(y=7, x=6), Point(y=7, x=7), Point(y=7, x=8), Point(y=7, x=9), Point(y=8, x=0), Point(y=8, x=1), Point(y=8, x=2), Point(y=8, x=3), Point(y=8, x=4), Point(y=8, x=5), Point(y=8, x=6), Point(y=8, x=7), Point(y=8, x=8), Point(y=8, x=9), Point(y=9, x=0), Point(y=9, x=1), Point(y=9, x=2), Point(y=9, x=3), Point(y=9, x=4), Point(y=9, x=5), Point(y=9, x=6), Point(y=9, x=7), Point(y=9, x=8), Point(y=9, x=9), Point(y=10, x=0), Point(y=10, x=1), Point(y=10, x=2), Point(y=10, x=3), Point(y=10, x=4), Point(y=10, x=5), Point(y=10, x=6), Point(y=10, x=7), Point(y=10, x=8), Point(y=10, x=9), Point(y=11, x=0), Point(y=11, x=1), Point(y=11, x=2), Point(y=11, x=3), Point(y=11, x=4), Point(y=11, x=5), Point(y=11, x=6), Point(y=11, x=7), Point(y=11, x=8), Point(y=11, x=9), Point(y=12, x=0), Point(y=12, x=1), Point(y=12, x=2), Point(y=12, x=3), Point(y=12, x=4), Point(y=12, x=5), Point(y=12, x=6), Point(y=12, x=7), Point(y=12, x=8), Point(y=12, x=9), Point(y=13, x=0), Point(y=13, x=1), Point(y=13, x=2), Point(y=13, x=3), Point(y=13, x=4), Point(y=13, x=5), Point(y=13, x=6), Point(y=13, x=7), Point(y=13, x=8), Point(y=13, x=9), Point(y=14, x=0), Point(y=14, x=1), Point(y=14, x=2), Point(y=14, x=3), Point(y=14, x=4), Point(y=14, x=5), Point(y=14, x=6), Point(y=14, x=7), Point(y=14, x=8), Point(y=14, x=9), Point(y=15, x=0), Point(y=15, x=1), Point(y=15, x=2), Point(y=15, x=3), Point(y=15, x=4), Point(y=15, x=5), Point(y=15, x=6), Point(y=15, x=7), Point(y=15, x=8), Point(y=15, x=9), Point(y=16, x=0), Point(y=16, x=1), Point(y=16, x=2), Point(y=16, x=3), Point(y=16, x=4), Point(y=16, x=5), Point(y=16, x=6), Point(y=16, x=7), Point(y=16, x=8), Point(y=16, x=9), Point(y=17, x=0), Point(y=17, x=1), Point(y=17, x=2), Point(y=17, x=3), Point(y=17, x=4), Point(y=17, x=5), Point(y=17, x=6), Point(y=17, x=7), Point(y=17, x=8), Point(y=17, x=9), Point(y=18, x=0), Point(y=18, x=1), Point(y=18, x=2), Point(y=18, x=3), Point(y=18, x=4), Point(y=18, x=5), Point(y=18, x=6), Point(y=18, x=7), Point(y=18, x=8), Point(y=18, x=9), Point(y=19, x=0), Point(y=19, x=1), Point(y=19, x=2), Point(y=19, x=3), Point(y=19, x=4), Point(y=19, x=5), Point(y=19, x=6), Point(y=19, x=7), Point(y=19, x=8), Point(y=19, x=9)], Point(y=1, x=7)](15)" classname="com.github.vitalibo.brickgame.game.snake.MouseTest" time="0.0"/>
  <testcase name="testNextPoint[[Point(y=0, x=0), Point(y=0, x=1), Point(y=0, x=3), Point(y=0, x=4), Point(y=0, x=5), Point(y=0, x=6), Point(y=0, x=7), Point(y=0, x=8), Point(y=0, x=9), Point(y=1, x=0), Point(y=1, x=1), Point(y=1, x=2), Point(y=1, x=3), Point(y=1, x=4), Point(y=1, x=5), Point(y=1, x=6), Point(y=1, x=7), Point(y=1, x=8), Point(y=1, x=9), Point(y=2, x=0), Point(y=2, x=1), Point(y=2, x=2), Point(y=2, x=3), Point(y=2, x=4), Point(y=2, x=5), Point(y=2, x=6), Point(y=2, x=7), Point(y=2, x=8), Point(y=2, x=9), Point(y=3, x=0), Point(y=3, x=1), Point(y=3, x=2), Point(y=3, x=3), Point(y=3, x=4), Point(y=3, x=5), Point(y=3, x=6), Point(y=3, x=7), Point(y=3, x=8), Point(y=3, x=9), Point(y=4, x=0), Point(y=4, x=1), Point(y=4, x=2), Point(y=4, x=3), Point(y=4, x=4), Point(y=4, x=5), Point(y=4, x=6), Point(y=4, x=7), Point(y=4, x=8), Point(y=4, x=9), Point(y=5, x=0), Point(y=5, x=1), Point(y=5, x=2), Point(y=5, x=3), Point(y=5, x=4), Point(y=5, x=5), Point(y=5, x=6), Point(y=5, x=7), Point(y=5, x=8), Point(y=5, x=9), Point(y=6, x=0), Point(y=6, x=1), Point(y=6, x=2), Point(y=6, x=3), Point(y=6, x=4), Point(y=6, x=5), Point(y=6, x=6), Point(y=6, x=7), Point(y=6, x=8), Point(y=6, x=9), Point(y=7, x=0), Point(y=7, x=1), Point(y=7, x=2), Point(y=7, x=3), Point(y=7, x=4), Point(y=7, x=5), Point(y=7, x=6), Point(y=7, x=7), Point(y=7, x=8), Point(y=7, x=9), Point(y=8, x=0), Point(y=8, x=1), Point(y=8, x=2), Point(y=8, x=3), Point(y=8, x=4), Point(y=8, x=5), Point(y=8, x=6), Point(y=8, x=7), Point(y=8, x=8), Point(y=8, x=9), Point(y=9, x=0), Point(y=9, x=1), Point(y=9, x=2), Point(y=9, x=3), Point(y=9, x=4), Point(y=9, x=5), Point(y=9, x=6), Point(y=9, x=7), Point(y=9, x=8), Point(y=9, x=9), Point(y=10, x=0), Point(y=10, x=1), Point(y=10, x=2), Point(y=10, x=3), Point(y=10, x=4), Point(y=10, x=5), Point(y=10, x=6), Point(y=10, x=7), Point(y=10, x=8), Point(y=10, x=9), Point(y=11, x=0), Point(y=11, x=1), Point(y=11, x=2), Point(y=11, x=3), Point(y=11, x=4), Point(y=11, x=5), Point(y=11, x=6), Point(y=11, x=7), Point(y=11, x=8), Point(y=11, x=9), Point(y=12, x=0), Point(y=12, x=1), Point(y=12, x=2), Point(y=12, x=3), Point(y=12, x=4), Point(y=12, x=5), Point(y=12, x=6), Point(y=12, x=7), Point(y=12, x=8), Point(y=12, x=9), Point(y=13, x=0), Point(y=13, x=1), Point(y=13, x=2), Point(y=13, x=3), Point(y=13, x=4), Point(y=13, x=5), Point(y=13, x=6), Point(y=13, x=7), Point(y=13, x=8), Point(y=13, x=9), Point(y=14, x=0), Point(y=14, x=1), Point(y=14, x=2), Point(y=14, x=3), 
[...]
  <testcase name="testNextPoint[[Point(y=0, x=0), Point(y=0, x=1), Point(y=0, x=2), Point(y=0, x=3), Point(y=0, x=4), Point(y=0, x=5), Point(y=0, x=6), Point(y=0, x=7), Point(y=0, x=8), Point(y=0, x=9), Point(y=1, x=0), Point(y=1, x=1), Point(y=1, x=2), Point(y=1, x=3), Point(y=1, x=4), Point(y=1, x=5), Point(y=1, x=6), Point(y=1, x=7), Point(y=1, x=8), Point(y=1, x=9), Point(y=2, x=0), Point(y=2, x=1), Point(y=2, x=2), Point(y=2, x=3), Point(y=2, x=4), Point(y=2, x=5), Point(y=2, x=6), Point(y=2, x=7), Point(y=2, x=8), Point(y=2, x=9), Point(y=3, x=0), Point(y=3, x=1), Point(y=3, x=2), Point(y=3, x=3), Point(y=3, x=4), Point(y=3, x=5), Point(y=3, x=6), Point(y=3, x=7), Point(y=3, x=8), Point(y=3, x=9), Point(y=4, x=0), Point(y=4, x=1), Point(y=4, x=2), Point(y=4, x=3), Point(y=4, x=4), Point(y=4, x=5), Point(y=4, x=6), Point(y=4, x=7), Point(y=4, x=8), Point(y=4, x=9), Point(y=5, x=1), Point(y=5, x=2), Point(y=5, x=3), Point(y=5, x=4), Point(y=5, x=5), Point(y=5, x=6), Point(y=5, x=7), Point(y=5, x=8), Point(y=5, x=9), Point(y=6, x=0), Point(y=6, x=1), Point(y=6, x=2), Point(y=6, x=3), Point(y=6, x=4), Point(y=6, x=5), Point(y=6, x=6), Point(y=6, x=7), Point(y=6, x=8), Point(y=6, x=9), Point(y=7, x=0), Point(y=7, x=1), Point(y=7, x=2), Point(y=7, x=3), Point(y=7, x=4), Point(y=7, x=5), Point(y=7, x=6), Point(y=7, x=7), Point(y=7, x=8), Point(y=7, x=9), Point(y=8, x=0), Point(y=8, x=1), Point(y=8, x=2), Point(y=8, x=3), Point(y=8, x=4), Point(y=8, x=5), Point(y=8, x=6), Point(y=8, x=7), Point(y=8, x=8), Point(y=8, x=9), Point(y=9, x=0), Point(y=9, x=1), Point(y=9, x=2), Point(y=9, x=3), Point(y=9, x=4), Point(y=9, x=5), Point(y=9, x=6), Point(y=9, x=7), Point(y=9, x=8), Point(y=9, x=9), Point(y=10, x=0), Point(y=10, x=1), Point(y=10, x=2), Point(y=10, x=3), Point(y=10, x=4), Point(y=10, x=5), Point(y=10, x=6), Point(y=10, x=7), Point(y=10, x=8), Point(y=10, x=9), Point(y=11, x=0), Point(y=11, x=1), Point(y=11, x=2), Point(y=11, x=3), Point(y=11, x=4), Point(y=11, x=5), Point(y=11, x=6), Point(y=11, x=7), Point(y=11, x=8), Point(y=11, x=9), Point(y=12, x=0), Point(y=12, x=1), Point(y=12, x=2), Point(y=12, x=3), Point(y=12, x=4), Point(y=12, x=5), Point(y=12, x=6), Point(y=12, x=7), Point(y=12, x=8), Point(y=12, x=9), Point(y=13, x=0), Point(y=13, x=1), Point(y=13, x=2), Point(y=13, x=3), Point(y=13, x=4), Point(y=13, x=5), Point(y=13, x=6), Point(y=13, x=7), Point(y=13, x=8), Point(y=13, x=9), Point(y=14, x=0), Point(y=14, x=1), Point(y=14, x=2), Point(y=14, x=3), Point(y=14, x=4), Point(y=14, x=5), Point(y=14, x=6), Point(y=14, x=7), Point(y=14, x=8), Point(y=14, x=9), Point(y=15, x=0), Point(y=15, x=1), Point(y=15, x=2), Point(y=15, x=3), Point(y=15, x=4), Point(y=15, x=5), Point(y=15, x=6), Point(y=15, x=7), Point(y=15, x=8), Point(y=15, x=9), Point(y=16, x=0), Point(y=16, x=1), Point(y=16, x=2), Point(y=16, x=3), Point(y=16, x=4), Point(y=16, x=5), Point(y=16, x=6), Point(y=16, x=7), Point(y=16, x=8), Point(y=16, x=9), Point(y=17, x=0), Point(y=17, x=1), Point(y=17, x=2), Point(y=17, x=3), Point(y=17, x=4), Point(y=17, x=5), Point(y=17, x=6), Point(y=17, x=7), Point(y=17, x=8), Point(y=17, x=9), Point(y=18, x=0), Point(y=18, x=1), Point(y=18, x=2), Point(y=18, x=3), Point(y=18, x=4), Point(y=18, x=5), Point(y=18, x=6), Point(y=18, x=7), Point(y=18, x=8), Point(y=18, x=9), Point(y=19, x=0), Point(y=19, x=1), Point(y=19, x=2), Point(y=19, x=3), Point(y=19, x=4), Point(y=19, x=5), Point(y=19, x=6), Point(y=19, x=7), Point(y=19, x=8), Point(y=19, x=9)], Point(y=5, x=0)](18)" classname="com.github.vitalibo.brickgame.game.snake.MouseTest" time="0.001"/>
  <testcase name="testNextPoint[[Point(y=0, x=0), Point(y=0, x=1), Point(y=0, x=2), Point(y=0, x=3), Point(y=0, x=4), Point(y=0, x=5), Point(y=0, x=6), Point(y=0, x=7), Point(y=0, x=8), Point(y=0, x=9), Point(y=1, x=0), Point(y=1, x=1), Point(y=1, x=2), Point(y=1, x=3), Point(y=1, x=4), Point(y=1, x=5), Point(y=1, x=6), Point(y=1, x=7), Point(y=1, x=8), Point(y=1, x=9), Point(y=2, x=0), Point(y=2, x=1), Point(y=2, x=2), Point(y=2, x=3), Point(y=2, x=4), Point(y=2, x=5), Point(y=2, x=6), Point(y=2, x=7), Point(y=2, x=8), Point(y=2, x=9), Point(y=3, x=0), Point(y=3, x=1), Point(y=3, x=2), Point(y=3, x=3), Point(y=3, x=4), Point(y=3, x=5), Point(y=3, x=6), Point(y=3, x=7), Point(y=3, x=8), Point(y=3, x=9), Point(y=4, x=0), Point(y=4, x=1), Point(y=4, x=2), Point(y=4, x=3), Point(y=4, x=4), Point(y=4, x=5), Point(y=4, x=6), Point(y=4, x=7), Point(y=4, x=8), Point(y=4, x=9), Point(y=5, x=0), Point(y=5, x=1), Point(y=5, x=2), Point(y=5, x=3), Point(y=5, x=4), Point(y=5, x=5), Point(y=5, x=6), Point(y=5, x=7), Point(y=5, x=8), Point(y=5, x=9), Point(y=6, x=0), Point(y=6, x=1), Point(y=6, x=2), Point(y=6, x=3), Point(y=6, x=4), Point(y=6, x=5), Point(y=6, x=6), Point(y=6, x=7), Point(y=6, x=8), Point(y=6, x=9), Point(y=7, x=0), Point(y=7, x=1), Point(y=7, x=2), Point(y=7, x=3), Point(y=7, x=4), Point(y=7, x=5), Point(y=7, x=6), Point(y=7, x=7), Point(y=7, x=8), Point(y=7, x=9), Point(y=8, x=0), Point(y=8, x=1), Point(y=8, x=2), Point(y=8, x=3), Point(y=8, x=4), Point(y=8, x=5), Point(y=8, x=6), Point(y=8, x=7), Point(y=8, x=8), Point(y=8, x=9), Point(y=9, x=0), Point(y=9, x=1), Point(y=9, x=2), Point(y=9, x=3), Point(y=9, x=4), Point(y=9, x=5), Point(y=9, x=6), Point(y=9, x=7), Point(y=9, x=8), Point(y=9, x=9), Point(y=10, x=0), Point(y=10, x=1), Point(y=10, x=2), Point(y=10, x=3), Point(y=10, x=4), Point(y=10, x=5), Point(y=10, x=6), Point(y=10, x=7), Point(y=10, x=8), Point(y=10, x=9), Point(y=11, x=0), Point(y=11, x=1), Point(y=11, x=2), Point(y=11, x=3), Point(y=11, x=4), Point(y=11, x=5), Point(y=11, x=6), Point(y=11, x=7), Point(y=11, x=8), Point(y=11, x=9), Point(y=12, x=0), Point(y=12, x=1), Point(y=12, x=2), Point(y=12, x=3), Point(y=12, x=4), Point(y=12, x=5), Point(y=12, x=6), Point(y=12, x=7), Point(y=12, x=8), Point(y=12, x=9), Point(y=13, x=0), Point(y=13, x=1), Point(y=13, x=2), Point(y=13, x=3), Point(y=13, x=4), Point(y=13, x=5), Point(y=13, x=6), Point(y=13, x=7), Point(y=13, x=8), Point(y=13, x=9), Point(y=14, x=0), Point(y=14, x=1), Point(y=14, x=2), Point(y=14, x=3), Point(y=14, x=4), Point(y=14, x=5), Point(y=14, x=6), Point(y=14, x=7), Point(y=14, x=8), Point(y=14, x=9), Point(y=15, x=0), Point(y=15, x=1), Point(y=15, x=2), Point(y=15, x=3), Point(y=15, x=4), Point(y=15, x=5), Point(y=15, x=6), Point(y=15, x=7), Point(y=15, x=8), Point(y=15, x=9), Point(y=16, x=0), Point(y=16, x=1), Point(y=16, x=2), Point(y=16, x=3), Point(y=16, x=4), Point(y=16, x=5), Point(y=16, x=6), Point(y=16, x=7), Point(y=16, x=8), Point(y=16, x=9), Point(y=17, x=0), Point(y=17, x=1), Point(y=17, x=2), Point(y=17, x=3), Point(y=17, x=4), Point(y=17, x=5), Point(y=17, x=6), Point(y=17, x=7), Point(y=17, x=8), Point(y=18, x=0), Point(y=18, x=1), Point(y=18, x=2), Point(y=18, x=3), Point(y=18, x=4), Point(y=18, x=5), Point(y=18, x=6), Point(y=18, x=7), Point(y=18, x=8), Point(y=18, x=9), Point(y=19, x=0), Point(y=19, x=1), Point(y=19, x=2), Point(y=19, x=3), Point(y=19, x=4), Point(y=19, x=5), Point(y=19, x=6), Point(y=19, x=7), Point(y=19, x=8), Point(y=19, x=9)], Point(y=17, x=9)](19)" classname="com.github.vitalibo.brickgame.game.snake.MouseTest" time="0.0"/>
  <testcase name="testNextPoint[[Point(y=0, x=0), Point(y=0, x=1), Point(y=0, x=2), Point(y=0, x=3), Point(y=0, x=4), Point(y=0, x=5), Point(y=0, x=6), Point(y=0, x=7), Point(y=0, x=8), Point(y=0, x=9), Point(y=1, x=0), Point(y=1, x=1), Point(y=1, x=2), Point(y=1, x=3), Point(y=1, x=4), Point(y=1, x=5), Point(y=1, x=6), Point(y=1, x=7), Point(y=1, x=8), Point(y=1, x=9), Point(y=2, x=0), Point(y=2, x=1), Point(y=2, x=2), Point(y=2, x=3), Point(y=2, x=4), Point(y=2, x=5), Point(y=2, x=6), Point(y=2, x=7), Point(y=2, x=8), Point(y=2, x=9), Point(y=3, x=0), Point(y=3, x=1), Point(y=3, x=2), Point(y=3, x=3), Point(y=3, x=4), Point(y=3, x=5), Point(y=3, x=6), Point(y=3, x=7), Point(y=3, x=8), Point(y=3, x=9), Point(y=4, x=0), Point(y=4, x=1), Point(y=4, x=2), Point(y=4, x=3), Point(y=4, x=4), Point(y=4, x=5), Point(y=4, x=6), Point(y=4, x=7), Point(y=4, x=8), Point(y=4, x=9), Point(y=5, x=0), Point(y=5, x=1), Point(y=5, x=2), Point(y=5, x=3), Point(y=5, x=4), Point(y=5, x=5), Point(y=5, x=6), Point(y=5, x=7), Point(y=5, x=8), Point(y=5, x=9), Point(y=6, x=0), Point(y=6, x=1), Point(y=6, x=2), Point(y=6, x=3), Point(y=6, x=4), Point(y=6, x=5), Point(y=6, x=6), Point(y=6, x=7), Point(y=6, x=8), Point(y=6, x=9), Point(y=7, x=0), Point(y=7, x=1), Point(y=7, x=2), Point(y=7, x=3), Point(y=7, x=4), Point(y=7, x=5), Point(y=7, x=6), Point(y=7, x=7), Point(y=7, x=8), Point(y=7, x=9), Point(y=8, x=0), Point(y=8, x=1), Point(y=8, x=2), Point(y=8, x=3), Point(y=8, x=4), Point(y=8, x=5), Point(y=8, x=6), Point(y=8, x=7), Point(y=8, x=8), Point(y=8, x=9), Point(y=9, x=0), Point(y=9, x=1), Point(y=9, x=2), Point(y=9, x=3), Point(y=9, x=4), Point(y=9, x=5), Point(y=9, x=6), Point(y=9, x=7), Point(y=9, x=8), Point(y=10, x=0), Point(y=10, x=1), Point(y=10, x=2), Point(y=10, x=3), Point(y=10, x=4), Point(y=10, x=5), Point(y=10, x=6), Point(y=10, x=7), Point(y=10, x=8), Point(y=10, x=9), Point(y=11, x=0), Point(y=11, x=1), Point(y=11, x=2), Point(y=11, x=3), Point(y=11, x=4), Point(y=11, x=5), Point(y=11, x=6), Point(y=11, x=7), Point(y=11, x=8), Point(y=11, x=9), Point(y=12, x=0), Point(y=12, x=1), Point(y=12, x=2), Point(y=12, x=3), Point(y=12, x=4), Point(y=12, x=5), Point(y=12, x=6), Point(y=12, x=7), Point(y=12, x=8), Point(y=12, x=9), Point(y=13, x=0), Point(y=13, x=1), Point(y=13, x=2), Point(y=13, x=3), Point(y=13, x=4), Point(y=13, x=5), Point(y=13, x=6), Point(y=13, x=7), Point(y=13, x=8), Point(y=13, x=9), Point(y=14, x=0), Point(y=14, x=1), Point(y=14, x=2), Point(y=14, x=3), Point(y=14, x=4), Point(y=14, x=5), Point(y=14, x=6), Point(y=14, x=7), Point(y=14, x=8), Point(y=14, x=9), Point(y=15, x=0), Point(y=15, x=1), Point(y=15, x=2), Point(y=15, x=3), Point(y=15, x=4), Point(y=15, x=5), Point(y=15, x=6), Point(y=15, x=7), Point(y=15, x=8), Point(y=15, x=9), Point(y=16, x=0), Point(y=16, x=1), Point(y=16, x=2), Point(y=16, x=3), Point(y=16, x=4), Point(y=16, x=5), Point(y=16, x=6), Point(y=16, x=7), Point(y=16, x=8), Point(y=16, x=9), Point(y=17, x=0), Point(y=17, x=1), Point(y=17, x=2), Point(y=17, x=3), Point(y=17, x=4), Point(y=17, x=5), Point(y=17, x=6), Point(y=17, x=7), Point(y=17, x=8), Point(y=17, x=9), Point(y=18, x=0), Point(y=18, x=1), Point(y=18, x=2), Point(y=18, x=3), Point(y=18, x=4), Point(y=18, x=5), Point(y=18, x=6), Point(y=18, x=7), Point(y=18, x=8), Point(y=18, x=9), Point(y=19, x=0), Point(y=19, x=1), Point(y=19, x=2), Point(y=19, x=3), Point(y=19, x=4), Point(y=19, x=5), Point(y=19, x=6), Point(y=19, x=7), Point(y=19, x=8), Point(y=19, x=9)], Point(y=9, x=9)](20)" classname="com.github.vitalibo.brickgame.game.snake.MouseTest" time="0.001"/>
  <testcase name="testStream" classname="com.github.vitalibo.brickgame.game.snake.MouseTest" time="0.0"/>
  <testcase name="testEatSelf[Point(y=0, x=0)](1)" classname="com.github.vitalibo.brickgame.game.snake.SnakeTest" time="0.002"/>
  <testcase name="testEatSelf[Point(y=0, x=1)](2)" classname="com.github.vitalibo.brickgame.game.snake.SnakeTest" time="0.0"/>
  <testcase name="testHead" classname="com.github.vitalibo.brickgame.game.snake.SnakeTest" time="0.0"/>
  <testcase name="testInit" classname="com.github.vitalibo.brickgame.game.snake.SnakeTest" time="0.0"/>
  <testcase name="testVerifyPassed[Point(y=0, x=2)](1)" classname="com.github.vitalibo.brickgame.game.snake.SnakeTest" time="0.0"/>
  <testcase name="testVerifyPassed[Point(y=5, x=5)](2)" classname="com.github.vitalibo.brickgame.game.snake.SnakeTest" time="0.0"/>
  <testcase name="testCanDoDown" classname="com.github.vitalibo.brickgame.game.tanks.BattlefieldTest" time="0.004"/>
  <testcase name="testCanDoLeft" classname="com.github.vitalibo.brickgame.game.tanks.BattlefieldTest" time="0.0"/>
  <testcase name="testCanDoRight" classname="com.github.vitalibo.brickgame.game.tanks.BattlefieldTest" time="0.001"/>
  <testcase name="testCanDoUp" classname="com.github.vitalibo.brickgame.game.tanks.BattlefieldTest" time="0.0"/>
  <testcase name="testDown" classname="com.github.vitalibo.brickgame.game.tanks.DirectionTest" time="0.0"/>
  <testcase name="testLeft" classname="com.github.vitalibo.brickgame.game.tanks.DirectionTest" time="0.001"/>
  <testcase name="testRight" classname="com.github.vitalibo.brickgame.game.tanks.DirectionTest" time="0.0"/>
  <testcase name="testUp" classname="com.github.vitalibo.brickgame.game.tanks.DirectionTest" time="0.0"/>
  <testcase name="testAdd" classname="com.github.vitalibo.brickgame.game.tetris.BoardTest" time="0.006"/>
  <testcase name="testCleanUp" classname="com.github.vitalibo.brickgame.game.tetris.BoardTest" time="0.003"/>
  <testcase name="testInit[5](1)" classname="com.github.vitalibo.brickgame.game.tetris.BoardTest" time="0.001"/>
  <testcase name="testInit[7](2)" classname="com.github.vitalibo.brickgame.game.tetris.BoardTest" time="0.0"/>
  <testcase name="testInit[9](3)" classname="com.github.vitalibo.brickgame.game.tetris.BoardTest" time="0.0"/>
  <testcase name="testInit[15](4)" classname="com.github.vitalibo.brickgame.game.tetris.BoardTest" time="0.0"/>
  <testcase name="testIsFull" classname="com.github.vitalibo.brickgame.game.tetris.BoardTest" time="0.0"/>
  <testcase name="testVerify" classname="com.github.vitalibo.brickgame.game.tetris.BoardTest" time="0.0"/>
  <testcase name="testCreate[com.github.vitalibo.brickgame.game.tetris.tetromino.FactoryTest$$Lambda$186/31829334@18b56b, class com.github.vitalibo.brickgame.game.tetris.tetromino.I](1)" classname="com.github.vitalibo.brickgame.game.tetris.tetromino.FactoryTest" time="0.0"/>
  <testcase name="testCreate[com.github.vitalibo.brickgame.game.tetris.tetromino.FactoryTest$$Lambda$187/22409616@17ff5c4, class com.github.vitalibo.brickgame.game.tetris.tetromino.J](2)" classname="com.github.vitalibo.brickgame.game.tetris.tetromino.FactoryTest" time="0.0"/>
  <testcase name="testCreate[com.github.vitalibo.brickgame.game.tetris.tetromino.FactoryTest$$Lambda$188/16487677@4ff64d, class com.github.vitalibo.brickgame.game.tetris.tetromino.L](3)" classname="com.github.vitalibo.brickgame.game.tetris.tetromino.FactoryTest" time="0.0"/>
  <testcase name="testCreate[com.github.vitalibo.brickgame.game.tetris.tetromino.FactoryTest$$Lambda$189/15456466@1777da7, class com.github.vitalibo.brickgame.game.tetris.tetromino.O](4)" classname="com.github.vitalibo.brickgame.game.tetris.tetromino.FactoryTest" time="0.001"/>
  <testcase name="testCreate[com.github.vitalibo.brickgame.game.tetris.tetromino.FactoryTest$$Lambda$190/10766852@5a706, class com.github.vitalibo.brickgame.game.tetris.tetromino.S](5)" classname="com.github.vitalibo.brickgame.game.tetris.tetromino.FactoryTest" time="0.0"/>
  <testcase name="testCreate[com.github.vitalibo.brickgame.game.tetris.tetromino.FactoryTest$$Lambda$191/6552177@69014e, class com.github.vitalibo.brickgame.game.tetris.tetromino.T](6)" classname="com.github.vitalibo.brickgame.game.tetris.tetromino.FactoryTest" time="0.0"/>
  <testcase name="testCreate[com.github.vitalibo.brickgame.game.tetris.tetromino.FactoryTest$$Lambda$192/7324092@3ac221, class com.github.vitalibo.brickgame.game.tetris.tetromino.Z](7)" classname="com.github.vitalibo.brickgame.game.tetris.tetromino.FactoryTest" time="0.0"/>
  <testcase name="testGenerate[com.github.vitalibo.brickgame.game.tetris.tetromino.FactoryTest$$Lambda$193/14808060@ef885d, class com.github.vitalibo.brickgame.game.tetris.tetromino.I](1)" classname="com.github.vitalibo.brickgame.game.tetris.tetromino.FactoryTest" time="0.0"/>
  <testcase name="testGenerate[com.github.vitalibo.brickgame.game.tetris.tetromino.FactoryTest$$Lambda$194/7566114@14fc83f, class com.github.vitalibo.brickgame.game.tetris.tetromino.J](2)" classname="com.github.vitalibo.brickgame.game.tetris.tetromino.FactoryTest" time="0.0"/>
  <testcase name="testGenerate[com.github.vitalibo.brickgame.game.tetris.tetromino.FactoryTest$$Lambda$195/14321735@e4db59, class com.github.vitalibo.brickgame.game.tetris.tetromino.L](3)" classname="com.github.vitalibo.brickgame.game.tetris.tetromino.FactoryTest" time="0.0"/>
  <testcase name="testGenerate[com.github.vitalibo.brickgame.game.tetris.tetromino.FactoryTest$$Lambda$196/19121036@a0d249, class com.github.vitalibo.brickgame.game.tetris.tetromino.O](4)" classname="com.github.vitalibo.brickgame.game.tetris.tetromino.FactoryTest" time="0.0"/>
  <testcase name="testGenerate[com.github.vitalibo.brickgame.game.tetris.tetromino.FactoryTest$$Lambda$197/172039@6c84fa, class com.github.vitalibo.brickgame.game.tetris.tetromino.S](5)" classname="com.github.vitalibo.brickgame.game.tetris.tetromino.FactoryTest" time="0.0"/>
  <testcase name="testGenerate[com.github.vitalibo.brickgame.game.tetris.tetromino.FactoryTest$$Lambda$198/27733190@688978, class com.github.vitalibo.brickgame.game.tetris.tetromino.T](6)" classname="com.github.vitalibo.brickgame.game.tetris.tetromino.FactoryTest" time="0.0"/>
  <testcase name="testGenerate[com.github.vitalibo.brickgame.game.tetris.tetromino.FactoryTest$$Lambda$199/29165637@1f14e93, class com.github.vitalibo.brickgame.game.tetris.tetromino.Z](7)" classname="com.github.vitalibo.brickgame.game.tetris.tetromino.FactoryTest" time="0.0"/>
  <testcase name="testToArray" classname="com.github.vitalibo.brickgame.util.BooleanCollectorTest" time="0.0"/>
  <testcase name="testToTwoDimensionalArray" classname="com.github.vitalibo.brickgame.util.BooleanCollectorTest" time="0.0"/>
  <testcase name="testMap" classname="com.github.vitalibo.brickgame.util.BuilderTest" time="0.001"/>
  <testcase name="testWith" classname="com.github.vitalibo.brickgame.util.BuilderTest" time="0.0"/>
  <testcase name="testFrom" classname="com.github.vitalibo.brickgame.util.CanvasTranslatorTest" time="0.001"/>
  <testcase name="testFromStream[0, 0](1)" classname="com.github.vitalibo.brickgame.util.CanvasTranslatorTest" time="0.002"/>
  <testcase name="testFromStream[5, 5](2)" classname="com.github.vitalibo.brickgame.util.CanvasTranslatorTest" time="0.0"/>
  <testcase name="testFromStream[19, 9](3)" classname="com.github.vitalibo.brickgame.util.CanvasTranslatorTest" time="0.0"/>
</testsuite>