<?xml version="1.0" encoding="UTF-8"?>
<testng-results skipped="0" failed="0" total="252" passed="252">
  <reporter-output>
  </reporter-output>
  <suite name="Surefire suite" duration-ms="5811" started-at="2024-04-22T09:34:06Z" finished-at="2024-04-22T09:34:11Z">
    <groups>
    </groups>
    <test name="Surefire test" duration-ms="5811" started-at="2024-04-22T09:34:06Z" finished-at="2024-04-22T09:34:11Z">
      <class name="com.github.vitalibo.brickgame.game.tanks.BattlefieldTest">
        <test-method status="PASS" signature="testCanDoDown()[pri:0, instance:com.github.vitalibo.brickgame.game.tanks.BattlefieldTest@4bee09]" name="testCanDoDown" duration-ms="5" started-at="2024-04-22T11:34:11Z" finished-at="2024-04-22T11:34:11Z">
          <reporter-output>
          </reporter-output>
        </test-method> <!-- testCanDoDown -->
        <test-method status="PASS" signature="testCanDoLeft()[pri:0, instance:com.github.vitalibo.brickgame.game.tanks.BattlefieldTest@4bee09]" name="testCanDoLeft" duration-ms="0" started-at="2024-04-22T11:34:11Z" finished-at="2024-04-22T11:34:11Z">
          <reporter-output>
          </reporter-output>
        </test-method> <!-- testCanDoLeft -->
        <test-method status="PASS" signature="testCanDoRight()[pri:0, instance:com.github.vitalibo.brickgame.game.tanks.BattlefieldTest@4bee09]" name="testCanDoRight" duration-ms="1" started-at="2024-04-22T11:34:11Z" finished-at="2024-04-22T11:34:11Z">
          <reporter-output>
          </reporter-output>
        </test-method> <!-- testCanDoRight -->
        <test-method status="PASS" signature="testCanDoUp()[pri:0, instance:com.github.vitalibo.brickgame.game.tanks.BattlefieldTest@4bee09]" name="testCanDoUp" duration-ms="0" started-at="2024-04-22T11:34:11Z" finished-at="2024-04-22T11:34:11Z">
          <reporter-output>
          </reporter-output>
        </test-method> <!-- testCanDoUp -->
      </class> <!-- com.github.vitalibo.brickgame.game.tanks.BattlefieldTest -->
      <class name="com.github.vitalibo.brickgame.core.ControllerTest">
        <test-method status="PASS" signature="setUp()[pri:0, instance:com.github.vitalibo.brickgame.core.ControllerTest@2a079c]" name="setUp" is-config="true" duration-ms="2674" started-at="2024-04-22T11:34:06Z" finished-at="2024-04-22T11:34:08Z">
          <reporter-output>
          </reporter-output>
        </test-method> <!-- setUp -->
        <test-method status="PASS" signature="testChangePause()[pri:0, instance:com.github.vitalibo.brickgame.core.ControllerTest@2a079c]" name="testChangePause" duration-ms="11" started-at="2024-04-22T11:34:08Z" finished-at="2024-04-22T11:34:08Z">
          <reporter-output>
          </reporter-output>
        </test-method> <!-- testChangePause -->
        <test-method status="PASS" signature="setUp()[pri:0, instance:com.github.vitalibo.brickgame.core.ControllerTest@2a079c]" name="setUp" is-config="true" duration-ms="3" started-at="2024-04-22T11:34:08Z" finished-at="2024-04-22T11:34:08Z">
          <reporter-output>
          </reporter-output>
        </test-method> <!-- setUp -->
        <test-method status="PASS" signature="testChangeSound()[pri:0, instance:com.github.vitalibo.brickgame.core.ControllerTest@2a079c]" name="testChangeSound" duration-ms="0" started-at="2024-04-22T11:34:08Z" finished-at="2024-04-22T11:34:08Z">
          <reporter-output>
          </reporter-output>
        </test-method> <!-- testChangeSound -->
        <test-method status="PASS" signature="setUp()[pri:0, instance:com.github.vitalibo.brickgame.core.ControllerTest@2a079c]" name="setUp" is-config="true" duration-ms="1" started-at="2024-04-22T11:34:08Z" finished-at="2024-04-22T11:34:08Z">
          <reporter-output>
          </reporter-output>
        </test-method> <!-- setUp -->
        <test-method status="PASS" signature="testDelegateKeyPressed(int, java.util.function.Consumer)[pri:0, instance:com.github.vitalibo.brickgame.core.ControllerTest@2a079c]" name="testDelegateKeyPressed" duration-ms="1" started-at="2024-04-22T11:34:08Z" data-provider="actions" finished-at="2024-04-22T11:34:08Z">
          <params>
            <param index="0">
              <value>
                <![CDATA[38]]>
              </value>
            </param>
            <param index="1">
              <value>
                <![CDATA[com.github.vitalibo.brickgame.core.ControllerTest$$Lambda$12/2651029@1980a3f]]>
              </value>
            </param>
          </params>
          <reporter-output>
          </reporter-output>
        </test-method> <!-- testDelegateKeyPressed -->
        <test-method status="PASS" signature="setUp()[pri:0, instance:com.github.vitalibo.brickgame.core.ControllerTest@2a079c]" name="setUp" is-config="true" duration-ms="3" started-at="2024-04-22T11:34:08Z" finished-at="2024-04-22T11:34:08Z">
          <reporter-output>
          </reporter-output>
        </test-method> <!-- setUp -->
        <test-method status="PASS" signature="testDelegateKeyPressed(int, java.util.function.Consumer)[pri:0, instance:com.github.vitalibo.brickgame.core.ControllerTest@2a079c]" name="testDelegateKeyPressed" duration-ms="0" started-at="2024-04-22T11:34:08Z" data-provider="actions" finished-at="2024-04-22T11:34:08Z">
          <params>
            <param index="0">
              <value>
                <![CDATA[40]]>
              </value>
            </param>
            <param index="1">
              <value>
                <![CDATA[com.github.vitalibo.brickgame.core.ControllerTest$$Lambda$13/22696332@138856f]]>
              </value>
            </param>
          </params>
          <reporter-output>
          </reporter-output>
        </test-method> <!-- testDelegateKeyPressed -->
        <test-method status="PASS" signature="setUp()[pri:0, instance:com.github.vitalibo.brickgame.core.ControllerTest@2a079c]" name="setUp" is-config="true" duration-ms="0" started-at="2024-04-22T11:34:08Z" finished-at="2024-04-22T11:34:08Z">
          <reporter-output>
          </reporter-output>
        </test-method> <!-- setUp -->
        <test-method status="PASS" signature="testDelegateKeyPressed(int, java.util.function.Consumer)[pri:0, instance:com.github.vitalibo.brickgame.core.ControllerTest@2a079c]" name="testDelegateKeyPressed" duration-ms="0" started-at="2024-04-22T11:34:08Z" data-provider="actions" finished-at="2024-04-22T11:34:08Z">
          <params>
            <param index="0">
              <value>
                <![CDATA[37]]>
              </value>
            </param>
            <param index="1">
              <value>
                <![CDATA[com.github.vitalibo.brickgame.core.ControllerTest$$Lambda$14/16351670@1fae028]]>
              </value>
            </param>
          </params>
          <reporter-output>
          </reporter-output>
        </test-method> <!-- testDelegateKeyPressed -->
        <test-method status="PASS" signature="setUp()[pri:0, instance:com.github.vitalibo.brickgame.core.ControllerTest@2a079c]" name="setUp" is-config="true" duration-ms="2" started-at="2024-04-22T11:34:08Z" finished-at="2024-04-22T11:34:08Z">
          <reporter-output>
          </reporter-output>
        </test-method> <!-- setUp -->
        <test-method status="PASS" signature="testDelegateKeyPressed(int, java.util.function.Consumer)[pri:0, instance:com.github.vitalibo.brickgame.core.ControllerTest@2a079c]" name="testDelegateKeyPressed" duration-ms="2" started-at="2024-04-22T11:34:08Z" data-provider="actions" finished-at="2024-04-22T11:34:08Z">
          <params>
            <param index="0">
              <value>
                <![CDATA[39]]>
              </value>
            </param>
            <param index="1">
              <value>
                <![CDATA[com.github.vitalibo.brickgame.core.ControllerTest$$Lambda$15/4894200@d52be7]]>
              </value>
            </param>
          </params>
          <reporter-output>
          </reporter-output>
        </test-method> <!-- testDelegateKeyPressed -->
        <test-method status="PASS" signature="setUp()[pri:0, instance:com.github.vitalibo.brickgame.core.ControllerTest@2a079c]" name="setUp" is-config="true" duration-ms="1" started-at="2024-04-22T11:34:08Z" finished-at="2024-04-22T11:34:08Z">
          <reporter-output>
          </reporter-output>
        </test-method> <!-- setUp -->
        <test-method status="PASS" signature="testDelegateKeyPressed(int, java.util.function.Consumer)[pri:0, instance:com.github.vitalibo.brickgame.core.ControllerTest@2a079c]" name="testDelegateKeyPressed" duration-ms="1" started-at="2024-04-22T11:34:08Z" data-provider="actions" finished-at="2024-04-22T11:34:08Z">
          <params>
            <param index="0">
              <value>
                <![CDATA[32]]>
              </value>
            </param>
            <param index="1">
              <value>
                <![CDATA[com.github.vitalibo.brickgame.core.ControllerTest$$Lambda$16/29345279@aeaf29]]>
              </value>
            </param>
          </params>
          <reporter-output>
          </reporter-output>
        </test-method> <!-- testDelegateKeyPressed -->
        <test-method status="PASS" signature="setUp()[pri:0, instance:com.github.vitalibo.brickgame.core.ControllerTest@2a079c]" name="setUp" is-config="true" duration-ms="1" started-at="2024-04-22T11:34:08Z" finished-at="2024-04-22T11:34:08Z">
          <reporter-output>
          </reporter-output>
        </test-method> <!-- setUp -->
        <test-method status="PASS" signature="setUp()[pri:0, instance:com.github.vitalibo.brickgame.core.ControllerTest@2a079c]" name="setUp" is-config="true" duration-ms="4" started-at="2024-04-22T11:34:08Z" finished-at="2024-04-22T11:34:08Z">
          <reporter-output>
          </reporter-output>
        </test-method> <!-- setUp -->
        <test-method status="PASS" signature="testNotDelegateKeyPressed(int, java.util.function.Consumer)[pri:0, instance:com.github.vitalibo.brickgame.core.ControllerTest@2a079c]" name="testNotDelegateKeyPressed" duration-ms="0" started-at="2024-04-22T11:34:08Z" data-provider="actions" finished-at="2024-04-22T11:34:08Z">
          <params>
            <param index="0">
              <value>
                <![CDATA[38]]>
              </value>
            </param>
            <param index="1">
              <value>
                <![CDATA[com.github.vitalibo.brickgame.core.ControllerTest$$Lambda$12/2651029@1980a3f]]>
              </value>
            </param>
          </params>
          <reporter-output>
          </reporter-output>
        </test-method> <!-- testNotDelegateKeyPressed -->
        <test-method status="PASS" signature="testNotDelegateKeyPressed(int, java.util.function.Consumer)[pri:0, instance:com.github.vitalibo.brickgame.core.ControllerTest@2a079c]" name="testNotDelegateKeyPressed" duration-ms="1" started-at="2024-04-22T11:34:08Z" data-provider="actions" finished-at="2024-04-22T11:34:08Z">
          <params>
            <param index="0">
              <value>
                <![CDATA[40]]>
              </value>
            </param>
            <param index="1">
              <value>
                <![CDATA[com.github.vitalibo.brickgame.core.ControllerTest$$Lambda$13/22696332@138856f]]>
              </value>
            </param>
          </params>
          <reporter-output>
          </reporter-output>
        </test-method> <!-- testNotDelegateKeyPressed -->
        <test-method status="PASS" signature="setUp()[pri:0, instance:com.github.vitalibo.brickgame.core.ControllerTest@2a079c]" name="setUp" is-config="true" duration-ms="1" started-at="2024-04-22T11:34:08Z" finished-at="2024-04-22T11:34:08Z">
          <reporter-output>
          </reporter-output>
        </test-method> <!-- setUp -->
        <test-method status="PASS" signature="testNotDelegateKeyPressed(int, java.util.function.Consumer)[pri:0, instance:com.github.vitalibo.brickgame.core.ControllerTest@2a079c]" name="testNotDelegateKeyPressed" duration-ms="0" started-at="2024-04-22T11:34:08Z" data-provider="actions" finished-at="2024-04-22T11:34:08Z">
          <params>
            <param index="0">
              <value>
                <![CDATA[37]]>
              </value>
            </param>
            <param index="1">
              <value>
                <![CDATA[com.github.vitalibo.brickgame.core.ControllerTest$$Lambda$14/16351670@1fae028]]>
              </value>
            </param>
          </params>
          <reporter-output>
          </reporter-output>
        </test-method> <!-- testNotDelegateKeyPressed -->
        <test-method status="PASS" signature="setUp()[pri:0, instance:com.github.vitalibo.brickgame.core.ControllerTest@2a079c]" name="setUp" is-config="true" duration-ms="1" started-at="2024-04-22T11:34:08Z" finished-at="2024-04-22T11:34:08Z">
          <reporter-output>
          </reporter-output>
        </test-method> <!-- setUp -->
        <test-method status="PASS" signature="testNotDelegateKeyPressed(int, java.util.function.Consumer)[pri:0, instance:com.github.vitalibo.brickgame.core.ControllerTest@2a079c]" name="testNotDelegateKeyPressed" duration-ms="1" started-at="2024-04-22T11:34:08Z" data-provider="actions" finished-at="2024-04-22T11:34:08Z">
          <params>
            <param index="0">
              <value>
                <![CDATA[39]]>
              </value>
            </param>
            <param index="1">
              <value>
                <![CDATA[com.github.vitalibo.brickgame.core.ControllerTest$$Lambda$15/4894200@d52be7]]>
              </value>
            </param>
          </params>
          <reporter-output>
          </reporter-output>
        </test-method> <!-- testNotDelegateKeyPressed -->
        <test-method status="PASS" signature="setUp()[pri:0, instance:com.github.vitalibo.brickgame.core.ControllerTest@2a079c]" name="setUp" is-config="true" duration-ms="1" started-at="2024-04-22T11:34:08Z" finished-at="2024-04-22T11:34:08Z">
          <reporter-output>
          </reporter-output>
        </test-method> <!-- setUp -->
        <test-method status="PASS" signature="testNotDelegateKeyPressed(int, java.util.function.Consumer)[pri:0, instance:com.github.vitalibo.brickgame.core.ControllerTest@2a079c]" name="testNotDelegateKeyPressed" duration-ms="1" started-at="2024-04-22T11:34:08Z" data-provider="actions" finished-at="2024-04-22T11:34:08Z">
          <params>
            <param index="0">
              <value>
                <![CDATA[32]]>
              </value>
            </param>
            <param index="1">
              <value>
                <![CDATA[com.github.vitalibo.brickgame.core.ControllerTest$$Lambda$16/29345279@aeaf29]]>
              </value>
            </param>
          </params>
          <reporter-output>
          </reporter-output>
        </test-method> <!-- testNotDelegateKeyPressed -->
        <test-method status="PASS" signature="setUp()[pri:0, instance:com.github.vitalibo.brickgame.core.ControllerTest@2a079c]" name="setUp" is-config="true" duration-ms="2" started-at="2024-04-22T11:34:08Z" finished-at="2024-04-22T11:34:08Z">
          <reporter-output>
          </reporter-output>
        </test-method> <!-- setUp -->
        <test-method status="PASS" signature="testReset()[pri:0, instance:com.github.vitalibo.brickgame.core.ControllerTest@2a079c]" name="testReset" duration-ms="26" started-at="2024-04-22T11:34:08Z" finished-at="2024-04-22T11:34:08Z">
          <reporter-output>
          </reporter-output>
        </test-method> <!-- testReset -->
      </class> <!-- com.github.vitalibo.brickgame.core.ControllerTest -->
      <class name="com.github.vitalibo.brickgame.core.KernelTest">
        <test-method status="PASS" signature="setUp()[pri:0, instance:com.github.vitalibo.brickgame.core.KernelTest@18067a5]" name="setUp" is-config="true" duration-ms="8" started-at="2024-04-22T11:34:10Z" finished-at="2024-04-22T11:34:10Z">
          <reporter-output>
          </reporter-output>
        </test-method> <!-- setUp -->
        <test-method status="PASS" signature="testJob()[pri:0, instance:com.github.vitalibo.brickgame.core.KernelTest@18067a5]" name="testJob" duration-ms="118" started-at="2024-04-22T11:34:10Z" finished-at="2024-04-22T11:34:10Z">
          <reporter-output>
          </reporter-output>
        </test-method> <!-- testJob -->
      </class> <!-- com.github.vitalibo.brickgame.core.KernelTest -->
      <class name="com.github.vitalibo.brickgame.core.ui.BrickTest">
        <test-method status="PASS" signature="setUp()[pri:0, instance:com.github.vitalibo.brickgame.core.ui.BrickTest@4f30ec]" name="setUp" is-config="true" duration-ms="668" started-at="2024-04-22T11:34:10Z" finished-at="2024-04-22T11:34:11Z">
          <reporter-output>
          </reporter-output>
        </test-method> <!-- setUp -->
        <test-method status="PASS" signature="setUp()[pri:0, instance:com.github.vitalibo.brickgame.core.ui.BrickTest@4f30ec]" name="setUp" is-config="true" duration-ms="0" started-at="2024-04-22T11:34:11Z" finished-at="2024-04-22T11:34:11Z">
          <reporter-output>
          </reporter-output>
        </test-method> <!-- setUp -->
        <test-method status="PASS" signature="testNotRepaint()[pri:0, instance:com.github.vitalibo.brickgame.core.ui.BrickTest@4f30ec]" name="testNotRepaint" duration-ms="0" started-at="2024-04-22T11:34:11Z" finished-at="2024-04-22T11:34:11Z">
          <reporter-output>
          </reporter-output>
        </test-method> <!-- testNotRepaint -->
        <test-method status="PASS" signature="testPaintState(boolean, java.awt.Color)[pri:0, instance:com.github.vitalibo.brickgame.core.ui.BrickTest@4f30ec]" name="testPaintState" duration-ms="51" started-at="2024-04-22T11:34:11Z" data-provider="samples" finished-at="2024-04-22T11:34:11Z">
          <params>
            <param index="0">
              <value>
                <![CDATA[false]]>
              </value>
            </param>
            <param index="1">
              <value>
                <![CDATA[java.awt.Color[r=97,g=112,b=91]]]>
              </value>
            </param>
          </params>
          <reporter-output>
          </reporter-output>
        </test-method> <!-- testPaintState -->
        <test-method status="PASS" signature="setUp()[pri:0, instance:com.github.vitalibo.brickgame.core.ui.BrickTest@4f30ec]" name="setUp" is-config="true" duration-ms="0" started-at="2024-04-22T11:34:11Z" finished-at="2024-04-22T11:34:11Z">
          <reporter-output>
          </reporter-output>
        </test-method> <!-- setUp -->
        <test-method status="PASS" signature="testPaintState(boolean, java.awt.Color)[pri:0, instance:com.github.vitalibo.brickgame.core.ui.BrickTest@4f30ec]" name="testPaintState" duration-ms="0" started-at="2024-04-22T11:34:11Z" data-provider="samples" finished-at="2024-04-22T11:34:11Z">
          <params>
            <param index="0">
              <value>
                <![CDATA[true]]>
              </value>
            </param>
            <param index="1">
              <value>
                <![CDATA[java.awt.Color[r=0,g=0,b=0]]]>
              </value>
            </param>
          </params>
          <reporter-output>
          </reporter-output>
        </test-method> <!-- testPaintState -->
        <test-method status="PASS" signature="testRepaint()[pri:0, instance:com.github.vitalibo.brickgame.core.ui.BrickTest@4f30ec]" name="testRepaint" duration-ms="0" started-at="2024-04-22T11:34:11Z" finished-at="2024-04-22T11:34:11Z">
          <reporter-output>
          </reporter-output>
        </test-method> <!-- testRepaint -->
        <test-method status="PASS" signature="setUp()[pri:0, instance:com.github.vitalibo.brickgame.core.ui.BrickTest@4f30ec]" name="setUp" is-config="true" duration-ms="0" started-at="2024-04-22T11:34:11Z" finished-at="2024-04-22T11:34:11Z">
          <reporter-output>
          </reporter-output>
        </test-method> <!-- setUp -->
      </class> <!-- com.github.vitalibo.brickgame.core.ui.BrickTest -->
      <class name="com.github.vitalibo.brickgame.core.CountdownJobTest">
        <test-method status="PASS" signature="setUp()[pri:0, instance:com.github.vitalibo.brickgame.core.CountdownJobTest@17cd7a0]" name="setUp" is-config="true" duration-ms="1" started-at="2024-04-22T11:34:08Z" finished-at="2024-04-22T11:34:08Z">
          <reporter-output>
          </reporter-output>
        </test-method> <!-- setUp -->
        <test-method status="PASS" signature="testCountdown()[pri:0, instance:com.github.vitalibo.brickgame.core.CountdownJobTest@17cd7a0]" name="testCountdown" duration-ms="1006" started-at="2024-04-22T11:34:08Z" finished-at="2024-04-22T11:34:09Z">
          <reporter-output>
          </reporter-output>
        </test-method> <!-- testCountdown -->
      </class> <!-- com.github.vitalibo.brickgame.core.CountdownJobTest -->
      <class name="com.github.vitalibo.brickgame.game.snake.MouseTest">
        <test-method status="PASS" signature="setUp()[pri:0, instance:com.github.vitalibo.brickgame.game.snake.MouseTest@25b2fe]" name="setUp" is-config="true" duration-ms="2" started-at="2024-04-22T11:34:11Z" finished-at="2024-04-22T11:34:11Z">
          <reporter-output>
          </reporter-output>
        </test-method> <!-- setUp -->
        <test-method status="PASS" signature="testEatMouse()[pri:0, instance:com.github.vitalibo.brickgame.game.snake.MouseTest@25b2fe]" name="testEatMouse" duration-ms="0" started-at="2024-04-22T11:34:11Z" finished-at="2024-04-22T11:34:11Z">
          <reporter-output>
          </reporter-output>
        </test-method> <!-- testEatMouse -->
        <test-method status="PASS" signature="setUp()[pri:0, instance:com.github.vitalibo.brickgame.game.snake.MouseTest@25b2fe]" name="setUp" is-config="true" duration-ms="0" started-at="2024-04-22T11:34:11Z" finished-at="2024-04-22T11:34:11Z">
          <reporter-output>
          </reporter-output>
        </test-method> <!-- setUp -->
        <test-method status="PASS" signature="testNextPoint(java.util.List, com.github.vitalibo.brickgame.game.Point)[pri:0, instance:com.github.vitalibo.brickgame.game.snake.MouseTest@25b2fe]" name="testNextPoint" duration-ms="1" started-at="2024-04-22T11:34:11Z" data-provider="generator" finished-at="2024-04-22T11:34:11Z">
          <params>
            <param index="0">
              <value>
                <![CDATA[[Point(y=0, x=0), Point(y=0, x=1), Point(y=0, x=2), Point(y=0, x=3), Point(y=0, x=4), Point(y=0, x=5), Point(y=0, x=6), Point(y=0, x=7), Point(y=0, x=8), Point(y=0, x=9), Point(y=1, x=0), Point(y=1, x=1), Point(y=1, x=2), Point(y=1, x=3), Point(y=1, x=4), Point(y=1, x=5), Point(y=1, x=6), Point(y=1, x=7), Point(y=1, x=8), Point(y=1, x=9), Point(y=2, x=0), Point(y=2, x=1), Point(y=2, x=2), Point(y=2, x=3), Point(y=2, x=4), Point(y=2, x=5), Point(y=2, x=6), Point(y=2, x=7), Point(y=2, x=8), Point(y=2, x=9), Point(y=3, x=0), Point(y=3, x=1), Point(y=3, x=2), Point(y=3, x=3), Point(y=3, x=4), Point(y=3, x=5), Point(y=3, x=6), Point(y=3, x=7), Point(y=3, x=8), Point(y=3, x=9), Point(y=4, x=0), Point(y=4, x=1), Point(y=4, x=2), Point(y=4, x=3), Point(y=4, x=4), Point(y=4, x=5), Point(y=4, x=6), Point(y=4, x=7), Point(y=4, x=8), Point(y=4, x=9), Point(y=5, x=0), Point(y=5, x=1), Point(y=5, x=2), Point(y=5, x=3), Point(y=5, x=4), Point(y=5, x=5), Point(y=5, x=6), Point(y=5, x=7), Point(y=5, x=8), Point(y=5, x=9), Point(y=6, x=0), Point(y=6, x=1), Point(y=6, x=2), Point(y=6, x=3), Point(y=6, x=4), Point(y=6, x=5), Point(y=6, x=6), Point(y=6, x=7), Point(y=6, x=8), Point(y=6, x=9), Point(y=7, x=0), Point(y=7, x=1), Point(y=7, x=2), Point(y=7, x=3), Point(y=7, x=4), Point(y=7, x=5), Point(y=7, x=6), Point(y=7, x=7), Point(y=7, x=8), Point(y=7, x=9), Point(y=8, x=0), Point(y=8, x=1), Point(y=8, x=2), Point(y=8, x=3), Point(y=8, x=4), Point(y=8, x=5), Point(y=8, x=6), Point(y=8, x=7), Point(y=8, x=8), Point(y=8, x=9), Point(y=9, x=0), Point(y=9, x=1), Point(y=9, x=2), Point(y=9, x=3), Point(y=9, x=4), Point(y=9, x=5), Point(y=9, x=6), Point(y=9, x=7), Point(y=9, x=8), Point(y=9, x=9), Point(y=10, x=0), Point(y=10, x=1), Point(y=10, x=2), Point(y=10, x=3), Point(y=10, x=4), Point(y=10, x=5), Point(y=10, x=6), Point(y=10, x=7), Point(y=10, x=8), Point(y=10, x=9), Point(y=11, x=1), Point(y=11, x=2), Point(y=11, x=3), Point(y=11, x=4), Point(y=11, x=5), Point(y=11, x=6), Point(y=11, x=7), Point(y=11, x=8), Point(y=11, x=9), Point(y=12, x=0), Point(y=12, x=1), Point(y=12, x=2), Point(y=12, x=3), Point(y=12, x=4), Point(y=12, x=5), Point(y=12, x=6), Point(y=12, x=7), Point(y=12, x=8), Point(y=12, x=9), Point(y=13, x=0), Point(y=13, x=1), Point(y=13, x=2), Point(y=13, x=3), Point(y=13, x=4), Point(y=13, x=5), Point(y=13, x=6), Point(y=13, x=7), Point(y=13, x=8), Point(y=13, x=9), Point(y=14, x=0), Point(y=14, x=1), Point(y=14, x=2), Point(y=14, x=3), Point(y=14, x=4), Point(y=14, x=5), Point(y=14, x=6), Point(y=14, x=7), Point(y=14, x=8), Point(y=14, x=9), Point(y=15, x=0), Point(y=15, x=1), Point(y=15, x=2), Point(y=15, x=3), Point(y=15, x=4), Point(y=15, x=5), Point(y=15, x=6), Point(y=15, x=7), Point(y=15, x=8), Point(y=15, x=9), Point(y=16, x=0), Point(y=16, x=1), Point(y=16, x=2), Point(y=16, x=3), Point(y=16, x=4), Point(y=16, x=5), Point(y=16, x=6), Point(y=16, x=7), Point(y=16, x=8), Point(y=16, x=9), Point(y=17, x=0), Point(y=17, x=1), Point(y=17, x=2), Point(y=17, x=3), Point(y=17, x=4), Point(y=17, x=5), Point(y=17, x=6), Point(y=17, x=7), Point(y=17, x=8), Point(y=17, x=9), Point(y=18, x=0), Point(y=18, x=1), Point(y=18, x=2), Point(y=18, x=3), Point(y=18, x=4), Point(y=18, x=5), Point(y=18, x=6), Point(y=18, x=7), Point(y=18, x=8), Point(y=18, x=9), Point(y=19, x=0), Point(y=19, x=1), Point(y=19, x=2), Point(y=19, x=3), Point(y=19, x=4), Point(y=19, x=5), Point(y=19, x=6), Point(y=19, x=7), Point(y=19, x=8), Point(y=19, x=9)]]]>
              </value>
            </param>
            <param index="1">
              <value>
                <![CDATA[Point(y=11, x=0)]]>
              </value>
            </param>
          </params>
          <reporter-output>
          </reporter-output>
        </test-method> <!-- testNextPoint -->
        <test-method status="PASS" signature="setUp()[pri:0, instance:com.github.vitalibo.brickgame.game.snake.MouseTest@25b2fe]" name="setUp" is-config="true" duration-ms="0" started-at="2024-04-22T11:34:11Z" finished-at="2024-04-22T11:34:11Z">
          <reporter-output>
          </reporter-output>
        </test-method> <!-- setUp -->
        <test-method status="PASS" signature="testNextPoint(java.util.List, com.github.vitalibo.brickgame.game.Point)[pri:0, instance:com.github.vitalibo.brickgame.game.snake.MouseTest@25b2fe]" name="testNextPoint" duration-ms="3" started-at="2024-04-22T11:34:11Z" data-provider="generator" finished-at="2024-04-22T11:34:11Z">
          <params>
            <param index="0">
              <value>
                <![CDATA[[Point(y=0, x=0), Point(y=0, x=1), Point(y=0, x=2), Point(y=0, x=3), Point(y=0, x=4), Point(y=0, x=5), Point(y=0, x=6), Point(y=0, x=7), Point(y=0, x=8), Point(y=0, x=9), Point(y=1, x=0), Point(y=1, x=1), Point(y=1, x=2), Point(y=1, x=3), Point(y=1, x=4), Point(y=1, x=5), Point(y=1, x=6), Point(y=1, x=7), Point(y=1, x=8), Point(y=1, x=9), Point(y=2, x=0), Point(y=2, x=1), Point(y=2, x=2), Point(y=2, x=3), Point(y=2, x=4), Point(y=2, x=5), Point(y=2, x=6), Point(y=2, x=7), Point(y=2, x=8), Point(y=2, x=9), Point(y=3, x=0), Point(y=3, x=1), Point(y=3, x=2), Point(y=3, x=3), Point(y=3, x=4), Point(y=3, x=5), Point(y=3, x=6), Point(y=3, x=7), Point(y=3, x=8), Point(y=3, x=9), Point(y=4, x=0), Point(y=4, x=1), Point(y=4, x=2), Point(y=4, x=3), Point(y=4, x=4), Point(y=4, x=5), Point(y=4, x=6), Point(y=4, x=7), Point(y=4, x=8), Point(y=4, x=9), Point(y=5, x=0), Point(y=5, x=1), Point(y=5, x=2), Point(y=5, x=3), Point(y=5, x=4), Point(y=5, x=6), Point(y=5, x=7), Point(y=5, x=8), Point(y=5, x=9), Point(y=6, x=0), Point(y=6, x=1), Point(y=6, x=2), Point(y=6, x=3), Point(y=6, x=4), Point(y=6, x=5), Point(y=6, x=6), Point(y=6, x=7), Point(y=6, x=8), Point(y=6, x=9), Point(y=7, x=0), Point(y=7, x=1), Point(y=7, x=2), Point(y=7, x=3), Point(y=7, x=4), Point(y=7, x=5), Point(y=7, x=6), Point(y=7, x=7), Point(y=7, x=8), Point(y=7, x=9), Point(y=8, x=0), Point(y=8, x=1), Point(y=8, x=2), Point(y=8, x=3), Point(y=8, x=4), Point(y=8, x=5), Point(y=8, x=6), Point(y=8, x=7), Point(y=8, x=8), Point(y=8, x=9), Point(y=9, x=0), Point(y=9, x=1), Point(y=9, x=2), Point(y=9, x=3), Point(y=9, x=4), Point(y=9, x=5), Point(y=9, x=6), Point(y=9, x=7), Point(y=9, x=8), Point(y=9, x=9), Point(y=10, x=0), Point(y=10, x=1), Point(y=10, x=2), Point(y=10, x=3), Point(y=10, x=4), Point(y=10, x=5), Point(y=10, x=6), Point(y=10, x=7), Point(y=10, x=8), Point(y=10, x=9), Point(y=11, x=0), Point(y=11, x=1), Point(y=11, x=2), Point(y=11, x=3), Point(y=11, x=4), Point(y=11, x=5), Point(y=11, x=6), Point(y=11, x=7), Point(y=11, x=8), Point(y=11, x=9), Point(y=12, x=0), Point(y=12, x=1), Point(y=12, x=2), Point(y=12, x=3), Point(y=12, x=4), Point(y=12, x=5), Point(y=12, x=6), Point(y=12, x=7), Point(y=12, x=8), Point(y=12, x=9), Point(y=13, x=0), Point(y=13, x=1), Point(y=13, x=2), Point(y=13, x=3), Point(y=13, x=4), Point(y=13, x=5), Point(y=13, x=6), Point(y=13, x=7), Point(y=13, x=8), Point(y=13, x=9), Point(y=14, x=0), Point(y=14, x=1), Point(y=14, x=2), Point(y=14, x=3), Point(y=14, x=4), Point(y=14, x=5), Point(y=14, x=6), Point(y=14, x=7), Point(y=14, x=8), Point(y=14, x=9), Point(y=15, x=0), Point(y=15, x=1), Point(y=15, x=2), Point(y=15, x=3), Point(y=15, x=4), Point(y=15, x=5), Point(y=15, x=6), Point(y=15, x=7), Point(y=15, x=8), Point(y=15, x=9), Point(y=16, x=0), Point(y=16, x=1), Point(y=16, x=2), Point(y=16, x=3), Point(y=16, x=4), Point(y=16, x=5), Point(y=16, x=6), Point(y=16, x=7), Point(y=16, x=8), Point(y=16, x=9), Point(y=17, x=0), Point(y=17, x=1), Point(y=17, x=2), Point(y=17, x=3), Point(y=17, x=4), Point(y=17, x=5), Point(y=17, x=6), Point(y=17, x=7), Point(y=17, x=8), Point(y=17, x=9), Point(y=18, x=0), Point(y=18, x=1), Point(y=18, x=2), Point(y=18, x=3), Point(y=18, x=4), Point(y=18, x=5), Point(y=18, x=6), Point(y=18, x=7), Point(y=18, x=8), Point(y=18, x=9), Point(y=19, x=0), Point(y=19, x=1), Point(y=19, x=2), Point(y=19, x=3), Point(y=19, x=4), Point(y=19, x=5), Point(y=19, x=6), Point(y=19, x=7), Point(y=19, x=8), Point(y=19, x=9)]]]>
              </value>
            </param>
            <param index="1">
              <value>
                <![CDATA[Point(y=5, x=5)]]>
              </value>
            </param>
          </params>
          <reporter-output>
          </reporter-output>
        </test-method> <!-- testNextPoint -->
        <test-method status="PASS" signature="testNextPoint(java.util.List, com.github.vitalibo.brickgame.game.Point)[pri:0, instance:com.github.vitalibo.brickgame.game.snake.MouseTest@25b2fe]" name="testNextPoint" duration-ms="0" started-at="2024-04-22T11:34:11Z" data-provider="generator" finished-at="2024-04-22T11:34:11Z">
          <params>
            <param index="0">
              <value>
                <![CDATA[[Point(y=0, x=0), Point(y=0, x=1), Point(y=0, x=2), Point(y=0, x=3), Point(y=0, x=4), Point(y=0, x=5), Point(y=0, x=6), Point(y=0, x=7), Point(y=0, x=8), Point(y=0, x=9), Point(y=1, x=0), Point(y=1, x=1), Point(y=1, x=2), Point(y=1, x=3), Point(y=1, x=4), Point(y=1, x=5), Point(y=1, x=6), Point(y=1, x=7), Point(y=1, x=8), Point(y=1, x=9), Point(y=2, x=0), Point(y=2, x=1), Point(y=2, x=2), Point(y=2, x=3), Point(y=2, x=4), Point(y=2, x=5), Point(y=2, x=6), Point(y=2, x=7), Point(y=2, x=8), Point(y=2, x=9), Point(y=3, x=0), Point(y=3, x=1), Point(y=3, x=2), Point(y=3, x=3), Point(y=3, x=4), Point(y=3, x=5), Point(y=3, x=6), Point(y=3, x=7), Point(y=3, x=8), Point(y=3, x=9), Point(y=4, x=0), Point(y=4, x=1), Point(y=4, x=2), Point(y=4, x=3), Point(y=4, x=4), Point(y=4, x=5), Point(y=4, x=6), Point(y=4, x=7), Point(y=4, x=8), Point(y=4, x=9), Point(y=5, x=0), Point(y=5, x=1), Point(y=5, x=2), Point(y=5, x=3), Point(y=5, x=4), Point(y=5, x=5), Point(y=5, x=6), Point(y=5, x=7), Point(y=5, x=8), Point(y=5, x=9), Point(y=6, x=0), Point(y=6, x=1), Point(y=6, x=2), Point(y=6, x=3), Point(y=6, x=4), Point(y=6, x=5), Point(y=6, x=6), Point(y=6, x=7), Point(y=6, x=8), Point(y=6, x=9), Point(y=7, x=0), Point(y=7, x=1), Point(y=7, x=2), Point(y=7, x=3), Point(y=7, x=4), Point(y=7, x=5), Point(y=7, x=6), Point(y=7, x=7), Point(y=7, x=8), Point(y=7, x=9), Point(y=8, x=0), Point(y=8, x=1), Point(y=8, x=2), Point(y=8, x=3), Point(y=8, x=4), Point(y=8, x=5), Point(y=8, x=6), Point(y=8, x=7), Point(y=8, x=8), Point(y=8, x=9), Point(y=9, x=0), Point(y=9, x=1), Point(y=9, x=2), Point(y=9, x=3), Point(y=9, x=4), Point(y=9, x=5), Point(y=9, x=6), Point(y=9, x=7), Point(y=9, x=8), Point(y=9, x=9), Point(y=10, x=0), Point(y=10, x=1), Point(y=10, x=2), Point(y=10, x=3), Point(y=10, x=4), Point(y=10, x=5), Point(y=10, x=6), Point(y=10, x=7), Point(y=10, x=8), Point(y=10, x=9), Point(y=11, x=0), Point(y=11, x=1), Point(y=11, x=2), Point(y=11, x=3), Point(y=11, x=4), Point(y=11, x=5), Point(y=11, x=6), Point(y=11, x=7), Point(y=11, x=8), Point(y=11, x=9), Point(y=12, x=1), Point(y=12, x=2), Point(y=12, x=3), Point(y=12, x=4), Point(y=12, x=5), Point(y=12, x=6), Point(y=12, x=7), Point(y=12, x=8), Point(y=12, x=9), Point(y=13, x=0), Point(y=13, x=1), Point(y=13, x=2), Point(y=13, x=3), Point(y=13, x=4), Point(y=13, x=5), Point(y=13, x=6), Point(y=13, x=7), Point(y=13, x=8), Point(y=13, x=9), Point(y=14, x=0), Point(y=14, x=1), Point(y=14, x=2), Point(y=14, x=3), Point(y=14, x=4), Point(y=14, x=5), Point(y=14, x=6), Point(y=14, x=7), Point(y=14, x=8), Point(y=14, x=9), Point(y=15, x=0), Point(y=15, x=1), Point(y=15, x=2), Point(y=15, x=3), Point(y=15, x=4), Point(y=15, x=5), Point(y=15, x=6), Point(y=15, x=7), Point(y=15, x=8), Point(y=15, x=9), Point(y=16, x=0), Point(y=16, x=1), Point(y=16, x=2), Point(y=16, x=3), Point(y=16, x=4), Point(y=16, x=5), Point(y=16, x=6), Point(y=16, x=7), Point(y=16, x=8), Point(y=16, x=9), Point(y=17, x=0), Point(y=17, x=1), Point(y=17, x=2), Point(y=17, x=3), Point(y=17, x=4), Point(y=17, x=5), Point(y=17, x=6), Point(y=17, x=7), Point(y=17, x=8), Point(y=17, x=9), Point(y=18, x=0), Point(y=18, x=1), Point(y=18, x=2), Point(y=18, x=3), Point(y=18, x=4), Point(y=18, x=5), Point(y=18, x=6), Point(y=18, x=7), Point(y=18, x=8), Point(y=18, x=9), Point(y=19, x=0), Point(y=19, x=1), Point(y=19, x=2), Point(y=19, x=3), Point(y=19, x=4), Point(y=19, x=5), Point(y=19, x=6), Point(y=19, x=7), Point(y=19, x=8), Point(y=19, x=9)]]]>
              </value>
            </param>
            <param index="1">
              <value>
                <![CDATA[Point(y=12, x=0)]]>
              </value>
            </param>
          </params>
          <reporter-output>
          </reporter-output>
        </test-method> <!-- testNextPoint -->
        <test-method status="PASS" signature="setUp()[pri:0, instance:com.github.vitalibo.brickgame.game.snake.MouseTest@25b2fe]" name="setUp" is-config="true" duration-ms="0" started-at="2024-04-22T11:34:11Z" finished-at="2024-04-22T11:34:11Z">
          <reporter-output>
          </reporter-output>
        </test-method> <!-- setUp -->
        <test-method status="PASS" signature="setUp()[pri:0, instance:com.github.vitalibo.brickgame.game.snake.MouseTest@25b2fe]" name="setUp" is-config="true" duration-ms="0" started-at="2024-04-22T11:34:11Z" finished-at="2024-04-22T11:34:11Z">
          <reporter-output>
          </reporter-output>
        </test-method> <!-- setUp -->
        <test-method status="PASS" signature="testNextPoint(java.util.List, com.github.vitalibo.brickgame.game.Point)[pri:0, instance:com.github.vitalibo.brickgame.game.snake.MouseTest@25b2fe]" name="testNextPoint" duration-ms="1" started-at="2024-04-22T11:34:11Z" data-provider="generator" finished-at="2024-04-22T11:34:11Z">
          <params>
            <param index="0">
              <value>
                <![CDATA[[Point(y=0, x=0), Point(y=0, x=1), Point(y=0, x=2), Point(y=0, x=3), Point(y=0, x=4), Point(y=0, x=5), Point(y=0, x=6), Point(y=0, x=7), Point(y=0, x=8), Point(y=0, x=9), Point(y=1, x=0), Point(y=1, x=1), Point(y=1, x=2), Point(y=1, x=3), Point(y=1, x=4), Point(y=1, x=5), Point(y=1, x=6), Point(y=1, x=7), Point(y=1, x=8), Point(y=1, x=9), Point(y=2, x=0), Point(y=2, x=1), Point(y=2, x=2), Point(y=2, x=3), Point(y=2, x=4), Point(y=2, x=5), Point(y=2, x=6), Point(y=2, x=7), Point(y=2, x=8), Point(y=2, x=9), Point(y=3, x=0), Point(y=3, x=1), Point(y=3, x=2), Point(y=3, x=3), Point(y=3, x=4), Point(y=3, x=5), Point(y=3, x=6), Point(y=3, x=7), Point(y=3, x=8), Point(y=3, x=9), Point(y=4, x=0), Point(y=4, x=1), Point(y=4, x=2), Point(y=4, x=3), Point(y=4, x=4), Point(y=4, x=5), Point(y=4, x=6), Point(y=4, x=7), Point(y=4, x=8), Point(y=4, x=9), Point(y=5, x=0), Point(y=5, x=1), Point(y=5, x=2), Point(y=5, x=3), Point(y=5, x=4), Point(y=5, x=5), Point(y=5, x=6), Point(y=5, x=7), Point(y=5, x=8), Point(y=5, x=9), Point(y=6, x=0), Point(y=6, x=1), Point(y=6, x=2), Point(y=6, x=3), Point(y=6, x=4), Point(y=6, x=5), Point(y=6, x=6), Point(y=6, x=7), Point(y=6, x=8), Point(y=6, x=9), Point(y=7, x=0), Point(y=7, x=1), Point(y=7, x=2), Point(y=7, x=3), Point(y=7, x=4), Point(y=7, x=5), Point(y=7, x=6), Point(y=7, x=7), Point(y=7, x=8), Point(y=7, x=9), Point(y=8, x=0), Point(y=8, x=1), Point(y=8, x=2), Point(y=8, x=3), Point(y=8, x=4), Point(y=8, x=5), Point(y=8, x=6), Point(y=8, x=7), Point(y=8, x=8), Point(y=8, x=9), Point(y=9, x=0), Point(y=9, x=1), Point(y=9, x=2), Point(y=9, x=3), Point(y=9, x=4), Point(y=9, x=5), Point(y=9, x=6), Point(y=9, x=7), Point(y=9, x=8), Point(y=9, x=9), Point(y=10, x=0), Point(y=10, x=1), Point(y=10, x=2), Point(y=10, x=3), Point(y=10, x=4), Point(y=10, x=5), Point(y=10, x=6), Point(y=10, x=7), Point(y=10, x=8), Point(y=10, x=9), Point(y=11, x=0), Point(y=11, x=1), Point(y=11, x=2), Point(y=11, x=3), Point(y=11, x=4), Point(y=11, x=5), Point(y=11, x=6), Point(y=11, x=7), Point(y=11, x=8), Point(y=11, x=9), Point(y=12, x=0), Point(y=12, x=1), Point(y=12, x=2), Point(y=12, x=3), Point(y=12, x=4), Point(y=12, x=5), Point(y=12, x=6), Point(y=12, x=7), Point(y=12, x=8), Point(y=12, x=9), Point(y=13, x=0), Point(y=13, x=1), Point(y=13, x=2), Point(y=13, x=3), Point(y=13, x=4), Point(y=13, x=5), Point(y=13, x=6), Point(y=13, x=7), Point(y=13, x=8), Point(y=13, x=9), Point(y=14, x=0), Point(y=14, x=1), Point(y=14, x=2), Point(y=14, x=3), Point(y=14, x=4), Point(y=14, x=5), Point(y=14, x=6), Point(y=14, x=7), Point(y=14, x=8), Point(y=14, x=9), Point(y=15, x=0), Point(y=15, x=1), Point(y=15, x=2), Point(y=15, x=3), Point(y=15, x=4), Point(y=15, x=5), Point(y=15, x=6), Point(y=15, x=7), Point(y=15, x=8), Point(y=15, x=9), Point(y=16, x=0), Point(y=16, x=1), Point(y=16, x=2), Point(y=16, x=3), Point(y=16, x=4), Point(y=16, x=5), Point(y=16, x=6), Point(y=16, x=7), Point(y=16, x=8), Point(y=16, x=9), Point(y=17, x=0), Point(y=17, x=1), Point(y=17, x=2), Point(y=17, x=3), Point(y=17, x=4), Point(y=17, x=5), Point(y=17, x=6), Point(y=17, x=7), Point(y=17, x=8), Point(y=17, x=9), Point(y=18, x=0), Point(y=18, x=1), Point(y=18, x=2), Point(y=18, x=3), Point(y=18, x=4), Point(y=18, x=5), Point(y=18, x=6), Point(y=18, x=7), Point(y=18, x=8), Point(y=18, x=9), Point(y=19, x=0), Point(y=19, x=1), Point(y=19, x=2), Point(y=19, x=3), Point(y=19, x=5), Point(y=19, x=6), Point(y=19, x=7), Point(y=19, x=8), Point(y=19, x=9)]]]>
              </value>
            </param>
            <param index="1">
              <value>
                <![CDATA[Point(y=19, x=4)]]>
              </value>
            </param>
          </params>
          <reporter-output>
          </reporter-output>
        </test-method> <!-- testNextPoint -->
        <test-method status="PASS" signature="testNextPoint(java.util.List, com.github.vitalibo.brickgame.game.Point)[pri:0, instance:com.github.vitalibo.brickgame.game.snake.MouseTest@25b2fe]" name="testNextPoint" duration-ms="0" started-at="2024-04-22T11:34:11Z" data-provider="generator" finished-at="2024-04-22T11:34:11Z">
          <params>
            <param index="0">
              <value>
                <![CDATA[[Point(y=0, x=0), Point(y=0, x=1), Point(y=0, x=2), Point(y=0, x=3), Point(y=0, x=4), Point(y=0, x=5), Point(y=0, x=6), Point(y=0, x=7), Point(y=0, x=8), Point(y=0, x=9), Point(y=1, x=0), Point(y=1, x=1), Point(y=1, x=2), Point(y=1, x=3), Point(y=1, x=4), Point(y=1, x=5), Point(y=1, x=6), Point(y=1, x=7), Point(y=1, x=8), Point(y=1, x=9), Point(y=2, x=0), Point(y=2, x=1), Point(y=2, x=2), Point(y=2, x=3), Point(y=2, x=4), Point(y=2, x=5), Point(y=2, x=6), Point(y=2, x=7), Point(y=2, x=8), Point(y=2, x=9), Point(y=3, x=0), Point(y=3, x=1), Point(y=3, x=2), Point(y=3, x=3), Point(y=3, x=4), Point(y=3, x=5), Point(y=3, x=6), Point(y=3, x=7), Point(y=3, x=8), Point(y=3, x=9), Point(y=4, x=0), Point(y=4, x=1), Point(y=4, x=2), Point(y=4, x=3), Point(y=4, x=4), Point(y=4, x=5), Point(y=4, x=6), Point(y=4, x=7), Point(y=4, x=8), Point(y=4, x=9), Point(y=5, x=0), Point(y=5, x=1), Point(y=5, x=2), Point(y=5, x=3), Point(y=5, x=4), Point(y=5, x=5), Point(y=5, x=6), Point(y=5, x=7), Point(y=5, x=8), Point(y=5, x=9), Point(y=6, x=0), Point(y=6, x=1), Point(y=6, x=2), Point(y=6, x=3), Point(y=6, x=4), Point(y=6, x=5), Point(y=6, x=6), Point(y=6, x=7), Point(y=6, x=8), Point(y=6, x=9), Point(y=7, x=0), Point(y=7, x=1), Point(y=7, x=2), Point(y=7, x=3), Point(y=7, x=4), Point(y=7, x=5), Point(y=7, x=6), Point(y=7, x=7), Point(y=7, x=8), Point(y=7, x=9), Point(y=8, x=0), Point(y=8, x=1), Point(y=8, x=2), Point(y=8, x=3), Point(y=8, x=4), Point(y=8, x=5), Point(y=8, x=6), Point(y=8, x=7), Point(y=8, x=8), Point(y=8, x=9), Point(y=9, x=0), Point(y=9, x=1), Point(y=9, x=2), Point(y=9, x=3), Point(y=9, x=4), Point(y=9, x=5), Point(y=9, x=6), Point(y=9, x=7), Point(y=9, x=8), Point(y=9, x=9), Point(y=10, x=0), Point(y=10, x=1), Point(y=10, x=2), Point(y=10, x=3), Point(y=10, x=4), Point(y=10, x=5), Point(y=10, x=6), Point(y=10, x=7), Point(y=10, x=8), Point(y=10, x=9), Point(y=11, x=0), Point(y=11, x=1), Point(y=11, x=2), Point(y=11, x=3), Point(y=11, x=4), Point(y=11, x=5), Point(y=11, x=6), Point(y=11, x=7), Point(y=11, x=8), Point(y=11, x=9), Point(y=12, x=0), Point(y=12, x=1), Point(y=12, x=2), Point(y=12, x=3), Point(y=12, x=4), Point(y=12, x=5), Point(y=12, x=6), Point(y=12, x=7), Point(y=12, x=8), Point(y=12, x=9), Point(y=13, x=0), Point(y=13, x=1), Point(y=13, x=2), Point(y=13, x=3), Point(y=13, x=4), Point(y=13, x=5), Point(y=13, x=6), Point(y=13, x=8), Point(y=13, x=9), Point(y=14, x=0), Point(y=14, x=1), Point(y=14, x=2), Point(y=14, x=3), Point(y=14, x=4), Point(y=14, x=5), Point(y=14, x=6), Point(y=14, x=7), Point(y=14, x=8), Point(y=14, x=9), Point(y=15, x=0), Point(y=15, x=1), Point(y=15, x=2), Point(y=15, x=3), Point(y=15, x=4), Point(y=15, x=5), Point(y=15, x=6), Point(y=15, x=7), Point(y=15, x=8), Point(y=15, x=9), Point(y=16, x=0), Point(y=16, x=1), Point(y=16, x=2), Point(y=16, x=3), Point(y=16, x=4), Point(y=16, x=5), Point(y=16, x=6), Point(y=16, x=7), Point(y=16, x=8), Point(y=16, x=9), Point(y=17, x=0), Point(y=17, x=1), Point(y=17, x=2), Point(y=17, x=3), Point(y=17, x=4), Point(y=17, x=5), Point(y=17, x=6), Point(y=17, x=7), Point(y=17, x=8), Point(y=17, x=9), Point(y=18, x=0), Point(y=18, x=1), Point(y=18, x=2), Point(y=18, x=3), Point(y=18, x=4), Point(y=18, x=5), Point(y=18, x=6), Point(y=18, x=7), Point(y=18, x=8), Point(y=18, x=9), Point(y=19, x=0), Point(y=19, x=1), Point(y=19, x=2), Point(y=19, x=3), Point(y=19, x=4), Point(y=19, x=5), Point(y=19, x=6), Point(y=19, x=7), Point(y=19, x=8), Point(y=19, x=9)]]]>
              </value>
            </param>
            <param index="1">
              <value>
                <![CDATA[Point(y=13, x=7)]]>
              </value>
            </param>
          </params>
          <reporter-output>
          </reporter-output>
        </test-method> <!-- testNextPoint -->
        <test-method status="PASS" signature="setUp()[pri:0, instance:com.github.vitalibo.brickgame.game.snake.MouseTest@25b2fe]" name="setUp" is-config="true" duration-ms="0" started-at="2024-04-22T11:34:11Z" finished-at="2024-04-22T11:34:11Z">
          <reporter-output>
          </reporter-output>
        </test-method> <!-- setUp -->
        <test-method status="PASS" signature="setUp()[pri:0, instance:com.github.vitalibo.brickgame.game.snake.MouseTest@25b2fe]" name="setUp" is-config="true" duration-ms="0" started-at="2024-04-22T11:34:11Z" finished-at="2024-04-22T11:34:11Z">
          <reporter-output>
          </reporter-output>
        </test-method> <!-- setUp -->
        <test-method status="PASS" signature="testNextPoint(java.util.List, com.github.vitalibo.brickgame.game.Point)[pri:0, instance:com.github.vitalibo.brickgame.game.snake.MouseTest@25b2fe]" name="testNextPoint" duration-ms="1" started-at="2024-04-22T11:34:11Z" data-provider="generator" finished-at="2024-04-22T11:34:11Z">
          <params>
            <param index="0">
              <value>
                <![CDATA[[Point(y=0, x=0), Point(y=0, x=1), Point(y=0, x=2), Point(y=0, x=3), Point(y=0, x=4), Point(y=0, x=5), Point(y=0, x=6), Point(y=0, x=7), Point(y=0, x=8), Point(y=0, x=9), Point(y=1, x=0), Point(y=1, x=1), Point(y=1, x=2), Point(y=1, x=3), Point(y=1, x=4), Point(y=1, x=5), Point(y=1, x=6), Point(y=1, x=7), Point(y=1, x=8), Point(y=1, x=9), Point(y=2, x=0), Point(y=2, x=1), Point(y=2, x=2), Point(y=2, x=3), Point(y=2, x=4), Point(y=2, x=5), Point(y=2, x=6), Point(y=2, x=7), Point(y=2, x=8), Point(y=2, x=9), Point(y=3, x=0), Point(y=3, x=1), Point(y=3, x=2), Point(y=3, x=3), Point(y=3, x=4), Point(y=3, x=5), Point(y=3, x=6), Point(y=3, x=7), Point(y=3, x=8), Point(y=3, x=9), Point(y=4, x=0), Point(y=4, x=1), Point(y=4, x=2), Point(y=4, x=3), Point(y=4, x=4), Point(y=4, x=5), Point(y=4, x=6), Point(y=4, x=7), Point(y=4, x=8), Point(y=4, x=9), Point(y=5, x=0), Point(y=5, x=1), Point(y=5, x=2), Point(y=5, x=3), Point(y=5, x=4), Point(y=5, x=5), Point(y=5, x=6), Point(y=5, x=7), Point(y=5, x=8), Point(y=5, x=9), Point(y=6, x=0), Point(y=6, x=1), Point(y=6, x=2), Point(y=6, x=3), Point(y=6, x=4), Point(y=6, x=5), Point(y=6, x=6), Point(y=6, x=7), Point(y=6, x=8), Point(y=6, x=9), Point(y=7, x=0), Point(y=7, x=1), Point(y=7, x=2), Point(y=7, x=3), Point(y=7, x=4), Point(y=7, x=5), Point(y=7, x=6), Point(y=7, x=7), Point(y=7, x=8), Point(y=7, x=9), Point(y=8, x=0), Point(y=8, x=1), Point(y=8, x=2), Point(y=8, x=3), Point(y=8, x=4), Point(y=8, x=5), Point(y=8, x=6), Point(y=8, x=7), Point(y=8, x=8), Point(y=8, x=9), Point(y=9, x=0), Point(y=9, x=1), Point(y=9, x=2), Point(y=9, x=3), Point(y=9, x=4), Point(y=9, x=5), Point(y=9, x=6), Point(y=9, x=7), Point(y=9, x=8), Point(y=9, x=9), Point(y=10, x=0), Point(y=10, x=1), Point(y=10, x=2), Point(y=10, x=3), Point(y=10, x=4), Point(y=10, x=5), Point(y=10, x=6), Point(y=10, x=7), Point(y=10, x=8), Point(y=10, x=9), Point(y=11, x=0), Point(y=11, x=1), Point(y=11, x=2), Point(y=11, x=3), Point(y=11, x=4), Point(y=11, x=5), Point(y=11, x=6), Point(y=11, x=7), Point(y=11, x=8), Point(y=11, x=9), Point(y=12, x=0), Point(y=12, x=1), Point(y=12, x=2), Point(y=12, x=3), Point(y=12, x=4), Point(y=12, x=5), Point(y=12, x=6), Point(y=12, x=7), Point(y=12, x=8), Point(y=12, x=9), Point(y=13, x=0), Point(y=13, x=1), Point(y=13, x=2), Point(y=13, x=3), Point(y=13, x=4), Point(y=13, x=5), Point(y=13, x=6), Point(y=13, x=7), Point(y=13, x=8), Point(y=13, x=9), Point(y=14, x=0), Point(y=14, x=1), Point(y=14, x=2), Point(y=14, x=3), Point(y=14, x=4), Point(y=14, x=5), Point(y=14, x=6), Point(y=14, x=7), Point(y=14, x=8), Point(y=14, x=9), Point(y=15, x=0), Point(y=15, x=1), Point(y=15, x=2), Point(y=15, x=3), Point(y=15, x=4), Point(y=15, x=5), Point(y=15, x=6), Point(y=15, x=7), Point(y=15, x=8), Point(y=15, x=9), Point(y=16, x=0), Point(y=16, x=1), Point(y=16, x=2), Point(y=16, x=3), Point(y=16, x=4), Point(y=16, x=5), Point(y=16, x=6), Point(y=16, x=7), Point(y=16, x=8), Point(y=16, x=9), Point(y=17, x=0), Point(y=17, x=1), Point(y=17, x=3), Point(y=17, x=4), Point(y=17, x=5), Point(y=17, x=6), Point(y=17, x=7), Point(y=17, x=8), Point(y=17, x=9), Point(y=18, x=0), Point(y=18, x=1), Point(y=18, x=2), Point(y=18, x=3), Point(y=18, x=4), Point(y=18, x=5), Point(y=18, x=6), Point(y=18, x=7), Point(y=18, x=8), Point(y=18, x=9), Point(y=19, x=0), Point(y=19, x=1), Point(y=19, x=2), Point(y=19, x=3), Point(y=19, x=4), Point(y=19, x=5), Point(y=19, x=6), Point(y=19, x=7), Point(y=19, x=8), Point(y=19, x=9)]]]>
              </value>
            </param>
            <param index="1">
              <value>
                <![CDATA[Point(y=17, x=2)]]>
              </value>
            </param>
          </params>
          <reporter-output>
          </reporter-output>
        </test-method> <!-- testNextPoint -->
        <test-method status="PASS" signature="setUp()[pri:0, instance:com.github.vitalibo.brickgame.game.snake.MouseTest@25b2fe]" name="setUp" is-config="true" duration-ms="0" started-at="2024-04-22T11:34:11Z" finished-at="2024-04-22T11:34:11Z">
          <reporter-output>
          </reporter-output>
        </test-method> <!-- setUp -->
        <test-method status="PASS" signature="testNextPoint(java.util.List, com.github.vitalibo.brickgame.game.Point)[pri:0, instance:com.github.vitalibo.brickgame.game.snake.MouseTest@25b2fe]" name="testNextPoint" duration-ms="0" started-at="2024-04-22T11:34:11Z" data-provider="generator" finished-at="2024-04-22T11:34:11Z">
          <params>
            <param index="0">
              <value>
                <![CDATA[[Point(y=0, x=0), Point(y=0, x=1), Point(y=0, x=2), Point(y=0, x=3), Point(y=0, x=4), Point(y=0, x=5), Point(y=0, x=6), Point(y=0, x=7), Point(y=0, x=8), Point(y=0, x=9), Point(y=1, x=0), Point(y=1, x=1), Point(y=1, x=2), Point(y=1, x=3), Point(y=1, x=4), Point(y=1, x=5), Point(y=1, x=6), Point(y=1, x=7), Point(y=1, x=8), Point(y=1, x=9), Point(y=2, x=0), Point(y=2, x=1), Point(y=2, x=2), Point(y=2, x=3), Point(y=2, x=4), Point(y=2, x=5), Point(y=2, x=6), Point(y=2, x=7), Point(y=2, x=8), Point(y=2, x=9), Point(y=3, x=0), Point(y=3, x=1), Point(y=3, x=2), Point(y=3, x=3), Point(y=3, x=4), Point(y=3, x=5), Point(y=3, x=6), Point(y=3, x=7), Point(y=3, x=8), Point(y=3, x=9), Point(y=4, x=0), Point(y=4, x=1), Point(y=4, x=2), Point(y=4, x=3), Point(y=4, x=4), Point(y=4, x=5), Point(y=4, x=6), Point(y=4, x=7), Point(y=4, x=8), Point(y=4, x=9), Point(y=5, x=0), Point(y=5, x=1), Point(y=5, x=2), Point(y=5, x=3), Point(y=5, x=4), Point(y=5, x=5), Point(y=5, x=6), Point(y=5, x=7), Point(y=5, x=8), Point(y=5, x=9), Point(y=6, x=0), Point(y=6, x=1), Point(y=6, x=2), Point(y=6, x=3), Point(y=6, x=4), Point(y=6, x=5), Point(y=6, x=6), Point(y=6, x=7), Point(y=6, x=8), Point(y=6, x=9), Point(y=7, x=0), Point(y=7, x=1), Point(y=7, x=2), Point(y=7, x=3), Point(y=7, x=4), Point(y=7, x=5), Point(y=7, x=6), Point(y=7, x=7), Point(y=7, x=8), Point(y=7, x=9), Point(y=8, x=0), Point(y=8, x=1), Point(y=8, x=2), Point(y=8, x=3), Point(y=8, x=4), Point(y=8, x=5), Point(y=8, x=6), Point(y=8, x=7), Point(y=8, x=8), Point(y=8, x=9), Point(y=9, x=0), Point(y=9, x=1), Point(y=9, x=2), Point(y=9, x=3), Point(y=9, x=4), Point(y=9, x=5), Point(y=9, x=6), Point(y=9, x=7), Point(y=9, x=8), Point(y=9, x=9), Point(y=10, x=0), Point(y=10, x=2), Point(y=10, x=3), Point(y=10, x=4), Point(y=10, x=5), Point(y=10, x=6), Point(y=10, x=7), Point(y=10, x=8), Point(y=10, x=9), Point(y=11, x=0), Point(y=11, x=1), Point(y=11, x=2), Point(y=11, x=3), Point(y=11, x=4), Point(y=11, x=5), Point(y=11, x=6), Point(y=11, x=7), Point(y=11, x=8), Point(y=11, x=9), Point(y=12, x=0), Point(y=12, x=1), Point(y=12, x=2), Point(y=12, x=3), Point(y=12, x=4), Point(y=12, x=5), Point(y=12, x=6), Point(y=12, x=7), Point(y=12, x=8), Point(y=12, x=9), Point(y=13, x=0), Point(y=13, x=1), Point(y=13, x=2), Point(y=13, x=3), Point(y=13, x=4), Point(y=13, x=5), Point(y=13, x=6), Point(y=13, x=7), Point(y=13, x=8), Point(y=13, x=9), Point(y=14, x=0), Point(y=14, x=1), Point(y=14, x=2), Point(y=14, x=3), Point(y=14, x=4), Point(y=14, x=5), Point(y=14, x=6), Point(y=14, x=7), Point(y=14, x=8), Point(y=14, x=9), Point(y=15, x=0), Point(y=15, x=1), Point(y=15, x=2), Point(y=15, x=3), Point(y=15, x=4), Point(y=15, x=5), Point(y=15, x=6), Point(y=15, x=7), Point(y=15, x=8), Point(y=15, x=9), Point(y=16, x=0), Point(y=16, x=1), Point(y=16, x=2), Point(y=16, x=3), Point(y=16, x=4), Point(y=16, x=5), Point(y=16, x=6), Point(y=16, x=7), Point(y=16, x=8), Point(y=16, x=9), Point(y=17, x=0), Point(y=17, x=1), Point(y=17, x=2), Point(y=17, x=3), Point(y=17, x=4), Point(y=17, x=5), Point(y=17, x=6), Point(y=17, x=7), Point(y=17, x=8), Point(y=17, x=9), Point(y=18, x=0), Point(y=18, x=1), Point(y=18, x=2), Point(y=18, x=3), Point(y=18, x=4), Point(y=18, x=5), Point(y=18, x=6), Point(y=18, x=7), Point(y=18, x=8), Point(y=18, x=9), Point(y=19, x=0), Point(y=19, x=1), Point(y=19, x=2), Point(y=19, x=3), Point(y=19, x=4), Point(y=19, x=5), Point(y=19, x=6), Point(y=19, x=7), Point(y=19, x=8), Point(y=19, x=9)]]]>
              </value>
            </param>
            <param index="1">
              <value>
                <![CDATA[Point(y=10, x=1)]]>
              </value>
            </param>
          </params>
          <reporter-output>
          </reporter-output>
        </test-method> <!-- testNextPoint -->
        <test-method status="PASS" signature="testNextPoint(java.util.List, com.github.vitalibo.brickgame.game.Point)[pri:0, instance:com.github.vitalibo.brickgame.game.snake.MouseTest@25b2fe]" name="testNextPoint" duration-ms="2" started-at="2024-04-22T11:34:11Z" data-provider="generator" finished-at="2024-04-22T11:34:11Z">
          <params>
            <param index="0">
              <value>
                <![CDATA[[Point(y=0, x=0), Point(y=0, x=1), Point(y=0, x=2), Point(y=0, x=3), Point(y=0, x=4), Point(y=0, x=5), Point(y=0, x=6), Point(y=0, x=7), Point(y=0, x=8), Point(y=0, x=9), Point(y=1, x=0), Point(y=1, x=1), Point(y=1, x=2), Point(y=1, x=3), Point(y=1, x=4), Point(y=1, x=5), Point(y=1, x=6), Point(y=1, x=7), Point(y=1, x=8), Point(y=1, x=9), Point(y=2, x=0), Point(y=2, x=1), Point(y=2, x=2), Point(y=2, x=3), Point(y=2, x=4), Point(y=2, x=5), Point(y=2, x=6), Point(y=2, x=7), Point(y=2, x=8), Point(y=2, x=9), Point(y=3, x=0), Point(y=3, x=1), Point(y=3, x=2), Point(y=3, x=3), Point(y=3, x=4), Point(y=3, x=5), Point(y=3, x=6), Point(y=3, x=7), Point(y=3, x=8), Point(y=3, x=9), Point(y=4, x=0), Point(y=4, x=1), Point(y=4, x=2), Point(y=4, x=3), Point(y=4, x=4), Point(y=4, x=5), Point(y=4, x=6), Point(y=4, x=7), Point(y=4, x=8), Point(y=4, x=9), Point(y=5, x=0), Point(y=5, x=1), Point(y=5, x=2), Point(y=5, x=3), Point(y=5, x=4), Point(y=5, x=5), Point(y=5, x=6), Point(y=5, x=7), Point(y=5, x=8), Point(y=5, x=9), Point(y=6, x=0), Point(y=6, x=1), Point(y=6, x=2), Point(y=6, x=3), Point(y=6, x=4), Point(y=6, x=5), Point(y=6, x=6), Point(y=6, x=7), Point(y=6, x=8), Point(y=6, x=9), Point(y=7, x=0), Point(y=7, x=1), Point(y=7, x=2), Point(y=7, x=3), Point(y=7, x=4), Point(y=7, x=5), Point(y=7, x=6), Point(y=7, x=7), Point(y=7, x=8), Point(y=7, x=9), Point(y=8, x=0), Point(y=8, x=1), Point(y=8, x=2), Point(y=8, x=3), Point(y=8, x=4), Point(y=8, x=5), Point(y=8, x=6), Point(y=8, x=7), Point(y=8, x=8), Point(y=8, x=9), Point(y=9, x=0), Point(y=9, x=1), Point(y=9, x=2), Point(y=9, x=3), Point(y=9, x=4), Point(y=9, x=5), Point(y=9, x=6), Point(y=9, x=7), Point(y=9, x=8), Point(y=9, x=9), Point(y=10, x=0), Point(y=10, x=1), Point(y=10, x=2), Point(y=10, x=3), Point(y=10, x=4), Point(y=10, x=5), Point(y=10, x=6), Point(y=10, x=7), Point(y=10, x=8), Point(y=10, x=9), Point(y=11, x=0), Point(y=11, x=1), Point(y=11, x=2), Point(y=11, x=4), Point(y=11, x=5), Point(y=11, x=6), Point(y=11, x=7), Point(y=11, x=8), Point(y=11, x=9), Point(y=12, x=0), Point(y=12, x=1), Point(y=12, x=2), Point(y=12, x=3), Point(y=12, x=4), Point(y=12, x=5), Point(y=12, x=6), Point(y=12, x=7), Point(y=12, x=8), Point(y=12, x=9), Point(y=13, x=0), Point(y=13, x=1), Point(y=13, x=2), Point(y=13, x=3), Point(y=13, x=4), Point(y=13, x=5), Point(y=13, x=6), Point(y=13, x=7), Point(y=13, x=8), Point(y=13, x=9), Point(y=14, x=0), Point(y=14, x=1), Point(y=14, x=2), Point(y=14, x=3), Point(y=14, x=4), Point(y=14, x=5), Point(y=14, x=6), Point(y=14, x=7), Point(y=14, x=8), Point(y=14, x=9), Point(y=15, x=0), Point(y=15, x=1), Point(y=15, x=2), Point(y=15, x=3), Point(y=15, x=4), Point(y=15, x=5), Point(y=15, x=6), Point(y=15, x=7), Point(y=15, x=8), Point(y=15, x=9), Point(y=16, x=0), Point(y=16, x=1), Point(y=16, x=2), Point(y=16, x=3), Point(y=16, x=4), Point(y=16, x=5), Point(y=16, x=6), Point(y=16, x=7), Point(y=16, x=8), Point(y=16, x=9), Point(y=17, x=0), Point(y=17, x=1), Point(y=17, x=2), Point(y=17, x=3), Point(y=17, x=4), Point(y=17, x=5), Point(y=17, x=6), Point(y=17, x=7), Point(y=17, x=8), Point(y=17, x=9), Point(y=18, x=0), Point(y=18, x=1), Point(y=18, x=2), Point(y=18, x=3), Point(y=18, x=4), Point(y=18, x=5), Point(y=18, x=6), Point(y=18, x=7), Point(y=18, x=8), Point(y=18, x=9), Point(y=19, x=0), Point(y=19, x=1), Point(y=19, x=2), Point(y=19, x=3), Point(y=19, x=4), Point(y=19, x=5), Point(y=19, x=6), Point(y=19, x=7), Point(y=19, x=8), Point(y=19, x=9)]]]>
              </value>
            </param>
            <param index="1">
              <value>
                <![CDATA[Point(y=11, x=3)]]>
              </value>
            </param>
          </params>
          <reporter-output>
          </reporter-output>
        </test-method> <!-- testNextPoint -->
        <test-method status="PASS" signature="testNextPoint(java.util.List, com.github.vitalibo.brickgame.game.Point)[pri:0, instance:com.github.vitalibo.brickgame.game.snake.MouseTest@25b2fe]" name="testNextPoint" duration-ms="0" started-at="2024-04-22T11:34:11Z" data-provider="generator" finished-at="2024-04-22T11:34:11Z">
          <params>
            <param index="0">
              <value>
                <![CDATA[[Point(y=0, x=0), Point(y=0, x=1), Point(y=0, x=2), Point(y=0, x=3), Point(y=0, x=4), Point(y=0, x=5), Point(y=0, x=6), Point(y=0, x=7), Point(y=0, x=8), Point(y=0, x=9), Point(y=1, x=0), Point(y=1, x=1), Point(y=1, x=2), Point(y=1, x=3), Point(y=1, x=4), Point(y=1, x=5), Point(y=1, x=6), Point(y=1, x=7), Point(y=1, x=8), Point(y=1, x=9), Point(y=2, x=0), Point(y=2, x=1), Point(y=2, x=2), Point(y=2, x=3), Point(y=2, x=4), Point(y=2, x=5), Point(y=2, x=6), Point(y=2, x=7), Point(y=2, x=8), Point(y=2, x=9), Point(y=3, x=0), Point(y=3, x=2), Point(y=3, x=3), Point(y=3, x=4), Point(y=3, x=5), Point(y=3, x=6), Point(y=3, x=7), Point(y=3, x=8), Point(y=3, x=9), Point(y=4, x=0), Point(y=4, x=1), Point(y=4, x=2), Point(y=4, x=3), Point(y=4, x=4), Point(y=4, x=5), Point(y=4, x=6), Point(y=4, x=7), Point(y=4, x=8), Point(y=4, x=9), Point(y=5, x=0), Point(y=5, x=1), Point(y=5, x=2), Point(y=5, x=3), Point(y=5, x=4), Point(y=5, x=5), Point(y=5, x=6), Point(y=5, x=7), Point(y=5, x=8), Point(y=5, x=9), Point(y=6, x=0), Point(y=6, x=1), Point(y=6, x=2), Point(y=6, x=3), Point(y=6, x=4), Point(y=6, x=5), Point(y=6, x=6), Point(y=6, x=7), Point(y=6, x=8), Point(y=6, x=9), Point(y=7, x=0), Point(y=7, x=1), Point(y=7, x=2), Point(y=7, x=3), Point(y=7, x=4), Point(y=7, x=5), Point(y=7, x=6), Point(y=7, x=7), Point(y=7, x=8), Point(y=7, x=9), Point(y=8, x=0), Point(y=8, x=1), Point(y=8, x=2), Point(y=8, x=3), Point(y=8, x=4), Point(y=8, x=5), Point(y=8, x=6), Point(y=8, x=7), Point(y=8, x=8), Point(y=8, x=9), Point(y=9, x=0), Point(y=9, x=1), Point(y=9, x=2), Point(y=9, x=3), Point(y=9, x=4), Point(y=9, x=5), Point(y=9, x=6), Point(y=9, x=7), Point(y=9, x=8), Point(y=9, x=9), Point(y=10, x=0), Point(y=10, x=1), Point(y=10, x=2), Point(y=10, x=3), Point(y=10, x=4), Point(y=10, x=5), Point(y=10, x=6), Point(y=10, x=7), Point(y=10, x=8), Point(y=10, x=9), Point(y=11, x=0), Point(y=11, x=1), Point(y=11, x=2), Point(y=11, x=3), Point(y=11, x=4), Point(y=11, x=5), Point(y=11, x=6), Point(y=11, x=7), Point(y=11, x=8), Point(y=11, x=9), Point(y=12, x=0), Point(y=12, x=1), Point(y=12, x=2), Point(y=12, x=3), Point(y=12, x=4), Point(y=12, x=5), Point(y=12, x=6), Point(y=12, x=7), Point(y=12, x=8), Point(y=12, x=9), Point(y=13, x=0), Point(y=13, x=1), Point(y=13, x=2), Point(y=13, x=3), Point(y=13, x=4), Point(y=13, x=5), Point(y=13, x=6), Point(y=13, x=7), Point(y=13, x=8), Point(y=13, x=9), Point(y=14, x=0), Point(y=14, x=1), Point(y=14, x=2), Point(y=14, x=3), Point(y=14, x=4), Point(y=14, x=5), Point(y=14, x=6), Point(y=14, x=7), Point(y=14, x=8), Point(y=14, x=9), Point(y=15, x=0), Point(y=15, x=1), Point(y=15, x=2), Point(y=15, x=3), Point(y=15, x=4), Point(y=15, x=5), Point(y=15, x=6), Point(y=15, x=7), Point(y=15, x=8), Point(y=15, x=9), Point(y=16, x=0), Point(y=16, x=1), Point(y=16, x=2), Point(y=16, x=3), Point(y=16, x=4), Point(y=16, x=5), Point(y=16, x=6), Point(y=16, x=7), Point(y=16, x=8), Point(y=16, x=9), Point(y=17, x=0), Point(y=17, x=1), Point(y=17, x=2), Point(y=17, x=3), Point(y=17, x=4), Point(y=17, x=5), Point(y=17, x=6), Point(y=17, x=7), Point(y=17, x=8), Point(y=17, x=9), Point(y=18, x=0), Point(y=18, x=1), Point(y=18, x=2), Point(y=18, x=3), Point(y=18, x=4), Point(y=18, x=5), Point(y=18, x=6), Point(y=18, x=7), Point(y=18, x=8), Point(y=18, x=9), Point(y=19, x=0), Point(y=19, x=1), Point(y=19, x=2), Point(y=19, x=3), Point(y=19, x=4), Point(y=19, x=5), Point(y=19, x=6), Point(y=19, x=7), Point(y=19, x=8), Point(y=19, x=9)]]]>
              </value>
            </param>
            <param index="1">
              <value>
                <![CDATA[Point(y=3, x=1)]]>
              </value>
            </param>
          </params>
          <reporter-output>
          </reporter-output>
        </test-method> <!-- testNextPoint -->
        <test-method status="PASS" signature="setUp()[pri:0, instance:com.github.vitalibo.brickgame.game.snake.MouseTest@25b2fe]" name="setUp" is-config="true" duration-ms="0" started-at="2024-04-22T11:34:11Z" finished-at="2024-04-22T11:34:11Z">
          <reporter-output>
          </reporter-output>
        </test-method> <!-- setUp -->
        <test-method status="PASS" signature="setUp()[pri:0, instance:com.github.vitalibo.brickgame.game.snake.MouseTest@25b2fe]" name="setUp" is-config="true" duration-ms="0" started-at="2024-04-22T11:34:11Z" finished-at="2024-04-22T11:34:11Z">
          <reporter-output>
          </reporter-output>
        </test-method> <!-- setUp -->
        <test-method status="PASS" signature="testNextPoint(java.util.List, com.github.vitalibo.brickgame.game.Point)[pri:0, instance:com.github.vitalibo.brickgame.game.snake.MouseTest@25b2fe]" name="testNextPoint" duration-ms="0" started-at="2024-04-22T11:34:11Z" data-provider="generator" finished-at="2024-04-22T11:34:11Z">
          <params>
            <param index="0">
              <value>
                <![CDATA[[Point(y=0, x=0), Point(y=0, x=1), Point(y=0, x=2), Point(y=0, x=3), Point(y=0, x=4), Point(y=0, x=5), Point(y=0, x=6), Point(y=0, x=7), Point(y=0, x=8), Point(y=0, x=9), Point(y=1, x=0), Point(y=1, x=1), Point(y=1, x=2), Point(y=1, x=3), Point(y=1, x=4), Point(y=1, x=5), Point(y=1, x=6), Point(y=1, x=7), Point(y=1, x=8), Point(y=1, x=9), Point(y=2, x=0), Point(y=2, x=1), Point(y=2, x=2), Point(y=2, x=3), Point(y=2, x=4), Point(y=2, x=5), Point(y=2, x=6), Point(y=2, x=7), Point(y=2, x=8), Point(y=2, x=9), Point(y=3, x=0), Point(y=3, x=1), Point(y=3, x=2), Point(y=3, x=3), Point(y=3, x=4), Point(y=3, x=5), Point(y=3, x=6), Point(y=3, x=7), Point(y=3, x=8), Point(y=3, x=9), Point(y=4, x=0), Point(y=4, x=1), Point(y=4, x=2), Point(y=4, x=3), Point(y=4, x=4), Point(y=4, x=5), Point(y=4, x=6), Point(y=4, x=7), Point(y=4, x=8), Point(y=4, x=9), Point(y=5, x=0), Point(y=5, x=1), Point(y=5, x=2), Point(y=5, x=3), Point(y=5, x=4), Point(y=5, x=5), Point(y=5, x=6), Point(y=5, x=7), Point(y=5, x=8), Point(y=5, x=9), Point(y=6, x=0), Point(y=6, x=1), Point(y=6, x=2), Point(y=6, x=3), Point(y=6, x=4), Point(y=6, x=5), Point(y=6, x=6), Point(y=6, x=7), Point(y=6, x=8), Point(y=6, x=9), Point(y=7, x=0), Point(y=7, x=1), Point(y=7, x=2), Point(y=7, x=3), Point(y=7, x=4), Point(y=7, x=5), Point(y=7, x=6), Point(y=7, x=7), Point(y=7, x=8), Point(y=7, x=9), Point(y=8, x=0), Point(y=8, x=1), Point(y=8, x=2), Point(y=8, x=3), Point(y=8, x=4), Point(y=8, x=5), Point(y=8, x=6), Point(y=8, x=7), Point(y=8, x=8), Point(y=8, x=9), Point(y=9, x=0), Point(y=9, x=1), Point(y=9, x=2), Point(y=9, x=3), Point(y=9, x=4), Point(y=9, x=5), Point(y=9, x=6), Point(y=9, x=7), Point(y=9, x=8), Point(y=9, x=9), Point(y=10, x=0), Point(y=10, x=1), Point(y=10, x=2), Point(y=10, x=3), Point(y=10, x=4), Point(y=10, x=5), Point(y=10, x=6), Point(y=10, x=7), Point(y=10, x=8), Point(y=10, x=9), Point(y=11, x=0), Point(y=11, x=1), Point(y=11, x=2), Point(y=11, x=3), Point(y=11, x=4), Point(y=11, x=5), Point(y=11, x=6), Point(y=11, x=7), Point(y=11, x=8), Point(y=11, x=9), Point(y=12, x=0), Point(y=12, x=1), Point(y=12, x=2), Point(y=12, x=3), Point(y=12, x=4), Point(y=12, x=5), Point(y=12, x=6), Point(y=12, x=7), Point(y=12, x=8), Point(y=12, x=9), Point(y=13, x=0), Point(y=13, x=1), Point(y=13, x=2), Point(y=13, x=3), Point(y=13, x=4), Point(y=13, x=5), Point(y=13, x=6), Point(y=13, x=7), Point(y=13, x=8), Point(y=13, x=9), Point(y=14, x=0), Point(y=14, x=1), Point(y=14, x=2), Point(y=14, x=3), Point(y=14, x=4), Point(y=14, x=5), Point(y=14, x=6), Point(y=14, x=7), Point(y=14, x=8), Point(y=14, x=9), Point(y=15, x=0), Point(y=15, x=1), Point(y=15, x=2), Point(y=15, x=3), Point(y=15, x=4), Point(y=15, x=5), Point(y=15, x=6), Point(y=15, x=7), Point(y=15, x=8), Point(y=15, x=9), Point(y=16, x=0), Point(y=16, x=1), Point(y=16, x=2), Point(y=16, x=3), Point(y=16, x=4), Point(y=16, x=5), Point(y=16, x=6), Point(y=16, x=7), Point(y=16, x=8), Point(y=16, x=9), Point(y=17, x=0), Point(y=17, x=1), Point(y=17, x=2), Point(y=17, x=3), Point(y=17, x=4), Point(y=17, x=5), Point(y=17, x=6), Point(y=17, x=7), Point(y=17, x=8), Point(y=17, x=9), Point(y=18, x=0), Point(y=18, x=1), Point(y=18, x=2), Point(y=18, x=3), Point(y=18, x=4), Point(y=18, x=5), Point(y=18, x=6), Point(y=18, x=7), Point(y=18, x=8), Point(y=18, x=9), Point(y=19, x=0), Point(y=19, x=1), Point(y=19, x=2), Point(y=19, x=4), Point(y=19, x=5), Point(y=19, x=6), Point(y=19, x=7), Point(y=19, x=8), Point(y=19, x=9)]]]>
              </value>
            </param>
            <param index="1">
              <value>
                <![CDATA[Point(y=19, x=3)]]>
              </value>
            </param>
          </params>
          <reporter-output>
          </reporter-output>
        </test-method> <!-- testNextPoint -->
        <test-method status="PASS" signature="setUp()[pri:0, instance:com.github.vitalibo.brickgame.game.snake.MouseTest@25b2fe]" name="setUp" is-config="true" duration-ms="0" started-at="2024-04-22T11:34:11Z" finished-at="2024-04-22T11:34:11Z">
          <reporter-output>
          </reporter-output>
        </test-method> <!-- setUp -->
        <test-method status="PASS" signature="setUp()[pri:0, instance:com.github.vitalibo.brickgame.game.snake.MouseTest@25b2fe]" name="setUp" is-config="true" duration-ms="0" started-at="2024-04-22T11:34:11Z" finished-at="2024-04-22T11:34:11Z">
          <reporter-output>
          </reporter-output>
        </test-method> <!-- setUp -->
        <test-method status="PASS" signature="testNextPoint(java.util.List, com.github.vitalibo.brickgame.game.Point)[pri:0, instance:com.github.vitalibo.brickgame.game.snake.MouseTest@25b2fe]" name="testNextPoint" duration-ms="0" started-at="2024-04-22T11:34:11Z" data-provider="generator" finished-at="2024-04-22T11:34:11Z">
          <params>
            <param index="0">
              <value>
                <![CDATA[[Point(y=0, x=0), Point(y=0, x=1), Point(y=0, x=2), Point(y=0, x=3), Point(y=0, x=4), Point(y=0, x=5), Point(y=0, x=6), Point(y=0, x=7), Point(y=0, x=8), Point(y=0, x=9), Point(y=1, x=0), Point(y=1, x=1), Point(y=1, x=3), Point(y=1, x=4), Point(y=1, x=5), Point(y=1, x=6), Point(y=1, x=7), Point(y=1, x=8), Point(y=1, x=9), Point(y=2, x=0), Point(y=2, x=1), Point(y=2, x=2), Point(y=2, x=3), Point(y=2, x=4), Point(y=2, x=5), Point(y=2, x=6), Point(y=2, x=7), Point(y=2, x=8), Point(y=2, x=9), Point(y=3, x=0), Point(y=3, x=1), Point(y=3, x=2), Point(y=3, x=3), Point(y=3, x=4), Point(y=3, x=5), Point(y=3, x=6), Point(y=3, x=7), Point(y=3, x=8), Point(y=3, x=9), Point(y=4, x=0), Point(y=4, x=1), Point(y=4, x=2), Point(y=4, x=3), Point(y=4, x=4), Point(y=4, x=5), Point(y=4, x=6), Point(y=4, x=7), Point(y=4, x=8), Point(y=4, x=9), Point(y=5, x=0), Point(y=5, x=1), Point(y=5, x=2), Point(y=5, x=3), Point(y=5, x=4), Point(y=5, x=5), Point(y=5, x=6), Point(y=5, x=7), Point(y=5, x=8), Point(y=5, x=9), Point(y=6, x=0), Point(y=6, x=1), Point(y=6, x=2), Point(y=6, x=3), Point(y=6, x=4), Point(y=6, x=5), Point(y=6, x=6), Point(y=6, x=7), Point(y=6, x=8), Point(y=6, x=9), Point(y=7, x=0), Point(y=7, x=1), Point(y=7, x=2), Point(y=7, x=3), Point(y=7, x=4), Point(y=7, x=5), Point(y=7, x=6), Point(y=7, x=7), Point(y=7, x=8), Point(y=7, x=9), Point(y=8, x=0), Point(y=8, x=1), Point(y=8, x=2), Point(y=8, x=3), Point(y=8, x=4), Point(y=8, x=5), Point(y=8, x=6), Point(y=8, x=7), Point(y=8, x=8), Point(y=8, x=9), Point(y=9, x=0), Point(y=9, x=1), Point(y=9, x=2), Point(y=9, x=3), Point(y=9, x=4), Point(y=9, x=5), Point(y=9, x=6), Point(y=9, x=7), Point(y=9, x=8), Point(y=9, x=9), Point(y=10, x=0), Point(y=10, x=1), Point(y=10, x=2), Point(y=10, x=3), Point(y=10, x=4), Point(y=10, x=5), Point(y=10, x=6), Point(y=10, x=7), Point(y=10, x=8), Point(y=10, x=9), Point(y=11, x=0), Point(y=11, x=1), Point(y=11, x=2), Point(y=11, x=3), Point(y=11, x=4), Point(y=11, x=5), Point(y=11, x=6), Point(y=11, x=7), Point(y=11, x=8), Point(y=11, x=9), Point(y=12, x=0), Point(y=12, x=1), Point(y=12, x=2), Point(y=12, x=3), Point(y=12, x=4), Point(y=12, x=5), Point(y=12, x=6), Point(y=12, x=7), Point(y=12, x=8), Point(y=12, x=9), Point(y=13, x=0), Point(y=13, x=1), Point(y=13, x=2), Point(y=13, x=3), Point(y=13, x=4), Point(y=13, x=5), Point(y=13, x=6), Point(y=13, x=7), Point(y=13, x=8), Point(y=13, x=9), Point(y=14, x=0), Point(y=14, x=1), Point(y=14, x=2), Point(y=14, x=3), Point(y=14, x=4), Point(y=14, x=5), Point(y=14, x=6), Point(y=14, x=7), Point(y=14, x=8), Point(y=14, x=9), Point(y=15, x=0), Point(y=15, x=1), Point(y=15, x=2), Point(y=15, x=3), Point(y=15, x=4), Point(y=15, x=5), Point(y=15, x=6), Point(y=15, x=7), Point(y=15, x=8), Point(y=15, x=9), Point(y=16, x=0), Point(y=16, x=1), Point(y=16, x=2), Point(y=16, x=3), Point(y=16, x=4), Point(y=16, x=5), Point(y=16, x=6), Point(y=16, x=7), Point(y=16, x=8), Point(y=16, x=9), Point(y=17, x=0), Point(y=17, x=1), Point(y=17, x=2), Point(y=17, x=3), Point(y=17, x=4), Point(y=17, x=5), Point(y=17, x=6), Point(y=17, x=7), Point(y=17, x=8), Point(y=17, x=9), Point(y=18, x=0), Point(y=18, x=1), Point(y=18, x=2), Point(y=18, x=3), Point(y=18, x=4), Point(y=18, x=5), Point(y=18, x=6), Point(y=18, x=7), Point(y=18, x=8), Point(y=18, x=9), Point(y=19, x=0), Point(y=19, x=1), Point(y=19, x=2), Point(y=19, x=3), Point(y=19, x=4), Point(y=19, x=5), Point(y=19, x=6), Point(y=19, x=7), Point(y=19, x=8), Point(y=19, x=9)]]]>
              </value>
            </param>
            <param index="1">
              <value>
                <![CDATA[Point(y=1, x=2)]]>
              </value>
            </param>
          </params>
          <reporter-output>
          </reporter-output>
        </test-method> <!-- testNextPoint -->
        <test-method status="PASS" signature="setUp()[pri:0, instance:com.github.vitalibo.brickgame.game.snake.MouseTest@25b2fe]" name="setUp" is-config="true" duration-ms="0" started-at="2024-04-22T11:34:11Z" finished-at="2024-04-22T11:34:11Z">
          <reporter-output>
          </reporter-output>
        </test-method> <!-- setUp -->
        <test-method status="PASS" signature="testNextPoint(java.util.List, com.github.vitalibo.brickgame.game.Point)[pri:0, instance:com.github.vitalibo.brickgame.game.snake.MouseTest@25b2fe]" name="testNextPoint" duration-ms="1" started-at="2024-04-22T11:34:11Z" data-provider="generator" finished-at="2024-04-22T11:34:11Z">
          <params>
            <param index="0">
              <value>
                <![CDATA[[Point(y=0, x=0), Point(y=0, x=1), Point(y=0, x=2), Point(y=0, x=3), Point(y=0, x=4), Point(y=0, x=5), Point(y=0, x=6), Point(y=0, x=7), Point(y=0, x=8), Point(y=0, x=9), Point(y=1, x=0), Point(y=1, x=1), Point(y=1, x=2), Point(y=1, x=3), Point(y=1, x=4), Point(y=1, x=5), Point(y=1, x=6), Point(y=1, x=7), Point(y=1, x=8), Point(y=1, x=9), Point(y=2, x=0), Point(y=2, x=2), Point(y=2, x=3), Point(y=2, x=4), Point(y=2, x=5), Point(y=2, x=6), Point(y=2, x=7), Point(y=2, x=8), Point(y=2, x=9), Point(y=3, x=0), Point(y=3, x=1), Point(y=3, x=2), Point(y=3, x=3), Point(y=3, x=4), Point(y=3, x=5), Point(y=3, x=6), Point(y=3, x=7), Point(y=3, x=8), Point(y=3, x=9), Point(y=4, x=0), Point(y=4, x=1), Point(y=4, x=2), Point(y=4, x=3), Point(y=4, x=4), Point(y=4, x=5), Point(y=4, x=6), Point(y=4, x=7), Point(y=4, x=8), Point(y=4, x=9), Point(y=5, x=0), Point(y=5, x=1), Point(y=5, x=2), Point(y=5, x=3), Point(y=5, x=4), Point(y=5, x=5), Point(y=5, x=6), Point(y=5, x=7), Point(y=5, x=8), Point(y=5, x=9), Point(y=6, x=0), Point(y=6, x=1), Point(y=6, x=2), Point(y=6, x=3), Point(y=6, x=4), Point(y=6, x=5), Point(y=6, x=6), Point(y=6, x=7), Point(y=6, x=8), Point(y=6, x=9), Point(y=7, x=0), Point(y=7, x=1), Point(y=7, x=2), Point(y=7, x=3), Point(y=7, x=4), Point(y=7, x=5), Point(y=7, x=6), Point(y=7, x=7), Point(y=7, x=8), Point(y=7, x=9), Point(y=8, x=0), Point(y=8, x=1), Point(y=8, x=2), Point(y=8, x=3), Point(y=8, x=4), Point(y=8, x=5), Point(y=8, x=6), Point(y=8, x=7), Point(y=8, x=8), Point(y=8, x=9), Point(y=9, x=0), Point(y=9, x=1), Point(y=9, x=2), Point(y=9, x=3), Point(y=9, x=4), Point(y=9, x=5), Point(y=9, x=6), Point(y=9, x=7), Point(y=9, x=8), Point(y=9, x=9), Point(y=10, x=0), Point(y=10, x=1), Point(y=10, x=2), Point(y=10, x=3), Point(y=10, x=4), Point(y=10, x=5), Point(y=10, x=6), Point(y=10, x=7), Point(y=10, x=8), Point(y=10, x=9), Point(y=11, x=0), Point(y=11, x=1), Point(y=11, x=2), Point(y=11, x=3), Point(y=11, x=4), Point(y=11, x=5), Point(y=11, x=6), Point(y=11, x=7), Point(y=11, x=8), Point(y=11, x=9), Point(y=12, x=0), Point(y=12, x=1), Point(y=12, x=2), Point(y=12, x=3), Point(y=12, x=4), Point(y=12, x=5), Point(y=12, x=6), Point(y=12, x=7), Point(y=12, x=8), Point(y=12, x=9), Point(y=13, x=0), Point(y=13, x=1), Point(y=13, x=2), Point(y=13, x=3), Point(y=13, x=4), Point(y=13, x=5), Point(y=13, x=6), Point(y=13, x=7), Point(y=13, x=8), Point(y=13, x=9), Point(y=14, x=0), Point(y=14, x=1), Point(y=14, x=2), Point(y=14, x=3), Point(y=14, x=4), Point(y=14, x=5), Point(y=14, x=6), Point(y=14, x=7), Point(y=14, x=8), Point(y=14, x=9), Point(y=15, x=0), Point(y=15, x=1), Point(y=15, x=2), Point(y=15, x=3), Point(y=15, x=4), Point(y=15, x=5), Point(y=15, x=6), Point(y=15, x=7), Point(y=15, x=8), Point(y=15, x=9), Point(y=16, x=0), Point(y=16, x=1), Point(y=16, x=2), Point(y=16, x=3), Point(y=16, x=4), Point(y=16, x=5), Point(y=16, x=6), Point(y=16, x=7), Point(y=16, x=8), Point(y=16, x=9), Point(y=17, x=0), Point(y=17, x=1), Point(y=17, x=2), Point(y=17, x=3), Point(y=17, x=4), Point(y=17, x=5), Point(y=17, x=6), Point(y=17, x=7), Point(y=17, x=8), Point(y=17, x=9), Point(y=18, x=0), Point(y=18, x=1), Point(y=18, x=2), Point(y=18, x=3), Point(y=18, x=4), Point(y=18, x=5), Point(y=18, x=6), Point(y=18, x=7), Point(y=18, x=8), Point(y=18, x=9), Point(y=19, x=0), Point(y=19, x=1), Point(y=19, x=2), Point(y=19, x=3), Point(y=19, x=4), Point(y=19, x=5), Point(y=19, x=6), Point(y=19, x=7), Point(y=19, x=8), Point(y=19, x=9)]]]>
              </value>
            </param>
            <param index="1">
              <value>
                <![CDATA[Point(y=2, x=1)]]>
              </value>
            </param>
          </params>
          <reporter-output>
          </reporter-output>
        </test-method> <!-- testNextPoint -->
        <test-method status="PASS" signature="setUp()[pri:0, instance:com.github.vitalibo.brickgame.game.snake.MouseTest@25b2fe]" name="setUp" is-config="true" duration-ms="1" started-at="2024-04-22T11:34:11Z" finished-at="2024-04-22T11:34:11Z">
          <reporter-output>
          </reporter-output>
        </test-method> <!-- setUp -->
        <test-method status="PASS" signature="testNextPoint(java.util.List, com.github.vitalibo.brickgame.game.Point)[pri:0, instance:com.github.vitalibo.brickgame.game.snake.MouseTest@25b2fe]" name="testNextPoint" duration-ms="1" started-at="2024-04-22T11:34:11Z" data-provider="generator" finished-at="2024-04-22T11:34:11Z">
          <params>
            <param index="0">
              <value>
                <![CDATA[[Point(y=0, x=0), Point(y=0, x=1), Point(y=0, x=2), Point(y=0, x=3), Point(y=0, x=4), Point(y=0, x=5), Point(y=0, x=6), Point(y=0, x=7), Point(y=0, x=8), Point(y=0, x=9), Point(y=1, x=0), Point(y=1, x=1), Point(y=1, x=2), Point(y=1, x=3), Point(y=1, x=4), Point(y=1, x=5), Point(y=1, x=6), Point(y=1, x=7), Point(y=1, x=8), Point(y=1, x=9), Point(y=2, x=0), Point(y=2, x=1), Point(y=2, x=2), Point(y=2, x=3), Point(y=2, x=4), Point(y=2, x=5), Point(y=2, x=6), Point(y=2, x=7), Point(y=2, x=8), Point(y=2, x=9), Point(y=3, x=0), Point(y=3, x=1), Point(y=3, x=2), Point(y=3, x=3), Point(y=3, x=4), Point(y=3, x=5), Point(y=3, x=6), Point(y=3, x=7), Point(y=3, x=8), Point(y=3, x=9), Point(y=4, x=0), Point(y=4, x=1), Point(y=4, x=2), Point(y=4, x=3), Point(y=4, x=4), Point(y=4, x=5), Point(y=4, x=6), Point(y=4, x=7), Point(y=4, x=8), Point(y=4, x=9), Point(y=5, x=0), Point(y=5, x=1), Point(y=5, x=2), Point(y=5, x=3), Point(y=5, x=4), Point(y=5, x=5), Point(y=5, x=6), Point(y=5, x=7), Point(y=5, x=8), Point(y=5, x=9), Point(y=6, x=0), Point(y=6, x=1), Point(y=6, x=2), Point(y=6, x=3), Point(y=6, x=4), Point(y=6, x=5), Point(y=6, x=6), Point(y=6, x=7), Point(y=6, x=8), Point(y=6, x=9), Point(y=7, x=0), Point(y=7, x=1), Point(y=7, x=2), Point(y=7, x=3), Point(y=7, x=4), Point(y=7, x=5), Point(y=7, x=6), Point(y=7, x=7), Point(y=7, x=8), Point(y=7, x=9), Point(y=8, x=0), Point(y=8, x=1), Point(y=8, x=2), Point(y=8, x=3), Point(y=8, x=4), Point(y=8, x=5), Point(y=8, x=6), Point(y=8, x=7), Point(y=8, x=8), Point(y=8, x=9), Point(y=9, x=0), Point(y=9, x=1), Point(y=9, x=2), Point(y=9, x=3), Point(y=9, x=4), Point(y=9, x=5), Point(y=9, x=6), Point(y=9, x=7), Point(y=9, x=8), Point(y=9, x=9), Point(y=10, x=0), Point(y=10, x=1), Point(y=10, x=2), Point(y=10, x=3), Point(y=10, x=4), Point(y=10, x=5), Point(y=10, x=6), Point(y=10, x=7), Point(y=10, x=8), Point(y=10, x=9), Point(y=11, x=0), Point(y=11, x=1), Point(y=11, x=2), Point(y=11, x=3), Point(y=11, x=4), Point(y=11, x=5), Point(y=11, x=6), Point(y=11, x=7), Point(y=11, x=8), Point(y=11, x=9), Point(y=12, x=0), Point(y=12, x=1), Point(y=12, x=2), Point(y=12, x=3), Point(y=12, x=5), Point(y=12, x=6), Point(y=12, x=7), Point(y=12, x=8), Point(y=12, x=9), Point(y=13, x=0), Point(y=13, x=1), Point(y=13, x=2), Point(y=13, x=3), Point(y=13, x=4), Point(y=13, x=5), Point(y=13, x=6), Point(y=13, x=7), Point(y=13, x=8), Point(y=13, x=9), Point(y=14, x=0), Point(y=14, x=1), Point(y=14, x=2), Point(y=14, x=3), Point(y=14, x=4), Point(y=14, x=5), Point(y=14, x=6), Point(y=14, x=7), Point(y=14, x=8), Point(y=14, x=9), Point(y=15, x=0), Point(y=15, x=1), Point(y=15, x=2), Point(y=15, x=3), Point(y=15, x=4), Point(y=15, x=5), Point(y=15, x=6), Point(y=15, x=7), Point(y=15, x=8), Point(y=15, x=9), Point(y=16, x=0), Point(y=16, x=1), Point(y=16, x=2), Point(y=16, x=3), Point(y=16, x=4), Point(y=16, x=5), Point(y=16, x=6), Point(y=16, x=7)
[...]
          <reporter-output>
          </reporter-output>
        </test-method> <!-- setUp -->
        <test-method status="PASS" signature="setUp()[pri:0, instance:com.github.vitalibo.brickgame.core.ui.DigitTest@100df86]" name="setUp" is-config="true" duration-ms="0" started-at="2024-04-22T11:34:11Z" finished-at="2024-04-22T11:34:11Z">
          <reporter-output>
          </reporter-output>
        </test-method> <!-- setUp -->
        <test-method status="PASS" signature="setUp()[pri:0, instance:com.github.vitalibo.brickgame.core.ui.DigitTest@100df86]" name="setUp" is-config="true" duration-ms="0" started-at="2024-04-22T11:34:11Z" finished-at="2024-04-22T11:34:11Z">
          <reporter-output>
          </reporter-output>
        </test-method> <!-- setUp -->
        <test-method status="PASS" signature="testPaintDigit(int)[pri:0, instance:com.github.vitalibo.brickgame.core.ui.DigitTest@100df86]" name="testPaintDigit" duration-ms="0" started-at="2024-04-22T11:34:11Z" data-provider="samples" finished-at="2024-04-22T11:34:11Z">
          <params>
            <param index="0">
              <value>
                <![CDATA[6]]>
              </value>
            </param>
          </params>
          <reporter-output>
          </reporter-output>
        </test-method> <!-- testPaintDigit -->
        <test-method status="PASS" signature="setUp()[pri:0, instance:com.github.vitalibo.brickgame.core.ui.DigitTest@100df86]" name="setUp" is-config="true" duration-ms="1" started-at="2024-04-22T11:34:11Z" finished-at="2024-04-22T11:34:11Z">
          <reporter-output>
          </reporter-output>
        </test-method> <!-- setUp -->
        <test-method status="PASS" signature="setUp()[pri:0, instance:com.github.vitalibo.brickgame.core.ui.DigitTest@100df86]" name="setUp" is-config="true" duration-ms="0" started-at="2024-04-22T11:34:11Z" finished-at="2024-04-22T11:34:11Z">
          <reporter-output>
          </reporter-output>
        </test-method> <!-- setUp -->
        <test-method status="PASS" signature="testPaintDigit(int)[pri:0, instance:com.github.vitalibo.brickgame.core.ui.DigitTest@100df86]" name="testPaintDigit" duration-ms="0" started-at="2024-04-22T11:34:11Z" data-provider="samples" finished-at="2024-04-22T11:34:11Z">
          <params>
            <param index="0">
              <value>
                <![CDATA[7]]>
              </value>
            </param>
          </params>
          <reporter-output>
          </reporter-output>
        </test-method> <!-- testPaintDigit -->
        <test-method status="PASS" signature="testPaintDigit(int)[pri:0, instance:com.github.vitalibo.brickgame.core.ui.DigitTest@100df86]" name="testPaintDigit" duration-ms="1" started-at="2024-04-22T11:34:11Z" data-provider="samples" finished-at="2024-04-22T11:34:11Z">
          <params>
            <param index="0">
              <value>
                <![CDATA[8]]>
              </value>
            </param>
          </params>
          <reporter-output>
          </reporter-output>
        </test-method> <!-- testPaintDigit -->
        <test-method status="PASS" signature="testRepaint(int)[pri:0, instance:com.github.vitalibo.brickgame.core.ui.DigitTest@100df86]" name="testRepaint" duration-ms="1" started-at="2024-04-22T11:34:11Z" data-provider="samples" finished-at="2024-04-22T11:34:11Z">
          <params>
            <param index="0">
              <value>
                <![CDATA[0]]>
              </value>
            </param>
          </params>
          <reporter-output>
          </reporter-output>
        </test-method> <!-- testRepaint -->
        <test-method status="PASS" signature="testPaintDigit(int)[pri:0, instance:com.github.vitalibo.brickgame.core.ui.DigitTest@100df86]" name="testPaintDigit" duration-ms="0" started-at="2024-04-22T11:34:11Z" data-provider="samples" finished-at="2024-04-22T11:34:11Z">
          <params>
            <param index="0">
              <value>
                <![CDATA[9]]>
              </value>
            </param>
          </params>
          <reporter-output>
          </reporter-output>
        </test-method> <!-- testPaintDigit -->
        <test-method status="PASS" signature="setUp()[pri:0, instance:com.github.vitalibo.brickgame.core.ui.DigitTest@100df86]" name="setUp" is-config="true" duration-ms="0" started-at="2024-04-22T11:34:11Z" finished-at="2024-04-22T11:34:11Z">
          <reporter-output>
          </reporter-output>
        </test-method> <!-- setUp -->
        <test-method status="PASS" signature="setUp()[pri:0, instance:com.github.vitalibo.brickgame.core.ui.DigitTest@100df86]" name="setUp" is-config="true" duration-ms="0" started-at="2024-04-22T11:34:11Z" finished-at="2024-04-22T11:34:11Z">
          <reporter-output>
          </reporter-output>
        </test-method> <!-- setUp -->
        <test-method status="PASS" signature="setUp()[pri:0, instance:com.github.vitalibo.brickgame.core.ui.DigitTest@100df86]" name="setUp" is-config="true" duration-ms="1" started-at="2024-04-22T11:34:11Z" finished-at="2024-04-22T11:34:11Z">
          <reporter-output>
          </reporter-output>
        </test-method> <!-- setUp -->
        <test-method status="PASS" signature="setUp()[pri:0, instance:com.github.vitalibo.brickgame.core.ui.DigitTest@100df86]" name="setUp" is-config="true" duration-ms="0" started-at="2024-04-22T11:34:11Z" finished-at="2024-04-22T11:34:11Z">
          <reporter-output>
          </reporter-output>
        </test-method> <!-- setUp -->
        <test-method status="PASS" signature="setUp()[pri:0, instance:com.github.vitalibo.brickgame.core.ui.DigitTest@100df86]" name="setUp" is-config="true" duration-ms="0" started-at="2024-04-22T11:34:11Z" finished-at="2024-04-22T11:34:11Z">
          <reporter-output>
          </reporter-output>
        </test-method> <!-- setUp -->
        <test-method status="PASS" signature="testRepaint(int)[pri:0, instance:com.github.vitalibo.brickgame.core.ui.DigitTest@100df86]" name="testRepaint" duration-ms="0" started-at="2024-04-22T11:34:11Z" data-provider="samples" finished-at="2024-04-22T11:34:11Z">
          <params>
            <param index="0">
              <value>
                <![CDATA[2]]>
              </value>
            </param>
          </params>
          <reporter-output>
          </reporter-output>
        </test-method> <!-- testRepaint -->
        <test-method status="PASS" signature="testRepaint(int)[pri:0, instance:com.github.vitalibo.brickgame.core.ui.DigitTest@100df86]" name="testRepaint" duration-ms="0" started-at="2024-04-22T11:34:11Z" data-provider="samples" finished-at="2024-04-22T11:34:11Z">
          <params>
            <param index="0">
              <value>
                <![CDATA[1]]>
              </value>
            </param>
          </params>
          <reporter-output>
          </reporter-output>
        </test-method> <!-- testRepaint -->
        <test-method status="PASS" signature="testRepaint(int)[pri:0, instance:com.github.vitalibo.brickgame.core.ui.DigitTest@100df86]" name="testRepaint" duration-ms="1" started-at="2024-04-22T11:34:11Z" data-provider="samples" finished-at="2024-04-22T11:34:11Z">
          <params>
            <param index="0">
              <value>
                <![CDATA[3]]>
              </value>
            </param>
          </params>
          <reporter-output>
          </reporter-output>
        </test-method> <!-- testRepaint -->
        <test-method status="PASS" signature="testRepaint(int)[pri:0, instance:com.github.vitalibo.brickgame.core.ui.DigitTest@100df86]" name="testRepaint" duration-ms="1" started-at="2024-04-22T11:34:11Z" data-provider="samples" finished-at="2024-04-22T11:34:11Z">
          <params>
            <param index="0">
              <value>
                <![CDATA[4]]>
              </value>
            </param>
          </params>
          <reporter-output>
          </reporter-output>
        </test-method> <!-- testRepaint -->
        <test-method status="PASS" signature="setUp()[pri:0, instance:com.github.vitalibo.brickgame.core.ui.DigitTest@100df86]" name="setUp" is-config="true" duration-ms="0" started-at="2024-04-22T11:34:11Z" finished-at="2024-04-22T11:34:11Z">
          <reporter-output>
          </reporter-output>
        </test-method> <!-- setUp -->
        <test-method status="PASS" signature="testRepaint(int)[pri:0, instance:com.github.vitalibo.brickgame.core.ui.DigitTest@100df86]" name="testRepaint" duration-ms="0" started-at="2024-04-22T11:34:11Z" data-provider="samples" finished-at="2024-04-22T11:34:11Z">
          <params>
            <param index="0">
              <value>
                <![CDATA[5]]>
              </value>
            </param>
          </params>
          <reporter-output>
          </reporter-output>
        </test-method> <!-- testRepaint -->
        <test-method status="PASS" signature="setUp()[pri:0, instance:com.github.vitalibo.brickgame.core.ui.DigitTest@100df86]" name="setUp" is-config="true" duration-ms="0" started-at="2024-04-22T11:34:11Z" finished-at="2024-04-22T11:34:11Z">
          <reporter-output>
          </reporter-output>
        </test-method> <!-- setUp -->
        <test-method status="PASS" signature="setUp()[pri:0, instance:com.github.vitalibo.brickgame.core.ui.DigitTest@100df86]" name="setUp" is-config="true" duration-ms="0" started-at="2024-04-22T11:34:11Z" finished-at="2024-04-22T11:34:11Z">
          <reporter-output>
          </reporter-output>
        </test-method> <!-- setUp -->
        <test-method status="PASS" signature="testRepaint(int)[pri:0, instance:com.github.vitalibo.brickgame.core.ui.DigitTest@100df86]" name="testRepaint" duration-ms="0" started-at="2024-04-22T11:34:11Z" data-provider="samples" finished-at="2024-04-22T11:34:11Z">
          <params>
            <param index="0">
              <value>
                <![CDATA[6]]>
              </value>
            </param>
          </params>
          <reporter-output>
          </reporter-output>
        </test-method> <!-- testRepaint -->
        <test-method status="PASS" signature="testRepaint(int)[pri:0, instance:com.github.vitalibo.brickgame.core.ui.DigitTest@100df86]" name="testRepaint" duration-ms="1" started-at="2024-04-22T11:34:11Z" data-provider="samples" finished-at="2024-04-22T11:34:11Z">
          <params>
            <param index="0">
              <value>
                <![CDATA[9]]>
              </value>
            </param>
          </params>
          <reporter-output>
          </reporter-output>
        </test-method> <!-- testRepaint -->
        <test-method status="PASS" signature="setUp()[pri:0, instance:com.github.vitalibo.brickgame.core.ui.DigitTest@100df86]" name="setUp" is-config="true" duration-ms="0" started-at="2024-04-22T11:34:11Z" finished-at="2024-04-22T11:34:11Z">
          <reporter-output>
          </reporter-output>
        </test-method> <!-- setUp -->
        <test-method status="PASS" signature="setUp()[pri:0, instance:com.github.vitalibo.brickgame.core.ui.DigitTest@100df86]" name="setUp" is-config="true" duration-ms="0" started-at="2024-04-22T11:34:11Z" finished-at="2024-04-22T11:34:11Z">
          <reporter-output>
          </reporter-output>
        </test-method> <!-- setUp -->
        <test-method status="PASS" signature="setUp()[pri:0, instance:com.github.vitalibo.brickgame.core.ui.DigitTest@100df86]" name="setUp" is-config="true" duration-ms="0" started-at="2024-04-22T11:34:11Z" finished-at="2024-04-22T11:34:11Z">
          <reporter-output>
          </reporter-output>
        </test-method> <!-- setUp -->
        <test-method status="PASS" signature="testRepaint(int)[pri:0, instance:com.github.vitalibo.brickgame.core.ui.DigitTest@100df86]" name="testRepaint" duration-ms="0" started-at="2024-04-22T11:34:11Z" data-provider="samples" finished-at="2024-04-22T11:34:11Z">
          <params>
            <param index="0">
              <value>
                <![CDATA[8]]>
              </value>
            </param>
          </params>
          <reporter-output>
          </reporter-output>
        </test-method> <!-- testRepaint -->
        <test-method status="PASS" signature="testRepaint(int)[pri:0, instance:com.github.vitalibo.brickgame.core.ui.DigitTest@100df86]" name="testRepaint" duration-ms="0" started-at="2024-04-22T11:34:11Z" data-provider="samples" finished-at="2024-04-22T11:34:11Z">
          <params>
            <param index="0">
              <value>
                <![CDATA[7]]>
              </value>
            </param>
          </params>
          <reporter-output>
          </reporter-output>
        </test-method> <!-- testRepaint -->
        <test-method status="PASS" signature="testSetIllegalValue(int)[pri:0, instance:com.github.vitalibo.brickgame.core.ui.DigitTest@100df86]" name="testSetIllegalValue" duration-ms="0" started-at="2024-04-22T11:34:11Z" data-provider="samplesIllegalValue" finished-at="2024-04-22T11:34:11Z">
          <params>
            <param index="0">
              <value>
                <![CDATA[-1]]>
              </value>
            </param>
          </params>
          <exception class="java.lang.IllegalArgumentException">
            <message>
              <![CDATA[The value must be in the range 0 - 9.]]>
            </message>
            <full-stacktrace>
              <![CDATA[java.lang.IllegalArgumentException: The value must be in the range 0 - 9.
	at com.github.vitalibo.brickgame.core.ui.NumberPanel$Digit.set(NumberPanel.java:83)
	at com.github.vitalibo.brickgame.core.ui.DigitTest.testSetIllegalValue(DigitTest.java:72)
	at sun.reflect.NativeMethodAccessorImpl.invoke0(Native Method)
	at sun.reflect.NativeMethodAccessorImpl.invoke(NativeMethodAccessorImpl.java:62)
	at sun.reflect.DelegatingMethodAccessorImpl.invoke(DelegatingMethodAccessorImpl.java:43)
	at java.lang.reflect.Method.invoke(Method.java:498)
	at org.testng.internal.MethodInvocationHelper.invokeMethod(MethodInvocationHelper.java:80)
	at org.testng.internal.Invoker.invokeMethod(Invoker.java:714)
	at org.testng.internal.Invoker.invokeTestMethod(Invoker.java:901)
	at org.testng.internal.Invoker.invokeTestMethods(Invoker.java:1231)
	at org.testng.internal.TestMethodWorker.invokeTestMethods(TestMethodWorker.java:127)
	at org.testng.internal.TestMethodWorker.run(TestMethodWorker.java:111)
	at org.testng.TestRunner.privateRun(TestRunner.java:767)
	at org.testng.TestRunner.run(TestRunner.java:617)
	at org.testng.SuiteRunner.runTest(SuiteRunner.java:334)
	at org.testng.SuiteRunner.runSequentially(SuiteRunner.java:329)
	at org.testng.SuiteRunner.privateRun(SuiteRunner.java:291)
	at org.testng.SuiteRunner.run(SuiteRunner.java:240)
	at org.testng.SuiteRunnerWorker.runSuite(SuiteRunnerWorker.java:52)
	at org.testng.SuiteRunnerWorker.run(SuiteRunnerWorker.java:86)
	at org.testng.TestNG.runSuitesSequentially(TestNG.java:1198)
	at org.testng.TestNG.runSuitesLocally(TestNG.java:1123)
	at org.testng.TestNG.run(TestNG.java:1031)
	at org.apache.maven.surefire.testng.TestNGExecutor.run(TestNGExecutor.java:155)
	at org.apache.maven.surefire.testng.TestNGDirectoryTestSuite.executeMulti(TestNGDirectoryTestSuite.java:169)
	at org.apache.maven.surefire.testng.TestNGDirectoryTestSuite.execute(TestNGDirectoryTestSuite.java:88)
	at org.apache.maven.surefire.testng.TestNGProvider.invoke(TestNGProvider.java:137)
	at org.apache.maven.surefire.booter.ForkedBooter.runSuitesInProcess(ForkedBooter.java:385)
	at org.apache.maven.surefire.booter.ForkedBooter.execute(ForkedBooter.java:162)
	at org.apache.maven.surefire.booter.ForkedBooter.run(ForkedBooter.java:507)
	at org.apache.maven.surefire.booter.ForkedBooter.main(ForkedBooter.java:495)
]]>
            </full-stacktrace>
          </exception> <!-- java.lang.IllegalArgumentException -->
          <reporter-output>
          </reporter-output>
        </test-method> <!-- testSetIllegalValue -->
        <test-method status="PASS" signature="setUp()[pri:0, instance:com.github.vitalibo.brickgame.core.ui.DigitTest@100df86]" name="setUp" is-config="true" duration-ms="0" started-at="2024-04-22T11:34:11Z" finished-at="2024-04-22T11:34:11Z">
          <reporter-output>
          </reporter-output>
        </test-method> <!-- setUp -->
        <test-method status="PASS" signature="testSetIllegalValue(int)[pri:0, instance:com.github.vitalibo.brickgame.core.ui.DigitTest@100df86]" name="testSetIllegalValue" duration-ms="0" started-at="2024-04-22T11:34:11Z" data-provider="samplesIllegalValue" finished-at="2024-04-22T11:34:11Z">
          <params>
            <param index="0">
              <value>
                <![CDATA[10]]>
              </value>
            </param>
          </params>
          <exception class="java.lang.IllegalArgumentException">
            <message>
              <![CDATA[The value must be in the range 0 - 9.]]>
            </message>
            <full-stacktrace>
              <![CDATA[java.lang.IllegalArgumentException: The value must be in the range 0 - 9.
	at com.github.vitalibo.brickgame.core.ui.NumberPanel$Digit.set(NumberPanel.java:83)
	at com.github.vitalibo.brickgame.core.ui.DigitTest.testSetIllegalValue(DigitTest.java:72)
	at sun.reflect.NativeMethodAccessorImpl.invoke0(Native Method)
	at sun.reflect.NativeMethodAccessorImpl.invoke(NativeMethodAccessorImpl.java:62)
	at sun.reflect.DelegatingMethodAccessorImpl.invoke(DelegatingMethodAccessorImpl.java:43)
	at java.lang.reflect.Method.invoke(Method.java:498)
	at org.testng.internal.MethodInvocationHelper.invokeMethod(MethodInvocationHelper.java:80)
	at org.testng.internal.Invoker.invokeMethod(Invoker.java:714)
	at org.testng.internal.Invoker.invokeTestMethod(Invoker.java:901)
	at org.testng.internal.Invoker.invokeTestMethods(Invoker.java:1231)
	at org.testng.internal.TestMethodWorker.invokeTestMethods(TestMethodWorker.java:127)
	at org.testng.internal.TestMethodWorker.run(TestMethodWorker.java:111)
	at org.testng.TestRunner.privateRun(TestRunner.java:767)
	at org.testng.TestRunner.run(TestRunner.java:617)
	at org.testng.SuiteRunner.runTest(SuiteRunner.java:334)
	at org.testng.SuiteRunner.runSequentially(SuiteRunner.java:329)
	at org.testng.SuiteRunner.privateRun(SuiteRunner.java:291)
	at org.testng.SuiteRunner.run(SuiteRunner.java:240)
	at org.testng.SuiteRunnerWorker.runSuite(SuiteRunnerWorker.java:52)
	at org.testng.SuiteRunnerWorker.run(SuiteRunnerWorker.java:86)
	at org.testng.TestNG.runSuitesSequentially(TestNG.java:1198)
	at org.testng.TestNG.runSuitesLocally(TestNG.java:1123)
	at org.testng.TestNG.run(TestNG.java:1031)
	at org.apache.maven.surefire.testng.TestNGExecutor.run(TestNGExecutor.java:155)
	at org.apache.maven.surefire.testng.TestNGDirectoryTestSuite.executeMulti(TestNGDirectoryTestSuite.java:169)
	at org.apache.maven.surefire.testng.TestNGDirectoryTestSuite.execute(TestNGDirectoryTestSuite.java:88)
	at org.apache.maven.surefire.testng.TestNGProvider.invoke(TestNGProvider.java:137)
	at org.apache.maven.surefire.booter.ForkedBooter.runSuitesInProcess(ForkedBooter.java:385)
	at org.apache.maven.surefire.booter.ForkedBooter.execute(ForkedBooter.java:162)
	at org.apache.maven.surefire.booter.ForkedBooter.run(ForkedBooter.java:507)
	at org.apache.maven.surefire.booter.ForkedBooter.main(ForkedBooter.java:495)
]]>
            </full-stacktrace>
          </exception> <!-- java.lang.IllegalArgumentException -->
          <reporter-output>
          </reporter-output>
        </test-method> <!-- testSetIllegalValue -->
        <test-method status="PASS" signature="setUp()[pri:0, instance:com.github.vitalibo.brickgame.core.ui.DigitTest@100df86]" name="setUp" is-config="true" duration-ms="0" started-at="2024-04-22T11:34:11Z" finished-at="2024-04-22T11:34:11Z">
          <reporter-output>
          </reporter-output>
        </test-method> <!-- setUp -->
      </class> <!-- com.github.vitalibo.brickgame.core.ui.DigitTest -->
    </test> <!-- Surefire test -->
  </suite> <!-- Surefire suite -->
</testng-results>
